<html>
<head>
<title>TestNG:  Command line test</title>
<link href="../testng.css" rel="stylesheet" type="text/css" />
<link href="../my-testng.css" rel="stylesheet" type="text/css" />

<style type="text/css">
.log { display: none;} 
.stack-trace { display: none;} 
</style>
<script type="text/javascript">
<!--
function flip(e) {
  current = e.style.display;
  if (current == 'block') {
    e.style.display = 'none';
    return 0;
  }
  else {
    e.style.display = 'block';
    return 1;
  }
}

function toggleBox(szDivId, elem, msg1, msg2)
{
  var res = -1;  if (document.getElementById) {
    res = flip(document.getElementById(szDivId));
  }
  else if (document.all) {
    // this is the way old msie versions work
    res = flip(document.all[szDivId]);
  }
  if(elem) {
    if(res == 0) elem.innerHTML = msg1; else elem.innerHTML = msg2;
  }

}

function toggleAllBoxes() {
  if (document.getElementsByTagName) {
    d = document.getElementsByTagName('div');
    for (i = 0; i < d.length; i++) {
      if (d[i].className == 'log') {
        flip(d[i]);
      }
    }
  }
}

// -->
</script>

</head>
<body>
<h2 align='center'>Command line test</h2><table border='1' align="center">
<tr>
<td>Tests passed/Failed/Skipped:</td><td>226/0/0</td>
</tr><tr>
<td>Started on:</td><td>Mon Apr 06 13:22:56 EDT 2015</td>
</tr>
<tr><td>Total time:</td><td>0 seconds (645 ms)</td>
</tr><tr>
<td>Included groups:</td><td></td>
</tr><tr>
<td>Excluded groups:</td><td></td>
</tr>
</table><p/>
<small><i>(Hover the method name to see the test class name)</i></small><p/>
<table width='100%' border='1' class='invocation-passed'>
<tr><td colspan='4' align='center'><b>PASSED TESTS</b></td></tr>
<tr><td><b>Test method</b></td>
<td width="30%"><b>Exception</b></td>
<td width="10%"><b>Time (seconds)</b></td>
<td><b>Instance</b></td>
</tr>
<tr>
<td title='storm.starter.tools.RankableObjectWithFieldsTest.constructorWithNegativeCountAndFieldsShouldThrowIAE()'><b>constructorWithNegativeCountAndFieldsShouldThrowIAE</b><br>Test class: storm.starter.tools.RankableObjectWithFieldsTest</td>
<td><div><pre>java.lang.IllegalArgumentException: The count must be &gt;= 0
	at storm.starter.tools.RankableObjectWithFields.&lt;init&gt;(RankableObjectWithFields.java:46)
	at storm.starter.tools.RankableObjectWithFieldsTest.constructorWithNegativeCountAndFieldsShouldThrowIAE(RankableObjectWithFieldsTest.java:61)
... Removed 34 stack frames</pre></div><a href='#' onClick='toggleBox("stack-trace6476726", this, "Click to show all stack frames", "Click to hide stack frames")'>Click to show all stack frames</a>
<div class='stack-trace' id='stack-trace6476726'><pre>java.lang.IllegalArgumentException: The count must be &gt;= 0
	at storm.starter.tools.RankableObjectWithFields.&lt;init&gt;(RankableObjectWithFields.java:46)
	at storm.starter.tools.RankableObjectWithFieldsTest.constructorWithNegativeCountAndFieldsShouldThrowIAE(RankableObjectWithFieldsTest.java:61)
	at sun.reflect.NativeMethodAccessorImpl.invoke0(Native Method)
	at sun.reflect.NativeMethodAccessorImpl.invoke(NativeMethodAccessorImpl.java:57)
	at sun.reflect.DelegatingMethodAccessorImpl.invoke(DelegatingMethodAccessorImpl.java:43)
	at java.lang.reflect.Method.invoke(Method.java:606)
	at org.testng.internal.MethodInvocationHelper.invokeMethod(MethodInvocationHelper.java:84)
	at org.testng.internal.Invoker.invokeMethod(Invoker.java:714)
	at org.testng.internal.Invoker.invokeTestMethod(Invoker.java:901)
	at org.testng.internal.Invoker.invokeTestMethods(Invoker.java:1231)
	at org.testng.internal.TestMethodWorker.invokeTestMethods(TestMethodWorker.java:127)
	at org.testng.internal.TestMethodWorker.run(TestMethodWorker.java:111)
	at org.testng.TestRunner.privateRun(TestRunner.java:767)
	at org.testng.TestRunner.run(TestRunner.java:617)
	at org.testng.SuiteRunner.runTest(SuiteRunner.java:334)
	at org.testng.SuiteRunner.runSequentially(SuiteRunner.java:329)
	at org.testng.SuiteRunner.privateRun(SuiteRunner.java:291)
	at org.testng.SuiteRunner.run(SuiteRunner.java:240)
	at org.testng.SuiteRunnerWorker.runSuite(SuiteRunnerWorker.java:52)
	at org.testng.SuiteRunnerWorker.run(SuiteRunnerWorker.java:86)
	at org.testng.TestNG.runSuitesSequentially(TestNG.java:1224)
	at org.testng.TestNG.runSuitesLocally(TestNG.java:1149)
	at org.testng.TestNG.run(TestNG.java:1057)
	at org.apache.maven.surefire.testng.TestNGExecutor.run(TestNGExecutor.java:70)
	at org.apache.maven.surefire.testng.TestNGDirectoryTestSuite.executeMulti(TestNGDirectoryTestSuite.java:157)
	at org.apache.maven.surefire.testng.TestNGDirectoryTestSuite.execute(TestNGDirectoryTestSuite.java:97)
	at org.apache.maven.surefire.testng.TestNGProvider.invoke(TestNGProvider.java:111)
	at sun.reflect.NativeMethodAccessorImpl.invoke0(Native Method)
	at sun.reflect.NativeMethodAccessorImpl.invoke(NativeMethodAccessorImpl.java:57)
	at sun.reflect.DelegatingMethodAccessorImpl.invoke(DelegatingMethodAccessorImpl.java:43)
	at java.lang.reflect.Method.invoke(Method.java:606)
	at org.apache.maven.surefire.util.ReflectionUtils.invokeMethodWithArray(ReflectionUtils.java:164)
	at org.apache.maven.surefire.booter.ProviderFactory$ProviderProxy.invoke(ProviderFactory.java:110)
	at org.apache.maven.surefire.booter.SurefireStarter.invokeProvider(SurefireStarter.java:172)
	at org.apache.maven.surefire.booter.SurefireStarter.runSuitesInProcessWhenForked(SurefireStarter.java:104)
	at org.apache.maven.surefire.booter.ForkedBooter.main(ForkedBooter.java:70)
</pre></div></td>
<td>0</td>
<td>storm.starter.tools.RankableObjectWithFieldsTest@ea86e3</td></tr>
<tr>
<td title='storm.starter.tools.RankableObjectWithFieldsTest.constructorWithNegativeCountAndNoFieldsShouldThrowIAE()'><b>constructorWithNegativeCountAndNoFieldsShouldThrowIAE</b><br>Test class: storm.starter.tools.RankableObjectWithFieldsTest</td>
<td><div><pre>java.lang.IllegalArgumentException: The count must be &gt;= 0
	at storm.starter.tools.RankableObjectWithFields.&lt;init&gt;(RankableObjectWithFields.java:46)
	at storm.starter.tools.RankableObjectWithFieldsTest.constructorWithNegativeCountAndNoFieldsShouldThrowIAE(RankableObjectWithFieldsTest.java:55)
... Removed 34 stack frames</pre></div><a href='#' onClick='toggleBox("stack-trace3767291", this, "Click to show all stack frames", "Click to hide stack frames")'>Click to show all stack frames</a>
<div class='stack-trace' id='stack-trace3767291'><pre>java.lang.IllegalArgumentException: The count must be &gt;= 0
	at storm.starter.tools.RankableObjectWithFields.&lt;init&gt;(RankableObjectWithFields.java:46)
	at storm.starter.tools.RankableObjectWithFieldsTest.constructorWithNegativeCountAndNoFieldsShouldThrowIAE(RankableObjectWithFieldsTest.java:55)
	at sun.reflect.NativeMethodAccessorImpl.invoke0(Native Method)
	at sun.reflect.NativeMethodAccessorImpl.invoke(NativeMethodAccessorImpl.java:57)
	at sun.reflect.DelegatingMethodAccessorImpl.invoke(DelegatingMethodAccessorImpl.java:43)
	at java.lang.reflect.Method.invoke(Method.java:606)
	at org.testng.internal.MethodInvocationHelper.invokeMethod(MethodInvocationHelper.java:84)
	at org.testng.internal.Invoker.invokeMethod(Invoker.java:714)
	at org.testng.internal.Invoker.invokeTestMethod(Invoker.java:901)
	at org.testng.internal.Invoker.invokeTestMethods(Invoker.java:1231)
	at org.testng.internal.TestMethodWorker.invokeTestMethods(TestMethodWorker.java:127)
	at org.testng.internal.TestMethodWorker.run(TestMethodWorker.java:111)
	at org.testng.TestRunner.privateRun(TestRunner.java:767)
	at org.testng.TestRunner.run(TestRunner.java:617)
	at org.testng.SuiteRunner.runTest(SuiteRunner.java:334)
	at org.testng.SuiteRunner.runSequentially(SuiteRunner.java:329)
	at org.testng.SuiteRunner.privateRun(SuiteRunner.java:291)
	at org.testng.SuiteRunner.run(SuiteRunner.java:240)
	at org.testng.SuiteRunnerWorker.runSuite(SuiteRunnerWorker.java:52)
	at org.testng.SuiteRunnerWorker.run(SuiteRunnerWorker.java:86)
	at org.testng.TestNG.runSuitesSequentially(TestNG.java:1224)
	at org.testng.TestNG.runSuitesLocally(TestNG.java:1149)
	at org.testng.TestNG.run(TestNG.java:1057)
	at org.apache.maven.surefire.testng.TestNGExecutor.run(TestNGExecutor.java:70)
	at org.apache.maven.surefire.testng.TestNGDirectoryTestSuite.executeMulti(TestNGDirectoryTestSuite.java:157)
	at org.apache.maven.surefire.testng.TestNGDirectoryTestSuite.execute(TestNGDirectoryTestSuite.java:97)
	at org.apache.maven.surefire.testng.TestNGProvider.invoke(TestNGProvider.java:111)
	at sun.reflect.NativeMethodAccessorImpl.invoke0(Native Method)
	at sun.reflect.NativeMethodAccessorImpl.invoke(NativeMethodAccessorImpl.java:57)
	at sun.reflect.DelegatingMethodAccessorImpl.invoke(DelegatingMethodAccessorImpl.java:43)
	at java.lang.reflect.Method.invoke(Method.java:606)
	at org.apache.maven.surefire.util.ReflectionUtils.invokeMethodWithArray(ReflectionUtils.java:164)
	at org.apache.maven.surefire.booter.ProviderFactory$ProviderProxy.invoke(ProviderFactory.java:110)
	at org.apache.maven.surefire.booter.SurefireStarter.invokeProvider(SurefireStarter.java:172)
	at org.apache.maven.surefire.booter.SurefireStarter.runSuitesInProcessWhenForked(SurefireStarter.java:104)
	at org.apache.maven.surefire.booter.ForkedBooter.main(ForkedBooter.java:70)
</pre></div></td>
<td>0</td>
<td>storm.starter.tools.RankableObjectWithFieldsTest@ea86e3</td></tr>
<tr>
<td title='storm.starter.tools.RankingsTest.constructorWithNegativeOrZeroTopNShouldThrowIAE()'><b>constructorWithNegativeOrZeroTopNShouldThrowIAE</b><br>Test class: storm.starter.tools.RankingsTest<br>Parameters: 0</td>
<td><div><pre>java.lang.IllegalArgumentException: topN must be &gt;= 1
	at storm.starter.tools.Rankings.&lt;init&gt;(Rankings.java:41)
	at storm.starter.tools.RankingsTest.constructorWithNegativeOrZeroTopNShouldThrowIAE(RankingsTest.java:52)
... Removed 34 stack frames</pre></div><a href='#' onClick='toggleBox("stack-trace3360172", this, "Click to show all stack frames", "Click to hide stack frames")'>Click to show all stack frames</a>
<div class='stack-trace' id='stack-trace3360172'><pre>java.lang.IllegalArgumentException: topN must be &gt;= 1
	at storm.starter.tools.Rankings.&lt;init&gt;(Rankings.java:41)
	at storm.starter.tools.RankingsTest.constructorWithNegativeOrZeroTopNShouldThrowIAE(RankingsTest.java:52)
	at sun.reflect.NativeMethodAccessorImpl.invoke0(Native Method)
	at sun.reflect.NativeMethodAccessorImpl.invoke(NativeMethodAccessorImpl.java:57)
	at sun.reflect.DelegatingMethodAccessorImpl.invoke(DelegatingMethodAccessorImpl.java:43)
	at java.lang.reflect.Method.invoke(Method.java:606)
	at org.testng.internal.MethodInvocationHelper.invokeMethod(MethodInvocationHelper.java:84)
	at org.testng.internal.Invoker.invokeMethod(Invoker.java:714)
	at org.testng.internal.Invoker.invokeTestMethod(Invoker.java:901)
	at org.testng.internal.Invoker.invokeTestMethods(Invoker.java:1231)
	at org.testng.internal.TestMethodWorker.invokeTestMethods(TestMethodWorker.java:127)
	at org.testng.internal.TestMethodWorker.run(TestMethodWorker.java:111)
	at org.testng.TestRunner.privateRun(TestRunner.java:767)
	at org.testng.TestRunner.run(TestRunner.java:617)
	at org.testng.SuiteRunner.runTest(SuiteRunner.java:334)
	at org.testng.SuiteRunner.runSequentially(SuiteRunner.java:329)
	at org.testng.SuiteRunner.privateRun(SuiteRunner.java:291)
	at org.testng.SuiteRunner.run(SuiteRunner.java:240)
	at org.testng.SuiteRunnerWorker.runSuite(SuiteRunnerWorker.java:52)
	at org.testng.SuiteRunnerWorker.run(SuiteRunnerWorker.java:86)
	at org.testng.TestNG.runSuitesSequentially(TestNG.java:1224)
	at org.testng.TestNG.runSuitesLocally(TestNG.java:1149)
	at org.testng.TestNG.run(TestNG.java:1057)
	at org.apache.maven.surefire.testng.TestNGExecutor.run(TestNGExecutor.java:70)
	at org.apache.maven.surefire.testng.TestNGDirectoryTestSuite.executeMulti(TestNGDirectoryTestSuite.java:157)
	at org.apache.maven.surefire.testng.TestNGDirectoryTestSuite.execute(TestNGDirectoryTestSuite.java:97)
	at org.apache.maven.surefire.testng.TestNGProvider.invoke(TestNGProvider.java:111)
	at sun.reflect.NativeMethodAccessorImpl.invoke0(Native Method)
	at sun.reflect.NativeMethodAccessorImpl.invoke(NativeMethodAccessorImpl.java:57)
	at sun.reflect.DelegatingMethodAccessorImpl.invoke(DelegatingMethodAccessorImpl.java:43)
	at java.lang.reflect.Method.invoke(Method.java:606)
	at org.apache.maven.surefire.util.ReflectionUtils.invokeMethodWithArray(ReflectionUtils.java:164)
	at org.apache.maven.surefire.booter.ProviderFactory$ProviderProxy.invoke(ProviderFactory.java:110)
	at org.apache.maven.surefire.booter.SurefireStarter.invokeProvider(SurefireStarter.java:172)
	at org.apache.maven.surefire.booter.SurefireStarter.runSuitesInProcessWhenForked(SurefireStarter.java:104)
	at org.apache.maven.surefire.booter.ForkedBooter.main(ForkedBooter.java:70)
</pre></div></td>
<td>0</td>
<td>storm.starter.tools.RankingsTest@1091f09</td></tr>
<tr>
<td title='storm.starter.tools.RankingsTest.constructorWithNegativeOrZeroTopNShouldThrowIAE()'><b>constructorWithNegativeOrZeroTopNShouldThrowIAE</b><br>Test class: storm.starter.tools.RankingsTest<br>Parameters: -1</td>
<td><div><pre>java.lang.IllegalArgumentException: topN must be &gt;= 1
	at storm.starter.tools.Rankings.&lt;init&gt;(Rankings.java:41)
	at storm.starter.tools.RankingsTest.constructorWithNegativeOrZeroTopNShouldThrowIAE(RankingsTest.java:52)
... Removed 34 stack frames</pre></div><a href='#' onClick='toggleBox("stack-trace2313854", this, "Click to show all stack frames", "Click to hide stack frames")'>Click to show all stack frames</a>
<div class='stack-trace' id='stack-trace2313854'><pre>java.lang.IllegalArgumentException: topN must be &gt;= 1
	at storm.starter.tools.Rankings.&lt;init&gt;(Rankings.java:41)
	at storm.starter.tools.RankingsTest.constructorWithNegativeOrZeroTopNShouldThrowIAE(RankingsTest.java:52)
	at sun.reflect.NativeMethodAccessorImpl.invoke0(Native Method)
	at sun.reflect.NativeMethodAccessorImpl.invoke(NativeMethodAccessorImpl.java:57)
	at sun.reflect.DelegatingMethodAccessorImpl.invoke(DelegatingMethodAccessorImpl.java:43)
	at java.lang.reflect.Method.invoke(Method.java:606)
	at org.testng.internal.MethodInvocationHelper.invokeMethod(MethodInvocationHelper.java:84)
	at org.testng.internal.Invoker.invokeMethod(Invoker.java:714)
	at org.testng.internal.Invoker.invokeTestMethod(Invoker.java:901)
	at org.testng.internal.Invoker.invokeTestMethods(Invoker.java:1231)
	at org.testng.internal.TestMethodWorker.invokeTestMethods(TestMethodWorker.java:127)
	at org.testng.internal.TestMethodWorker.run(TestMethodWorker.java:111)
	at org.testng.TestRunner.privateRun(TestRunner.java:767)
	at org.testng.TestRunner.run(TestRunner.java:617)
	at org.testng.SuiteRunner.runTest(SuiteRunner.java:334)
	at org.testng.SuiteRunner.runSequentially(SuiteRunner.java:329)
	at org.testng.SuiteRunner.privateRun(SuiteRunner.java:291)
	at org.testng.SuiteRunner.run(SuiteRunner.java:240)
	at org.testng.SuiteRunnerWorker.runSuite(SuiteRunnerWorker.java:52)
	at org.testng.SuiteRunnerWorker.run(SuiteRunnerWorker.java:86)
	at org.testng.TestNG.runSuitesSequentially(TestNG.java:1224)
	at org.testng.TestNG.runSuitesLocally(TestNG.java:1149)
	at org.testng.TestNG.run(TestNG.java:1057)
	at org.apache.maven.surefire.testng.TestNGExecutor.run(TestNGExecutor.java:70)
	at org.apache.maven.surefire.testng.TestNGDirectoryTestSuite.executeMulti(TestNGDirectoryTestSuite.java:157)
	at org.apache.maven.surefire.testng.TestNGDirectoryTestSuite.execute(TestNGDirectoryTestSuite.java:97)
	at org.apache.maven.surefire.testng.TestNGProvider.invoke(TestNGProvider.java:111)
	at sun.reflect.NativeMethodAccessorImpl.invoke0(Native Method)
	at sun.reflect.NativeMethodAccessorImpl.invoke(NativeMethodAccessorImpl.java:57)
	at sun.reflect.DelegatingMethodAccessorImpl.invoke(DelegatingMethodAccessorImpl.java:43)
	at java.lang.reflect.Method.invoke(Method.java:606)
	at org.apache.maven.surefire.util.ReflectionUtils.invokeMethodWithArray(ReflectionUtils.java:164)
	at org.apache.maven.surefire.booter.ProviderFactory$ProviderProxy.invoke(ProviderFactory.java:110)
	at org.apache.maven.surefire.booter.SurefireStarter.invokeProvider(SurefireStarter.java:172)
	at org.apache.maven.surefire.booter.SurefireStarter.runSuitesInProcessWhenForked(SurefireStarter.java:104)
	at org.apache.maven.surefire.booter.ForkedBooter.main(ForkedBooter.java:70)
</pre></div></td>
<td>0</td>
<td>storm.starter.tools.RankingsTest@1091f09</td></tr>
<tr>
<td title='storm.starter.tools.RankingsTest.constructorWithNegativeOrZeroTopNShouldThrowIAE()'><b>constructorWithNegativeOrZeroTopNShouldThrowIAE</b><br>Test class: storm.starter.tools.RankingsTest<br>Parameters: -2</td>
<td><div><pre>java.lang.IllegalArgumentException: topN must be &gt;= 1
	at storm.starter.tools.Rankings.&lt;init&gt;(Rankings.java:41)
	at storm.starter.tools.RankingsTest.constructorWithNegativeOrZeroTopNShouldThrowIAE(RankingsTest.java:52)
... Removed 34 stack frames</pre></div><a href='#' onClick='toggleBox("stack-trace32917454", this, "Click to show all stack frames", "Click to hide stack frames")'>Click to show all stack frames</a>
<div class='stack-trace' id='stack-trace32917454'><pre>java.lang.IllegalArgumentException: topN must be &gt;= 1
	at storm.starter.tools.Rankings.&lt;init&gt;(Rankings.java:41)
	at storm.starter.tools.RankingsTest.constructorWithNegativeOrZeroTopNShouldThrowIAE(RankingsTest.java:52)
	at sun.reflect.NativeMethodAccessorImpl.invoke0(Native Method)
	at sun.reflect.NativeMethodAccessorImpl.invoke(NativeMethodAccessorImpl.java:57)
	at sun.reflect.DelegatingMethodAccessorImpl.invoke(DelegatingMethodAccessorImpl.java:43)
	at java.lang.reflect.Method.invoke(Method.java:606)
	at org.testng.internal.MethodInvocationHelper.invokeMethod(MethodInvocationHelper.java:84)
	at org.testng.internal.Invoker.invokeMethod(Invoker.java:714)
	at org.testng.internal.Invoker.invokeTestMethod(Invoker.java:901)
	at org.testng.internal.Invoker.invokeTestMethods(Invoker.java:1231)
	at org.testng.internal.TestMethodWorker.invokeTestMethods(TestMethodWorker.java:127)
	at org.testng.internal.TestMethodWorker.run(TestMethodWorker.java:111)
	at org.testng.TestRunner.privateRun(TestRunner.java:767)
	at org.testng.TestRunner.run(TestRunner.java:617)
	at org.testng.SuiteRunner.runTest(SuiteRunner.java:334)
	at org.testng.SuiteRunner.runSequentially(SuiteRunner.java:329)
	at org.testng.SuiteRunner.privateRun(SuiteRunner.java:291)
	at org.testng.SuiteRunner.run(SuiteRunner.java:240)
	at org.testng.SuiteRunnerWorker.runSuite(SuiteRunnerWorker.java:52)
	at org.testng.SuiteRunnerWorker.run(SuiteRunnerWorker.java:86)
	at org.testng.TestNG.runSuitesSequentially(TestNG.java:1224)
	at org.testng.TestNG.runSuitesLocally(TestNG.java:1149)
	at org.testng.TestNG.run(TestNG.java:1057)
	at org.apache.maven.surefire.testng.TestNGExecutor.run(TestNGExecutor.java:70)
	at org.apache.maven.surefire.testng.TestNGDirectoryTestSuite.executeMulti(TestNGDirectoryTestSuite.java:157)
	at org.apache.maven.surefire.testng.TestNGDirectoryTestSuite.execute(TestNGDirectoryTestSuite.java:97)
	at org.apache.maven.surefire.testng.TestNGProvider.invoke(TestNGProvider.java:111)
	at sun.reflect.NativeMethodAccessorImpl.invoke0(Native Method)
	at sun.reflect.NativeMethodAccessorImpl.invoke(NativeMethodAccessorImpl.java:57)
	at sun.reflect.DelegatingMethodAccessorImpl.invoke(DelegatingMethodAccessorImpl.java:43)
	at java.lang.reflect.Method.invoke(Method.java:606)
	at org.apache.maven.surefire.util.ReflectionUtils.invokeMethodWithArray(ReflectionUtils.java:164)
	at org.apache.maven.surefire.booter.ProviderFactory$ProviderProxy.invoke(ProviderFactory.java:110)
	at org.apache.maven.surefire.booter.SurefireStarter.invokeProvider(SurefireStarter.java:172)
	at org.apache.maven.surefire.booter.SurefireStarter.runSuitesInProcessWhenForked(SurefireStarter.java:104)
	at org.apache.maven.surefire.booter.ForkedBooter.main(ForkedBooter.java:70)
</pre></div></td>
<td>0</td>
<td>storm.starter.tools.RankingsTest@1091f09</td></tr>
<tr>
<td title='storm.starter.tools.RankingsTest.constructorWithNegativeOrZeroTopNShouldThrowIAE()'><b>constructorWithNegativeOrZeroTopNShouldThrowIAE</b><br>Test class: storm.starter.tools.RankingsTest<br>Parameters: -10</td>
<td><div><pre>java.lang.IllegalArgumentException: topN must be &gt;= 1
	at storm.starter.tools.Rankings.&lt;init&gt;(Rankings.java:41)
	at storm.starter.tools.RankingsTest.constructorWithNegativeOrZeroTopNShouldThrowIAE(RankingsTest.java:52)
... Removed 34 stack frames</pre></div><a href='#' onClick='toggleBox("stack-trace31744220", this, "Click to show all stack frames", "Click to hide stack frames")'>Click to show all stack frames</a>
<div class='stack-trace' id='stack-trace31744220'><pre>java.lang.IllegalArgumentException: topN must be &gt;= 1
	at storm.starter.tools.Rankings.&lt;init&gt;(Rankings.java:41)
	at storm.starter.tools.RankingsTest.constructorWithNegativeOrZeroTopNShouldThrowIAE(RankingsTest.java:52)
	at sun.reflect.NativeMethodAccessorImpl.invoke0(Native Method)
	at sun.reflect.NativeMethodAccessorImpl.invoke(NativeMethodAccessorImpl.java:57)
	at sun.reflect.DelegatingMethodAccessorImpl.invoke(DelegatingMethodAccessorImpl.java:43)
	at java.lang.reflect.Method.invoke(Method.java:606)
	at org.testng.internal.MethodInvocationHelper.invokeMethod(MethodInvocationHelper.java:84)
	at org.testng.internal.Invoker.invokeMethod(Invoker.java:714)
	at org.testng.internal.Invoker.invokeTestMethod(Invoker.java:901)
	at org.testng.internal.Invoker.invokeTestMethods(Invoker.java:1231)
	at org.testng.internal.TestMethodWorker.invokeTestMethods(TestMethodWorker.java:127)
	at org.testng.internal.TestMethodWorker.run(TestMethodWorker.java:111)
	at org.testng.TestRunner.privateRun(TestRunner.java:767)
	at org.testng.TestRunner.run(TestRunner.java:617)
	at org.testng.SuiteRunner.runTest(SuiteRunner.java:334)
	at org.testng.SuiteRunner.runSequentially(SuiteRunner.java:329)
	at org.testng.SuiteRunner.privateRun(SuiteRunner.java:291)
	at org.testng.SuiteRunner.run(SuiteRunner.java:240)
	at org.testng.SuiteRunnerWorker.runSuite(SuiteRunnerWorker.java:52)
	at org.testng.SuiteRunnerWorker.run(SuiteRunnerWorker.java:86)
	at org.testng.TestNG.runSuitesSequentially(TestNG.java:1224)
	at org.testng.TestNG.runSuitesLocally(TestNG.java:1149)
	at org.testng.TestNG.run(TestNG.java:1057)
	at org.apache.maven.surefire.testng.TestNGExecutor.run(TestNGExecutor.java:70)
	at org.apache.maven.surefire.testng.TestNGDirectoryTestSuite.executeMulti(TestNGDirectoryTestSuite.java:157)
	at org.apache.maven.surefire.testng.TestNGDirectoryTestSuite.execute(TestNGDirectoryTestSuite.java:97)
	at org.apache.maven.surefire.testng.TestNGProvider.invoke(TestNGProvider.java:111)
	at sun.reflect.NativeMethodAccessorImpl.invoke0(Native Method)
	at sun.reflect.NativeMethodAccessorImpl.invoke(NativeMethodAccessorImpl.java:57)
	at sun.reflect.DelegatingMethodAccessorImpl.invoke(DelegatingMethodAccessorImpl.java:43)
	at java.lang.reflect.Method.invoke(Method.java:606)
	at org.apache.maven.surefire.util.ReflectionUtils.invokeMethodWithArray(ReflectionUtils.java:164)
	at org.apache.maven.surefire.booter.ProviderFactory$ProviderProxy.invoke(ProviderFactory.java:110)
	at org.apache.maven.surefire.booter.SurefireStarter.invokeProvider(SurefireStarter.java:172)
	at org.apache.maven.surefire.booter.SurefireStarter.runSuitesInProcessWhenForked(SurefireStarter.java:104)
	at org.apache.maven.surefire.booter.ForkedBooter.main(ForkedBooter.java:70)
</pre></div></td>
<td>0</td>
<td>storm.starter.tools.RankingsTest@1091f09</td></tr>
<tr>
<td title='storm.starter.tools.RankableObjectWithFieldsTest.constructorWithNullObjectAndFieldsShouldThrowIAE()'><b>constructorWithNullObjectAndFieldsShouldThrowIAE</b><br>Test class: storm.starter.tools.RankableObjectWithFieldsTest</td>
<td><div><pre>java.lang.IllegalArgumentException: The object must not be null
	at storm.starter.tools.RankableObjectWithFields.&lt;init&gt;(RankableObjectWithFields.java:43)
	at storm.starter.tools.RankableObjectWithFieldsTest.constructorWithNullObjectAndFieldsShouldThrowIAE(RankableObjectWithFieldsTest.java:50)
... Removed 34 stack frames</pre></div><a href='#' onClick='toggleBox("stack-trace33212406", this, "Click to show all stack frames", "Click to hide stack frames")'>Click to show all stack frames</a>
<div class='stack-trace' id='stack-trace33212406'><pre>java.lang.IllegalArgumentException: The object must not be null
	at storm.starter.tools.RankableObjectWithFields.&lt;init&gt;(RankableObjectWithFields.java:43)
	at storm.starter.tools.RankableObjectWithFieldsTest.constructorWithNullObjectAndFieldsShouldThrowIAE(RankableObjectWithFieldsTest.java:50)
	at sun.reflect.NativeMethodAccessorImpl.invoke0(Native Method)
	at sun.reflect.NativeMethodAccessorImpl.invoke(NativeMethodAccessorImpl.java:57)
	at sun.reflect.DelegatingMethodAccessorImpl.invoke(DelegatingMethodAccessorImpl.java:43)
	at java.lang.reflect.Method.invoke(Method.java:606)
	at org.testng.internal.MethodInvocationHelper.invokeMethod(MethodInvocationHelper.java:84)
	at org.testng.internal.Invoker.invokeMethod(Invoker.java:714)
	at org.testng.internal.Invoker.invokeTestMethod(Invoker.java:901)
	at org.testng.internal.Invoker.invokeTestMethods(Invoker.java:1231)
	at org.testng.internal.TestMethodWorker.invokeTestMethods(TestMethodWorker.java:127)
	at org.testng.internal.TestMethodWorker.run(TestMethodWorker.java:111)
	at org.testng.TestRunner.privateRun(TestRunner.java:767)
	at org.testng.TestRunner.run(TestRunner.java:617)
	at org.testng.SuiteRunner.runTest(SuiteRunner.java:334)
	at org.testng.SuiteRunner.runSequentially(SuiteRunner.java:329)
	at org.testng.SuiteRunner.privateRun(SuiteRunner.java:291)
	at org.testng.SuiteRunner.run(SuiteRunner.java:240)
	at org.testng.SuiteRunnerWorker.runSuite(SuiteRunnerWorker.java:52)
	at org.testng.SuiteRunnerWorker.run(SuiteRunnerWorker.java:86)
	at org.testng.TestNG.runSuitesSequentially(TestNG.java:1224)
	at org.testng.TestNG.runSuitesLocally(TestNG.java:1149)
	at org.testng.TestNG.run(TestNG.java:1057)
	at org.apache.maven.surefire.testng.TestNGExecutor.run(TestNGExecutor.java:70)
	at org.apache.maven.surefire.testng.TestNGDirectoryTestSuite.executeMulti(TestNGDirectoryTestSuite.java:157)
	at org.apache.maven.surefire.testng.TestNGDirectoryTestSuite.execute(TestNGDirectoryTestSuite.java:97)
	at org.apache.maven.surefire.testng.TestNGProvider.invoke(TestNGProvider.java:111)
	at sun.reflect.NativeMethodAccessorImpl.invoke0(Native Method)
	at sun.reflect.NativeMethodAccessorImpl.invoke(NativeMethodAccessorImpl.java:57)
	at sun.reflect.DelegatingMethodAccessorImpl.invoke(DelegatingMethodAccessorImpl.java:43)
	at java.lang.reflect.Method.invoke(Method.java:606)
	at org.apache.maven.surefire.util.ReflectionUtils.invokeMethodWithArray(ReflectionUtils.java:164)
	at org.apache.maven.surefire.booter.ProviderFactory$ProviderProxy.invoke(ProviderFactory.java:110)
	at org.apache.maven.surefire.booter.SurefireStarter.invokeProvider(SurefireStarter.java:172)
	at org.apache.maven.surefire.booter.SurefireStarter.runSuitesInProcessWhenForked(SurefireStarter.java:104)
	at org.apache.maven.surefire.booter.ForkedBooter.main(ForkedBooter.java:70)
</pre></div></td>
<td>0</td>
<td>storm.starter.tools.RankableObjectWithFieldsTest@ea86e3</td></tr>
<tr>
<td title='storm.starter.tools.RankableObjectWithFieldsTest.constructorWithNullObjectAndNoFieldsShouldThrowIAE()'><b>constructorWithNullObjectAndNoFieldsShouldThrowIAE</b><br>Test class: storm.starter.tools.RankableObjectWithFieldsTest</td>
<td><div><pre>java.lang.IllegalArgumentException: The object must not be null
	at storm.starter.tools.RankableObjectWithFields.&lt;init&gt;(RankableObjectWithFields.java:43)
	at storm.starter.tools.RankableObjectWithFieldsTest.constructorWithNullObjectAndNoFieldsShouldThrowIAE(RankableObjectWithFieldsTest.java:44)
... Removed 34 stack frames</pre></div><a href='#' onClick='toggleBox("stack-trace22942874", this, "Click to show all stack frames", "Click to hide stack frames")'>Click to show all stack frames</a>
<div class='stack-trace' id='stack-trace22942874'><pre>java.lang.IllegalArgumentException: The object must not be null
	at storm.starter.tools.RankableObjectWithFields.&lt;init&gt;(RankableObjectWithFields.java:43)
	at storm.starter.tools.RankableObjectWithFieldsTest.constructorWithNullObjectAndNoFieldsShouldThrowIAE(RankableObjectWithFieldsTest.java:44)
	at sun.reflect.NativeMethodAccessorImpl.invoke0(Native Method)
	at sun.reflect.NativeMethodAccessorImpl.invoke(NativeMethodAccessorImpl.java:57)
	at sun.reflect.DelegatingMethodAccessorImpl.invoke(DelegatingMethodAccessorImpl.java:43)
	at java.lang.reflect.Method.invoke(Method.java:606)
	at org.testng.internal.MethodInvocationHelper.invokeMethod(MethodInvocationHelper.java:84)
	at org.testng.internal.Invoker.invokeMethod(Invoker.java:714)
	at org.testng.internal.Invoker.invokeTestMethod(Invoker.java:901)
	at org.testng.internal.Invoker.invokeTestMethods(Invoker.java:1231)
	at org.testng.internal.TestMethodWorker.invokeTestMethods(TestMethodWorker.java:127)
	at org.testng.internal.TestMethodWorker.run(TestMethodWorker.java:111)
	at org.testng.TestRunner.privateRun(TestRunner.java:767)
	at org.testng.TestRunner.run(TestRunner.java:617)
	at org.testng.SuiteRunner.runTest(SuiteRunner.java:334)
	at org.testng.SuiteRunner.runSequentially(SuiteRunner.java:329)
	at org.testng.SuiteRunner.privateRun(SuiteRunner.java:291)
	at org.testng.SuiteRunner.run(SuiteRunner.java:240)
	at org.testng.SuiteRunnerWorker.runSuite(SuiteRunnerWorker.java:52)
	at org.testng.SuiteRunnerWorker.run(SuiteRunnerWorker.java:86)
	at org.testng.TestNG.runSuitesSequentially(TestNG.java:1224)
	at org.testng.TestNG.runSuitesLocally(TestNG.java:1149)
	at org.testng.TestNG.run(TestNG.java:1057)
	at org.apache.maven.surefire.testng.TestNGExecutor.run(TestNGExecutor.java:70)
	at org.apache.maven.surefire.testng.TestNGDirectoryTestSuite.executeMulti(TestNGDirectoryTestSuite.java:157)
	at org.apache.maven.surefire.testng.TestNGDirectoryTestSuite.execute(TestNGDirectoryTestSuite.java:97)
	at org.apache.maven.surefire.testng.TestNGProvider.invoke(TestNGProvider.java:111)
	at sun.reflect.NativeMethodAccessorImpl.invoke0(Native Method)
	at sun.reflect.NativeMethodAccessorImpl.invoke(NativeMethodAccessorImpl.java:57)
	at sun.reflect.DelegatingMethodAccessorImpl.invoke(DelegatingMethodAccessorImpl.java:43)
	at java.lang.reflect.Method.invoke(Method.java:606)
	at org.apache.maven.surefire.util.ReflectionUtils.invokeMethodWithArray(ReflectionUtils.java:164)
	at org.apache.maven.surefire.booter.ProviderFactory$ProviderProxy.invoke(ProviderFactory.java:110)
	at org.apache.maven.surefire.booter.SurefireStarter.invokeProvider(SurefireStarter.java:172)
	at org.apache.maven.surefire.booter.SurefireStarter.runSuitesInProcessWhenForked(SurefireStarter.java:104)
	at org.apache.maven.surefire.booter.ForkedBooter.main(ForkedBooter.java:70)
</pre></div></td>
<td>0</td>
<td>storm.starter.tools.RankableObjectWithFieldsTest@ea86e3</td></tr>
<tr>
<td title='storm.starter.tools.RankingsTest.constructorWithPositiveTopNShouldBeOk()'><b>constructorWithPositiveTopNShouldBeOk</b><br>Test class: storm.starter.tools.RankingsTest<br>Parameters: 1</td>
<td></td>
<td>0</td>
<td>storm.starter.tools.RankingsTest@1091f09</td></tr>
<tr>
<td title='storm.starter.tools.RankingsTest.constructorWithPositiveTopNShouldBeOk()'><b>constructorWithPositiveTopNShouldBeOk</b><br>Test class: storm.starter.tools.RankingsTest<br>Parameters: 2</td>
<td></td>
<td>0</td>
<td>storm.starter.tools.RankingsTest@1091f09</td></tr>
<tr>
<td title='storm.starter.tools.RankingsTest.constructorWithPositiveTopNShouldBeOk()'><b>constructorWithPositiveTopNShouldBeOk</b><br>Test class: storm.starter.tools.RankingsTest<br>Parameters: 1000</td>
<td></td>
<td>0</td>
<td>storm.starter.tools.RankingsTest@1091f09</td></tr>
<tr>
<td title='storm.starter.tools.RankingsTest.constructorWithPositiveTopNShouldBeOk()'><b>constructorWithPositiveTopNShouldBeOk</b><br>Test class: storm.starter.tools.RankingsTest<br>Parameters: 1000000</td>
<td></td>
<td>0</td>
<td>storm.starter.tools.RankingsTest@1091f09</td></tr>
<tr>
<td title='storm.starter.tools.RankingsTest.copyConstructorShouldReturnCopy()'><b>copyConstructorShouldReturnCopy</b><br>Test class: storm.starter.tools.RankingsTest<br>Parameters: 5, [[A|1], [B|2], [C|3]]</td>
<td></td>
<td>0</td>
<td>storm.starter.tools.RankingsTest@1091f09</td></tr>
<tr>
<td title='storm.starter.tools.RankingsTest.copyConstructorShouldReturnCopy()'><b>copyConstructorShouldReturnCopy</b><br>Test class: storm.starter.tools.RankingsTest<br>Parameters: 2, [[A|1], [B|2], [C|3], [D|4]]</td>
<td></td>
<td>0</td>
<td>storm.starter.tools.RankingsTest@1091f09</td></tr>
<tr>
<td title='storm.starter.tools.RankingsTest.copyConstructorShouldReturnCopy()'><b>copyConstructorShouldReturnCopy</b><br>Test class: storm.starter.tools.RankingsTest<br>Parameters: 1, []</td>
<td></td>
<td>0</td>
<td>storm.starter.tools.RankingsTest@1091f09</td></tr>
<tr>
<td title='storm.starter.tools.RankingsTest.copyConstructorShouldReturnCopy()'><b>copyConstructorShouldReturnCopy</b><br>Test class: storm.starter.tools.RankingsTest<br>Parameters: 1, [[A|1]]</td>
<td></td>
<td>0</td>
<td>storm.starter.tools.RankingsTest@1091f09</td></tr>
<tr>
<td title='storm.starter.tools.RankingsTest.copyConstructorShouldReturnCopy()'><b>copyConstructorShouldReturnCopy</b><br>Test class: storm.starter.tools.RankingsTest<br>Parameters: 1, [[A|1], [B|2]]</td>
<td></td>
<td>0</td>
<td>storm.starter.tools.RankingsTest@1091f09</td></tr>
<tr>
<td title='storm.starter.tools.RankingsTest.copyConstructorShouldReturnDefensiveCopy()'><b>copyConstructorShouldReturnDefensiveCopy</b><br>Test class: storm.starter.tools.RankingsTest<br>Parameters: 5, [[A|1], [B|2], [C|3]], [[D|4]]</td>
<td></td>
<td>0</td>
<td>storm.starter.tools.RankingsTest@1091f09</td></tr>
<tr>
<td title='storm.starter.tools.RankingsTest.copyConstructorShouldReturnDefensiveCopy()'><b>copyConstructorShouldReturnDefensiveCopy</b><br>Test class: storm.starter.tools.RankingsTest<br>Parameters: 2, [[A|1], [B|2], [C|3], [D|4]], [[E|5], [F|6]]</td>
<td></td>
<td>0</td>
<td>storm.starter.tools.RankingsTest@1091f09</td></tr>
<tr>
<td title='storm.starter.tools.RankingsTest.copyConstructorShouldReturnDefensiveCopy()'><b>copyConstructorShouldReturnDefensiveCopy</b><br>Test class: storm.starter.tools.RankingsTest<br>Parameters: 1, [], [[A|1]]</td>
<td></td>
<td>0</td>
<td>storm.starter.tools.RankingsTest@1091f09</td></tr>
<tr>
<td title='storm.starter.tools.RankingsTest.copyConstructorShouldReturnDefensiveCopy()'><b>copyConstructorShouldReturnDefensiveCopy</b><br>Test class: storm.starter.tools.RankingsTest<br>Parameters: 1, [[A|1]], [[B|2]]</td>
<td></td>
<td>0</td>
<td>storm.starter.tools.RankingsTest@1091f09</td></tr>
<tr>
<td title='storm.starter.tools.RankingsTest.copyConstructorShouldReturnDefensiveCopy()'><b>copyConstructorShouldReturnDefensiveCopy</b><br>Test class: storm.starter.tools.RankingsTest<br>Parameters: 1, [[ZERO_COUNT|0]], [[B|2]]</td>
<td></td>
<td>0</td>
<td>storm.starter.tools.RankingsTest@1091f09</td></tr>
<tr>
<td title='storm.starter.tools.RankingsTest.copyConstructorShouldReturnDefensiveCopy()'><b>copyConstructorShouldReturnDefensiveCopy</b><br>Test class: storm.starter.tools.RankingsTest<br>Parameters: 1, [[ZERO_COUNT|0]], []</td>
<td></td>
<td>0</td>
<td>storm.starter.tools.RankingsTest@1091f09</td></tr>
<tr>
<td title='storm.starter.tools.RankableObjectWithFieldsTest.copyShouldReturnCopy()'><b>copyShouldReturnCopy</b><br>Test class: storm.starter.tools.RankableObjectWithFieldsTest<br>Parameters: [foo|0]</td>
<td></td>
<td>0</td>
<td>storm.starter.tools.RankableObjectWithFieldsTest@ea86e3</td></tr>
<tr>
<td title='storm.starter.tools.RankableObjectWithFieldsTest.copyShouldReturnCopy()'><b>copyShouldReturnCopy</b><br>Test class: storm.starter.tools.RankableObjectWithFieldsTest<br>Parameters: [foo|3|someOtherField]</td>
<td></td>
<td>0</td>
<td>storm.starter.tools.RankableObjectWithFieldsTest@ea86e3</td></tr>
<tr>
<td title='storm.starter.tools.RankableObjectWithFieldsTest.copyShouldReturnCopy()'><b>copyShouldReturnCopy</b><br>Test class: storm.starter.tools.RankableObjectWithFieldsTest<br>Parameters: [foo|0|someField]</td>
<td></td>
<td>0</td>
<td>storm.starter.tools.RankableObjectWithFieldsTest@ea86e3</td></tr>
<tr>
<td title='storm.starter.tools.RankingsTest.copyShouldReturnCopy()'><b>copyShouldReturnCopy</b><br>Test class: storm.starter.tools.RankingsTest<br>Parameters: 5, [[A|1], [B|2], [C|3]]</td>
<td></td>
<td>0</td>
<td>storm.starter.tools.RankingsTest@1091f09</td></tr>
<tr>
<td title='storm.starter.tools.RankingsTest.copyShouldReturnCopy()'><b>copyShouldReturnCopy</b><br>Test class: storm.starter.tools.RankingsTest<br>Parameters: 2, [[A|1], [B|2], [C|3], [D|4]]</td>
<td></td>
<td>0</td>
<td>storm.starter.tools.RankingsTest@1091f09</td></tr>
<tr>
<td title='storm.starter.tools.RankingsTest.copyShouldReturnCopy()'><b>copyShouldReturnCopy</b><br>Test class: storm.starter.tools.RankingsTest<br>Parameters: 1, []</td>
<td></td>
<td>0</td>
<td>storm.starter.tools.RankingsTest@1091f09</td></tr>
<tr>
<td title='storm.starter.tools.RankingsTest.copyShouldReturnCopy()'><b>copyShouldReturnCopy</b><br>Test class: storm.starter.tools.RankingsTest<br>Parameters: 1, [[A|1]]</td>
<td></td>
<td>0</td>
<td>storm.starter.tools.RankingsTest@1091f09</td></tr>
<tr>
<td title='storm.starter.tools.RankingsTest.copyShouldReturnCopy()'><b>copyShouldReturnCopy</b><br>Test class: storm.starter.tools.RankingsTest<br>Parameters: 1, [[A|1], [B|2]]</td>
<td></td>
<td>0</td>
<td>storm.starter.tools.RankingsTest@1091f09</td></tr>
<tr>
<td title='storm.starter.tools.RankingsTest.copyShouldReturnDefensiveCopy()'><b>copyShouldReturnDefensiveCopy</b><br>Test class: storm.starter.tools.RankingsTest<br>Parameters: 5, [[A|1], [B|2], [C|3]], [[D|4]]</td>
<td></td>
<td>0</td>
<td>storm.starter.tools.RankingsTest@1091f09</td></tr>
<tr>
<td title='storm.starter.tools.RankingsTest.copyShouldReturnDefensiveCopy()'><b>copyShouldReturnDefensiveCopy</b><br>Test class: storm.starter.tools.RankingsTest<br>Parameters: 2, [[A|1], [B|2], [C|3], [D|4]], [[E|5], [F|6]]</td>
<td></td>
<td>0</td>
<td>storm.starter.tools.RankingsTest@1091f09</td></tr>
<tr>
<td title='storm.starter.tools.RankingsTest.copyShouldReturnDefensiveCopy()'><b>copyShouldReturnDefensiveCopy</b><br>Test class: storm.starter.tools.RankingsTest<br>Parameters: 1, [], [[A|1]]</td>
<td></td>
<td>0</td>
<td>storm.starter.tools.RankingsTest@1091f09</td></tr>
<tr>
<td title='storm.starter.tools.RankingsTest.copyShouldReturnDefensiveCopy()'><b>copyShouldReturnDefensiveCopy</b><br>Test class: storm.starter.tools.RankingsTest<br>Parameters: 1, [[A|1]], [[B|2]]</td>
<td></td>
<td>0</td>
<td>storm.starter.tools.RankingsTest@1091f09</td></tr>
<tr>
<td title='storm.starter.tools.RankingsTest.copyShouldReturnDefensiveCopy()'><b>copyShouldReturnDefensiveCopy</b><br>Test class: storm.starter.tools.RankingsTest<br>Parameters: 1, [[ZERO_COUNT|0]], [[B|2]]</td>
<td></td>
<td>0</td>
<td>storm.starter.tools.RankingsTest@1091f09</td></tr>
<tr>
<td title='storm.starter.tools.RankingsTest.copyShouldReturnDefensiveCopy()'><b>copyShouldReturnDefensiveCopy</b><br>Test class: storm.starter.tools.RankingsTest<br>Parameters: 1, [[ZERO_COUNT|0]], []</td>
<td></td>
<td>0</td>
<td>storm.starter.tools.RankingsTest@1091f09</td></tr>
<tr>
<td title='storm.starter.tools.RankingsTest.defaultConstructorShouldSetPositiveTopN()'><b>defaultConstructorShouldSetPositiveTopN</b><br>Test class: storm.starter.tools.RankingsTest</td>
<td></td>
<td>0</td>
<td>storm.starter.tools.RankingsTest@1091f09</td></tr>
<tr>
<td title='storm.starter.tools.RankableObjectWithFieldsTest.fieldsShouldBeImmutable()'><b>fieldsShouldBeImmutable</b><br>Test class: storm.starter.tools.RankableObjectWithFieldsTest</td>
<td><div><pre>java.lang.UnsupportedOperationException
	at com.google.common.collect.ImmutableList.remove(ImmutableList.java:469)
	at storm.starter.tools.RankableObjectWithFieldsTest.fieldsShouldBeImmutable(RankableObjectWithFieldsTest.java:208)
... Removed 34 stack frames</pre></div><a href='#' onClick='toggleBox("stack-trace8641696", this, "Click to show all stack frames", "Click to hide stack frames")'>Click to show all stack frames</a>
<div class='stack-trace' id='stack-trace8641696'><pre>java.lang.UnsupportedOperationException
	at com.google.common.collect.ImmutableList.remove(ImmutableList.java:469)
	at storm.starter.tools.RankableObjectWithFieldsTest.fieldsShouldBeImmutable(RankableObjectWithFieldsTest.java:208)
	at sun.reflect.NativeMethodAccessorImpl.invoke0(Native Method)
	at sun.reflect.NativeMethodAccessorImpl.invoke(NativeMethodAccessorImpl.java:57)
	at sun.reflect.DelegatingMethodAccessorImpl.invoke(DelegatingMethodAccessorImpl.java:43)
	at java.lang.reflect.Method.invoke(Method.java:606)
	at org.testng.internal.MethodInvocationHelper.invokeMethod(MethodInvocationHelper.java:84)
	at org.testng.internal.Invoker.invokeMethod(Invoker.java:714)
	at org.testng.internal.Invoker.invokeTestMethod(Invoker.java:901)
	at org.testng.internal.Invoker.invokeTestMethods(Invoker.java:1231)
	at org.testng.internal.TestMethodWorker.invokeTestMethods(TestMethodWorker.java:127)
	at org.testng.internal.TestMethodWorker.run(TestMethodWorker.java:111)
	at org.testng.TestRunner.privateRun(TestRunner.java:767)
	at org.testng.TestRunner.run(TestRunner.java:617)
	at org.testng.SuiteRunner.runTest(SuiteRunner.java:334)
	at org.testng.SuiteRunner.runSequentially(SuiteRunner.java:329)
	at org.testng.SuiteRunner.privateRun(SuiteRunner.java:291)
	at org.testng.SuiteRunner.run(SuiteRunner.java:240)
	at org.testng.SuiteRunnerWorker.runSuite(SuiteRunnerWorker.java:52)
	at org.testng.SuiteRunnerWorker.run(SuiteRunnerWorker.java:86)
	at org.testng.TestNG.runSuitesSequentially(TestNG.java:1224)
	at org.testng.TestNG.runSuitesLocally(TestNG.java:1149)
	at org.testng.TestNG.run(TestNG.java:1057)
	at org.apache.maven.surefire.testng.TestNGExecutor.run(TestNGExecutor.java:70)
	at org.apache.maven.surefire.testng.TestNGDirectoryTestSuite.executeMulti(TestNGDirectoryTestSuite.java:157)
	at org.apache.maven.surefire.testng.TestNGDirectoryTestSuite.execute(TestNGDirectoryTestSuite.java:97)
	at org.apache.maven.surefire.testng.TestNGProvider.invoke(TestNGProvider.java:111)
	at sun.reflect.NativeMethodAccessorImpl.invoke0(Native Method)
	at sun.reflect.NativeMethodAccessorImpl.invoke(NativeMethodAccessorImpl.java:57)
	at sun.reflect.DelegatingMethodAccessorImpl.invoke(DelegatingMethodAccessorImpl.java:43)
	at java.lang.reflect.Method.invoke(Method.java:606)
	at org.apache.maven.surefire.util.ReflectionUtils.invokeMethodWithArray(ReflectionUtils.java:164)
	at org.apache.maven.surefire.booter.ProviderFactory$ProviderProxy.invoke(ProviderFactory.java:110)
	at org.apache.maven.surefire.booter.SurefireStarter.invokeProvider(SurefireStarter.java:172)
	at org.apache.maven.surefire.booter.SurefireStarter.runSuitesInProcessWhenForked(SurefireStarter.java:104)
	at org.apache.maven.surefire.booter.ForkedBooter.main(ForkedBooter.java:70)
</pre></div></td>
<td>0</td>
<td>storm.starter.tools.RankableObjectWithFieldsTest@ea86e3</td></tr>
<tr>
<td title='storm.starter.tools.SlidingWindowCounterTest.lessThanTwoSlotsShouldThrowIAE()'><b>lessThanTwoSlotsShouldThrowIAE</b><br>Test class: storm.starter.tools.SlidingWindowCounterTest<br>Parameters: -10</td>
<td><div><pre>java.lang.IllegalArgumentException: Window length in slots must be at least two (you requested -10)
	at storm.starter.tools.SlidingWindowCounter.&lt;init&gt;(SlidingWindowCounter.java:79)
	at storm.starter.tools.SlidingWindowCounterTest.lessThanTwoSlotsShouldThrowIAE(SlidingWindowCounterTest.java:39)
... Removed 34 stack frames</pre></div><a href='#' onClick='toggleBox("stack-trace7833582", this, "Click to show all stack frames", "Click to hide stack frames")'>Click to show all stack frames</a>
<div class='stack-trace' id='stack-trace7833582'><pre>java.lang.IllegalArgumentException: Window length in slots must be at least two (you requested -10)
	at storm.starter.tools.SlidingWindowCounter.&lt;init&gt;(SlidingWindowCounter.java:79)
	at storm.starter.tools.SlidingWindowCounterTest.lessThanTwoSlotsShouldThrowIAE(SlidingWindowCounterTest.java:39)
	at sun.reflect.NativeMethodAccessorImpl.invoke0(Native Method)
	at sun.reflect.NativeMethodAccessorImpl.invoke(NativeMethodAccessorImpl.java:57)
	at sun.reflect.DelegatingMethodAccessorImpl.invoke(DelegatingMethodAccessorImpl.java:43)
	at java.lang.reflect.Method.invoke(Method.java:606)
	at org.testng.internal.MethodInvocationHelper.invokeMethod(MethodInvocationHelper.java:84)
	at org.testng.internal.Invoker.invokeMethod(Invoker.java:714)
	at org.testng.internal.Invoker.invokeTestMethod(Invoker.java:901)
	at org.testng.internal.Invoker.invokeTestMethods(Invoker.java:1231)
	at org.testng.internal.TestMethodWorker.invokeTestMethods(TestMethodWorker.java:127)
	at org.testng.internal.TestMethodWorker.run(TestMethodWorker.java:111)
	at org.testng.TestRunner.privateRun(TestRunner.java:767)
	at org.testng.TestRunner.run(TestRunner.java:617)
	at org.testng.SuiteRunner.runTest(SuiteRunner.java:334)
	at org.testng.SuiteRunner.runSequentially(SuiteRunner.java:329)
	at org.testng.SuiteRunner.privateRun(SuiteRunner.java:291)
	at org.testng.SuiteRunner.run(SuiteRunner.java:240)
	at org.testng.SuiteRunnerWorker.runSuite(SuiteRunnerWorker.java:52)
	at org.testng.SuiteRunnerWorker.run(SuiteRunnerWorker.java:86)
	at org.testng.TestNG.runSuitesSequentially(TestNG.java:1224)
	at org.testng.TestNG.runSuitesLocally(TestNG.java:1149)
	at org.testng.TestNG.run(TestNG.java:1057)
	at org.apache.maven.surefire.testng.TestNGExecutor.run(TestNGExecutor.java:70)
	at org.apache.maven.surefire.testng.TestNGDirectoryTestSuite.executeMulti(TestNGDirectoryTestSuite.java:157)
	at org.apache.maven.surefire.testng.TestNGDirectoryTestSuite.execute(TestNGDirectoryTestSuite.java:97)
	at org.apache.maven.surefire.testng.TestNGProvider.invoke(TestNGProvider.java:111)
	at sun.reflect.NativeMethodAccessorImpl.invoke0(Native Method)
	at sun.reflect.NativeMethodAccessorImpl.invoke(NativeMethodAccessorImpl.java:57)
	at sun.reflect.DelegatingMethodAccessorImpl.invoke(DelegatingMethodAccessorImpl.java:43)
	at java.lang.reflect.Method.invoke(Method.java:606)
	at org.apache.maven.surefire.util.ReflectionUtils.invokeMethodWithArray(ReflectionUtils.java:164)
	at org.apache.maven.surefire.booter.ProviderFactory$ProviderProxy.invoke(ProviderFactory.java:110)
	at org.apache.maven.surefire.booter.SurefireStarter.invokeProvider(SurefireStarter.java:172)
	at org.apache.maven.surefire.booter.SurefireStarter.runSuitesInProcessWhenForked(SurefireStarter.java:104)
	at org.apache.maven.surefire.booter.ForkedBooter.main(ForkedBooter.java:70)
</pre></div></td>
<td>0</td>
<td>storm.starter.tools.SlidingWindowCounterTest@535e27</td></tr>
<tr>
<td title='storm.starter.tools.SlidingWindowCounterTest.lessThanTwoSlotsShouldThrowIAE()'><b>lessThanTwoSlotsShouldThrowIAE</b><br>Test class: storm.starter.tools.SlidingWindowCounterTest<br>Parameters: -3</td>
<td><div><pre>java.lang.IllegalArgumentException: Window length in slots must be at least two (you requested -3)
	at storm.starter.tools.SlidingWindowCounter.&lt;init&gt;(SlidingWindowCounter.java:79)
	at storm.starter.tools.SlidingWindowCounterTest.lessThanTwoSlotsShouldThrowIAE(SlidingWindowCounterTest.java:39)
... Removed 34 stack frames</pre></div><a href='#' onClick='toggleBox("stack-trace24979675", this, "Click to show all stack frames", "Click to hide stack frames")'>Click to show all stack frames</a>
<div class='stack-trace' id='stack-trace24979675'><pre>java.lang.IllegalArgumentException: Window length in slots must be at least two (you requested -3)
	at storm.starter.tools.SlidingWindowCounter.&lt;init&gt;(SlidingWindowCounter.java:79)
	at storm.starter.tools.SlidingWindowCounterTest.lessThanTwoSlotsShouldThrowIAE(SlidingWindowCounterTest.java:39)
	at sun.reflect.NativeMethodAccessorImpl.invoke0(Native Method)
	at sun.reflect.NativeMethodAccessorImpl.invoke(NativeMethodAccessorImpl.java:57)
	at sun.reflect.DelegatingMethodAccessorImpl.invoke(DelegatingMethodAccessorImpl.java:43)
	at java.lang.reflect.Method.invoke(Method.java:606)
	at org.testng.internal.MethodInvocationHelper.invokeMethod(MethodInvocationHelper.java:84)
	at org.testng.internal.Invoker.invokeMethod(Invoker.java:714)
	at org.testng.internal.Invoker.invokeTestMethod(Invoker.java:901)
	at org.testng.internal.Invoker.invokeTestMethods(Invoker.java:1231)
	at org.testng.internal.TestMethodWorker.invokeTestMethods(TestMethodWorker.java:127)
	at org.testng.internal.TestMethodWorker.run(TestMethodWorker.java:111)
	at org.testng.TestRunner.privateRun(TestRunner.java:767)
	at org.testng.TestRunner.run(TestRunner.java:617)
	at org.testng.SuiteRunner.runTest(SuiteRunner.java:334)
	at org.testng.SuiteRunner.runSequentially(SuiteRunner.java:329)
	at org.testng.SuiteRunner.privateRun(SuiteRunner.java:291)
	at org.testng.SuiteRunner.run(SuiteRunner.java:240)
	at org.testng.SuiteRunnerWorker.runSuite(SuiteRunnerWorker.java:52)
	at org.testng.SuiteRunnerWorker.run(SuiteRunnerWorker.java:86)
	at org.testng.TestNG.runSuitesSequentially(TestNG.java:1224)
	at org.testng.TestNG.runSuitesLocally(TestNG.java:1149)
	at org.testng.TestNG.run(TestNG.java:1057)
	at org.apache.maven.surefire.testng.TestNGExecutor.run(TestNGExecutor.java:70)
	at org.apache.maven.surefire.testng.TestNGDirectoryTestSuite.executeMulti(TestNGDirectoryTestSuite.java:157)
	at org.apache.maven.surefire.testng.TestNGDirectoryTestSuite.execute(TestNGDirectoryTestSuite.java:97)
	at org.apache.maven.surefire.testng.TestNGProvider.invoke(TestNGProvider.java:111)
	at sun.reflect.NativeMethodAccessorImpl.invoke0(Native Method)
	at sun.reflect.NativeMethodAccessorImpl.invoke(NativeMethodAccessorImpl.java:57)
	at sun.reflect.DelegatingMethodAccessorImpl.invoke(DelegatingMethodAccessorImpl.java:43)
	at java.lang.reflect.Method.invoke(Method.java:606)
	at org.apache.maven.surefire.util.ReflectionUtils.invokeMethodWithArray(ReflectionUtils.java:164)
	at org.apache.maven.surefire.booter.ProviderFactory$ProviderProxy.invoke(ProviderFactory.java:110)
	at org.apache.maven.surefire.booter.SurefireStarter.invokeProvider(SurefireStarter.java:172)
	at org.apache.maven.surefire.booter.SurefireStarter.runSuitesInProcessWhenForked(SurefireStarter.java:104)
	at org.apache.maven.surefire.booter.ForkedBooter.main(ForkedBooter.java:70)
</pre></div></td>
<td>0</td>
<td>storm.starter.tools.SlidingWindowCounterTest@535e27</td></tr>
<tr>
<td title='storm.starter.tools.SlidingWindowCounterTest.lessThanTwoSlotsShouldThrowIAE()'><b>lessThanTwoSlotsShouldThrowIAE</b><br>Test class: storm.starter.tools.SlidingWindowCounterTest<br>Parameters: -2</td>
<td><div><pre>java.lang.IllegalArgumentException: Window length in slots must be at least two (you requested -2)
	at storm.starter.tools.SlidingWindowCounter.&lt;init&gt;(SlidingWindowCounter.java:79)
	at storm.starter.tools.SlidingWindowCounterTest.lessThanTwoSlotsShouldThrowIAE(SlidingWindowCounterTest.java:39)
... Removed 34 stack frames</pre></div><a href='#' onClick='toggleBox("stack-trace358654", this, "Click to show all stack frames", "Click to hide stack frames")'>Click to show all stack frames</a>
<div class='stack-trace' id='stack-trace358654'><pre>java.lang.IllegalArgumentException: Window length in slots must be at least two (you requested -2)
	at storm.starter.tools.SlidingWindowCounter.&lt;init&gt;(SlidingWindowCounter.java:79)
	at storm.starter.tools.SlidingWindowCounterTest.lessThanTwoSlotsShouldThrowIAE(SlidingWindowCounterTest.java:39)
	at sun.reflect.NativeMethodAccessorImpl.invoke0(Native Method)
	at sun.reflect.NativeMethodAccessorImpl.invoke(NativeMethodAccessorImpl.java:57)
	at sun.reflect.DelegatingMethodAccessorImpl.invoke(DelegatingMethodAccessorImpl.java:43)
	at java.lang.reflect.Method.invoke(Method.java:606)
	at org.testng.internal.MethodInvocationHelper.invokeMethod(MethodInvocationHelper.java:84)
	at org.testng.internal.Invoker.invokeMethod(Invoker.java:714)
	at org.testng.internal.Invoker.invokeTestMethod(Invoker.java:901)
	at org.testng.internal.Invoker.invokeTestMethods(Invoker.java:1231)
	at org.testng.internal.TestMethodWorker.invokeTestMethods(TestMethodWorker.java:127)
	at org.testng.internal.TestMethodWorker.run(TestMethodWorker.java:111)
	at org.testng.TestRunner.privateRun(TestRunner.java:767)
	at org.testng.TestRunner.run(TestRunner.java:617)
	at org.testng.SuiteRunner.runTest(SuiteRunner.java:334)
	at org.testng.SuiteRunner.runSequentially(SuiteRunner.java:329)
	at org.testng.SuiteRunner.privateRun(SuiteRunner.java:291)
	at org.testng.SuiteRunner.run(SuiteRunner.java:240)
	at org.testng.SuiteRunnerWorker.runSuite(SuiteRunnerWorker.java:52)
	at org.testng.SuiteRunnerWorker.run(SuiteRunnerWorker.java:86)
	at org.testng.TestNG.runSuitesSequentially(TestNG.java:1224)
	at org.testng.TestNG.runSuitesLocally(TestNG.java:1149)
	at org.testng.TestNG.run(TestNG.java:1057)
	at org.apache.maven.surefire.testng.TestNGExecutor.run(TestNGExecutor.java:70)
	at org.apache.maven.surefire.testng.TestNGDirectoryTestSuite.executeMulti(TestNGDirectoryTestSuite.java:157)
	at org.apache.maven.surefire.testng.TestNGDirectoryTestSuite.execute(TestNGDirectoryTestSuite.java:97)
	at org.apache.maven.surefire.testng.TestNGProvider.invoke(TestNGProvider.java:111)
	at sun.reflect.NativeMethodAccessorImpl.invoke0(Native Method)
	at sun.reflect.NativeMethodAccessorImpl.invoke(NativeMethodAccessorImpl.java:57)
	at sun.reflect.DelegatingMethodAccessorImpl.invoke(DelegatingMethodAccessorImpl.java:43)
	at java.lang.reflect.Method.invoke(Method.java:606)
	at org.apache.maven.surefire.util.ReflectionUtils.invokeMethodWithArray(ReflectionUtils.java:164)
	at org.apache.maven.surefire.booter.ProviderFactory$ProviderProxy.invoke(ProviderFactory.java:110)
	at org.apache.maven.surefire.booter.SurefireStarter.invokeProvider(SurefireStarter.java:172)
	at org.apache.maven.surefire.booter.SurefireStarter.runSuitesInProcessWhenForked(SurefireStarter.java:104)
	at org.apache.maven.surefire.booter.ForkedBooter.main(ForkedBooter.java:70)
</pre></div></td>
<td>0</td>
<td>storm.starter.tools.SlidingWindowCounterTest@535e27</td></tr>
<tr>
<td title='storm.starter.tools.SlidingWindowCounterTest.lessThanTwoSlotsShouldThrowIAE()'><b>lessThanTwoSlotsShouldThrowIAE</b><br>Test class: storm.starter.tools.SlidingWindowCounterTest<br>Parameters: -1</td>
<td><div><pre>java.lang.IllegalArgumentException: Window length in slots must be at least two (you requested -1)
	at storm.starter.tools.SlidingWindowCounter.&lt;init&gt;(SlidingWindowCounter.java:79)
	at storm.starter.tools.SlidingWindowCounterTest.lessThanTwoSlotsShouldThrowIAE(SlidingWindowCounterTest.java:39)
... Removed 34 stack frames</pre></div><a href='#' onClick='toggleBox("stack-trace21667845", this, "Click to show all stack frames", "Click to hide stack frames")'>Click to show all stack frames</a>
<div class='stack-trace' id='stack-trace21667845'><pre>java.lang.IllegalArgumentException: Window length in slots must be at least two (you requested -1)
	at storm.starter.tools.SlidingWindowCounter.&lt;init&gt;(SlidingWindowCounter.java:79)
	at storm.starter.tools.SlidingWindowCounterTest.lessThanTwoSlotsShouldThrowIAE(SlidingWindowCounterTest.java:39)
	at sun.reflect.NativeMethodAccessorImpl.invoke0(Native Method)
	at sun.reflect.NativeMethodAccessorImpl.invoke(NativeMethodAccessorImpl.java:57)
	at sun.reflect.DelegatingMethodAccessorImpl.invoke(DelegatingMethodAccessorImpl.java:43)
	at java.lang.reflect.Method.invoke(Method.java:606)
	at org.testng.internal.MethodInvocationHelper.invokeMethod(MethodInvocationHelper.java:84)
	at org.testng.internal.Invoker.invokeMethod(Invoker.java:714)
	at org.testng.internal.Invoker.invokeTestMethod(Invoker.java:901)
	at org.testng.internal.Invoker.invokeTestMethods(Invoker.java:1231)
	at org.testng.internal.TestMethodWorker.invokeTestMethods(TestMethodWorker.java:127)
	at org.testng.internal.TestMethodWorker.run(TestMethodWorker.java:111)
	at org.testng.TestRunner.privateRun(TestRunner.java:767)
	at org.testng.TestRunner.run(TestRunner.java:617)
	at org.testng.SuiteRunner.runTest(SuiteRunner.java:334)
	at org.testng.SuiteRunner.runSequentially(SuiteRunner.java:329)
	at org.testng.SuiteRunner.privateRun(SuiteRunner.java:291)
	at org.testng.SuiteRunner.run(SuiteRunner.java:240)
	at org.testng.SuiteRunnerWorker.runSuite(SuiteRunnerWorker.java:52)
	at org.testng.SuiteRunnerWorker.run(SuiteRunnerWorker.java:86)
	at org.testng.TestNG.runSuitesSequentially(TestNG.java:1224)
	at org.testng.TestNG.runSuitesLocally(TestNG.java:1149)
	at org.testng.TestNG.run(TestNG.java:1057)
	at org.apache.maven.surefire.testng.TestNGExecutor.run(TestNGExecutor.java:70)
	at org.apache.maven.surefire.testng.TestNGDirectoryTestSuite.executeMulti(TestNGDirectoryTestSuite.java:157)
	at org.apache.maven.surefire.testng.TestNGDirectoryTestSuite.execute(TestNGDirectoryTestSuite.java:97)
	at org.apache.maven.surefire.testng.TestNGProvider.invoke(TestNGProvider.java:111)
	at sun.reflect.NativeMethodAccessorImpl.invoke0(Native Method)
	at sun.reflect.NativeMethodAccessorImpl.invoke(NativeMethodAccessorImpl.java:57)
	at sun.reflect.DelegatingMethodAccessorImpl.invoke(DelegatingMethodAccessorImpl.java:43)
	at java.lang.reflect.Method.invoke(Method.java:606)
	at org.apache.maven.surefire.util.ReflectionUtils.invokeMethodWithArray(ReflectionUtils.java:164)
	at org.apache.maven.surefire.booter.ProviderFactory$ProviderProxy.invoke(ProviderFactory.java:110)
	at org.apache.maven.surefire.booter.SurefireStarter.invokeProvider(SurefireStarter.java:172)
	at org.apache.maven.surefire.booter.SurefireStarter.runSuitesInProcessWhenForked(SurefireStarter.java:104)
	at org.apache.maven.surefire.booter.ForkedBooter.main(ForkedBooter.java:70)
</pre></div></td>
<td>0</td>
<td>storm.starter.tools.SlidingWindowCounterTest@535e27</td></tr>
<tr>
<td title='storm.starter.tools.SlidingWindowCounterTest.lessThanTwoSlotsShouldThrowIAE()'><b>lessThanTwoSlotsShouldThrowIAE</b><br>Test class: storm.starter.tools.SlidingWindowCounterTest<br>Parameters: 0</td>
<td><div><pre>java.lang.IllegalArgumentException: Window length in slots must be at least two (you requested 0)
	at storm.starter.tools.SlidingWindowCounter.&lt;init&gt;(SlidingWindowCounter.java:79)
	at storm.starter.tools.SlidingWindowCounterTest.lessThanTwoSlotsShouldThrowIAE(SlidingWindowCounterTest.java:39)
... Removed 34 stack frames</pre></div><a href='#' onClick='toggleBox("stack-trace5235294", this, "Click to show all stack frames", "Click to hide stack frames")'>Click to show all stack frames</a>
<div class='stack-trace' id='stack-trace5235294'><pre>java.lang.IllegalArgumentException: Window length in slots must be at least two (you requested 0)
	at storm.starter.tools.SlidingWindowCounter.&lt;init&gt;(SlidingWindowCounter.java:79)
	at storm.starter.tools.SlidingWindowCounterTest.lessThanTwoSlotsShouldThrowIAE(SlidingWindowCounterTest.java:39)
	at sun.reflect.NativeMethodAccessorImpl.invoke0(Native Method)
	at sun.reflect.NativeMethodAccessorImpl.invoke(NativeMethodAccessorImpl.java:57)
	at sun.reflect.DelegatingMethodAccessorImpl.invoke(DelegatingMethodAccessorImpl.java:43)
	at java.lang.reflect.Method.invoke(Method.java:606)
	at org.testng.internal.MethodInvocationHelper.invokeMethod(MethodInvocationHelper.java:84)
	at org.testng.internal.Invoker.invokeMethod(Invoker.java:714)
	at org.testng.internal.Invoker.invokeTestMethod(Invoker.java:901)
	at org.testng.internal.Invoker.invokeTestMethods(Invoker.java:1231)
	at org.testng.internal.TestMethodWorker.invokeTestMethods(TestMethodWorker.java:127)
	at org.testng.internal.TestMethodWorker.run(TestMethodWorker.java:111)
	at org.testng.TestRunner.privateRun(TestRunner.java:767)
	at org.testng.TestRunner.run(TestRunner.java:617)
	at org.testng.SuiteRunner.runTest(SuiteRunner.java:334)
	at org.testng.SuiteRunner.runSequentially(SuiteRunner.java:329)
	at org.testng.SuiteRunner.privateRun(SuiteRunner.java:291)
	at org.testng.SuiteRunner.run(SuiteRunner.java:240)
	at org.testng.SuiteRunnerWorker.runSuite(SuiteRunnerWorker.java:52)
	at org.testng.SuiteRunnerWorker.run(SuiteRunnerWorker.java:86)
	at org.testng.TestNG.runSuitesSequentially(TestNG.java:1224)
	at org.testng.TestNG.runSuitesLocally(TestNG.java:1149)
	at org.testng.TestNG.run(TestNG.java:1057)
	at org.apache.maven.surefire.testng.TestNGExecutor.run(TestNGExecutor.java:70)
	at org.apache.maven.surefire.testng.TestNGDirectoryTestSuite.executeMulti(TestNGDirectoryTestSuite.java:157)
	at org.apache.maven.surefire.testng.TestNGDirectoryTestSuite.execute(TestNGDirectoryTestSuite.java:97)
	at org.apache.maven.surefire.testng.TestNGProvider.invoke(TestNGProvider.java:111)
	at sun.reflect.NativeMethodAccessorImpl.invoke0(Native Method)
	at sun.reflect.NativeMethodAccessorImpl.invoke(NativeMethodAccessorImpl.java:57)
	at sun.reflect.DelegatingMethodAccessorImpl.invoke(DelegatingMethodAccessorImpl.java:43)
	at java.lang.reflect.Method.invoke(Method.java:606)
	at org.apache.maven.surefire.util.ReflectionUtils.invokeMethodWithArray(ReflectionUtils.java:164)
	at org.apache.maven.surefire.booter.ProviderFactory$ProviderProxy.invoke(ProviderFactory.java:110)
	at org.apache.maven.surefire.booter.SurefireStarter.invokeProvider(SurefireStarter.java:172)
	at org.apache.maven.surefire.booter.SurefireStarter.runSuitesInProcessWhenForked(SurefireStarter.java:104)
	at org.apache.maven.surefire.booter.ForkedBooter.main(ForkedBooter.java:70)
</pre></div></td>
<td>0</td>
<td>storm.starter.tools.SlidingWindowCounterTest@535e27</td></tr>
<tr>
<td title='storm.starter.tools.SlidingWindowCounterTest.lessThanTwoSlotsShouldThrowIAE()'><b>lessThanTwoSlotsShouldThrowIAE</b><br>Test class: storm.starter.tools.SlidingWindowCounterTest<br>Parameters: 1</td>
<td><div><pre>java.lang.IllegalArgumentException: Window length in slots must be at least two (you requested 1)
	at storm.starter.tools.SlidingWindowCounter.&lt;init&gt;(SlidingWindowCounter.java:79)
	at storm.starter.tools.SlidingWindowCounterTest.lessThanTwoSlotsShouldThrowIAE(SlidingWindowCounterTest.java:39)
... Removed 34 stack frames</pre></div><a href='#' onClick='toggleBox("stack-trace9877412", this, "Click to show all stack frames", "Click to hide stack frames")'>Click to show all stack frames</a>
<div class='stack-trace' id='stack-trace9877412'><pre>java.lang.IllegalArgumentException: Window length in slots must be at least two (you requested 1)
	at storm.starter.tools.SlidingWindowCounter.&lt;init&gt;(SlidingWindowCounter.java:79)
	at storm.starter.tools.SlidingWindowCounterTest.lessThanTwoSlotsShouldThrowIAE(SlidingWindowCounterTest.java:39)
	at sun.reflect.NativeMethodAccessorImpl.invoke0(Native Method)
	at sun.reflect.NativeMethodAccessorImpl.invoke(NativeMethodAccessorImpl.java:57)
	at sun.reflect.DelegatingMethodAccessorImpl.invoke(DelegatingMethodAccessorImpl.java:43)
	at java.lang.reflect.Method.invoke(Method.java:606)
	at org.testng.internal.MethodInvocationHelper.invokeMethod(MethodInvocationHelper.java:84)
	at org.testng.internal.Invoker.invokeMethod(Invoker.java:714)
	at org.testng.internal.Invoker.invokeTestMethod(Invoker.java:901)
	at org.testng.internal.Invoker.invokeTestMethods(Invoker.java:1231)
	at org.testng.internal.TestMethodWorker.invokeTestMethods(TestMethodWorker.java:127)
	at org.testng.internal.TestMethodWorker.run(TestMethodWorker.java:111)
	at org.testng.TestRunner.privateRun(TestRunner.java:767)
	at org.testng.TestRunner.run(TestRunner.java:617)
	at org.testng.SuiteRunner.runTest(SuiteRunner.java:334)
	at org.testng.SuiteRunner.runSequentially(SuiteRunner.java:329)
	at org.testng.SuiteRunner.privateRun(SuiteRunner.java:291)
	at org.testng.SuiteRunner.run(SuiteRunner.java:240)
	at org.testng.SuiteRunnerWorker.runSuite(SuiteRunnerWorker.java:52)
	at org.testng.SuiteRunnerWorker.run(SuiteRunnerWorker.java:86)
	at org.testng.TestNG.runSuitesSequentially(TestNG.java:1224)
	at org.testng.TestNG.runSuitesLocally(TestNG.java:1149)
	at org.testng.TestNG.run(TestNG.java:1057)
	at org.apache.maven.surefire.testng.TestNGExecutor.run(TestNGExecutor.java:70)
	at org.apache.maven.surefire.testng.TestNGDirectoryTestSuite.executeMulti(TestNGDirectoryTestSuite.java:157)
	at org.apache.maven.surefire.testng.TestNGDirectoryTestSuite.execute(TestNGDirectoryTestSuite.java:97)
	at org.apache.maven.surefire.testng.TestNGProvider.invoke(TestNGProvider.java:111)
	at sun.reflect.NativeMethodAccessorImpl.invoke0(Native Method)
	at sun.reflect.NativeMethodAccessorImpl.invoke(NativeMethodAccessorImpl.java:57)
	at sun.reflect.DelegatingMethodAccessorImpl.invoke(DelegatingMethodAccessorImpl.java:43)
	at java.lang.reflect.Method.invoke(Method.java:606)
	at org.apache.maven.surefire.util.ReflectionUtils.invokeMethodWithArray(ReflectionUtils.java:164)
	at org.apache.maven.surefire.booter.ProviderFactory$ProviderProxy.invoke(ProviderFactory.java:110)
	at org.apache.maven.surefire.booter.SurefireStarter.invokeProvider(SurefireStarter.java:172)
	at org.apache.maven.surefire.booter.SurefireStarter.runSuitesInProcessWhenForked(SurefireStarter.java:104)
	at org.apache.maven.surefire.booter.ForkedBooter.main(ForkedBooter.java:70)
</pre></div></td>
<td>0</td>
<td>storm.starter.tools.SlidingWindowCounterTest@535e27</td></tr>
<tr>
<td title='storm.starter.bolt.IntermediateRankingsBoltTest.negativeOrZeroEmitFrequencyShouldThrowIAE()'><b>negativeOrZeroEmitFrequencyShouldThrowIAE</b><br>Test class: storm.starter.bolt.IntermediateRankingsBoltTest<br>Parameters: -10</td>
<td><div><pre>java.lang.IllegalArgumentException: The emit frequency must be &gt;= 1 seconds (you requested -10 seconds)
	at storm.starter.bolt.AbstractRankerBolt.&lt;init&gt;(AbstractRankerBolt.java:64)
	at storm.starter.bolt.IntermediateRankingsBolt.&lt;init&gt;(IntermediateRankingsBolt.java:45)
	at storm.starter.bolt.IntermediateRankingsBoltTest.negativeOrZeroEmitFrequencyShouldThrowIAE(IntermediateRankingsBoltTest.java:68)
... Removed 34 stack frames</pre></div><a href='#' onClick='toggleBox("stack-trace27401907", this, "Click to show all stack frames", "Click to hide stack frames")'>Click to show all stack frames</a>
<div class='stack-trace' id='stack-trace27401907'><pre>java.lang.IllegalArgumentException: The emit frequency must be &gt;= 1 seconds (you requested -10 seconds)
	at storm.starter.bolt.AbstractRankerBolt.&lt;init&gt;(AbstractRankerBolt.java:64)
	at storm.starter.bolt.IntermediateRankingsBolt.&lt;init&gt;(IntermediateRankingsBolt.java:45)
	at storm.starter.bolt.IntermediateRankingsBoltTest.negativeOrZeroEmitFrequencyShouldThrowIAE(IntermediateRankingsBoltTest.java:68)
	at sun.reflect.NativeMethodAccessorImpl.invoke0(Native Method)
	at sun.reflect.NativeMethodAccessorImpl.invoke(NativeMethodAccessorImpl.java:57)
	at sun.reflect.DelegatingMethodAccessorImpl.invoke(DelegatingMethodAccessorImpl.java:43)
	at java.lang.reflect.Method.invoke(Method.java:606)
	at org.testng.internal.MethodInvocationHelper.invokeMethod(MethodInvocationHelper.java:84)
	at org.testng.internal.Invoker.invokeMethod(Invoker.java:714)
	at org.testng.internal.Invoker.invokeTestMethod(Invoker.java:901)
	at org.testng.internal.Invoker.invokeTestMethods(Invoker.java:1231)
	at org.testng.internal.TestMethodWorker.invokeTestMethods(TestMethodWorker.java:127)
	at org.testng.internal.TestMethodWorker.run(TestMethodWorker.java:111)
	at org.testng.TestRunner.privateRun(TestRunner.java:767)
	at org.testng.TestRunner.run(TestRunner.java:617)
	at org.testng.SuiteRunner.runTest(SuiteRunner.java:334)
	at org.testng.SuiteRunner.runSequentially(SuiteRunner.java:329)
	at org.testng.SuiteRunner.privateRun(SuiteRunner.java:291)
	at org.testng.SuiteRunner.run(SuiteRunner.java:240)
	at org.testng.SuiteRunnerWorker.runSuite(SuiteRunnerWorker.java:52)
	at org.testng.SuiteRunnerWorker.run(SuiteRunnerWorker.java:86)
	at org.testng.TestNG.runSuitesSequentially(TestNG.java:1224)
	at org.testng.TestNG.runSuitesLocally(TestNG.java:1149)
	at org.testng.TestNG.run(TestNG.java:1057)
	at org.apache.maven.surefire.testng.TestNGExecutor.run(TestNGExecutor.java:70)
	at org.apache.maven.surefire.testng.TestNGDirectoryTestSuite.executeMulti(TestNGDirectoryTestSuite.java:157)
	at org.apache.maven.surefire.testng.TestNGDirectoryTestSuite.execute(TestNGDirectoryTestSuite.java:97)
	at org.apache.maven.surefire.testng.TestNGProvider.invoke(TestNGProvider.java:111)
	at sun.reflect.NativeMethodAccessorImpl.invoke0(Native Method)
	at sun.reflect.NativeMethodAccessorImpl.invoke(NativeMethodAccessorImpl.java:57)
	at sun.reflect.DelegatingMethodAccessorImpl.invoke(DelegatingMethodAccessorImpl.java:43)
	at java.lang.reflect.Method.invoke(Method.java:606)
	at org.apache.maven.surefire.util.ReflectionUtils.invokeMethodWithArray(ReflectionUtils.java:164)
	at org.apache.maven.surefire.booter.ProviderFactory$ProviderProxy.invoke(ProviderFactory.java:110)
	at org.apache.maven.surefire.booter.SurefireStarter.invokeProvider(SurefireStarter.java:172)
	at org.apache.maven.surefire.booter.SurefireStarter.runSuitesInProcessWhenForked(SurefireStarter.java:104)
	at org.apache.maven.surefire.booter.ForkedBooter.main(ForkedBooter.java:70)
</pre></div></td>
<td>0</td>
<td>storm.starter.bolt.IntermediateRankingsBoltTest@14f6d51</td></tr>
<tr>
<td title='storm.starter.bolt.IntermediateRankingsBoltTest.negativeOrZeroEmitFrequencyShouldThrowIAE()'><b>negativeOrZeroEmitFrequencyShouldThrowIAE</b><br>Test class: storm.starter.bolt.IntermediateRankingsBoltTest<br>Parameters: -3</td>
<td><div><pre>java.lang.IllegalArgumentException: The emit frequency must be &gt;= 1 seconds (you requested -3 seconds)
	at storm.starter.bolt.AbstractRankerBolt.&lt;init&gt;(AbstractRankerBolt.java:64)
	at storm.starter.bolt.IntermediateRankingsBolt.&lt;init&gt;(IntermediateRankingsBolt.java:45)
	at storm.starter.bolt.IntermediateRankingsBoltTest.negativeOrZeroEmitFrequencyShouldThrowIAE(IntermediateRankingsBoltTest.java:68)
... Removed 34 stack frames</pre></div><a href='#' onClick='toggleBox("stack-trace9273539", this, "Click to show all stack frames", "Click to hide stack frames")'>Click to show all stack frames</a>
<div class='stack-trace' id='stack-trace9273539'><pre>java.lang.IllegalArgumentException: The emit frequency must be &gt;= 1 seconds (you requested -3 seconds)
	at storm.starter.bolt.AbstractRankerBolt.&lt;init&gt;(AbstractRankerBolt.java:64)
	at storm.starter.bolt.IntermediateRankingsBolt.&lt;init&gt;(IntermediateRankingsBolt.java:45)
	at storm.starter.bolt.IntermediateRankingsBoltTest.negativeOrZeroEmitFrequencyShouldThrowIAE(IntermediateRankingsBoltTest.java:68)
	at sun.reflect.NativeMethodAccessorImpl.invoke0(Native Method)
	at sun.reflect.NativeMethodAccessorImpl.invoke(NativeMethodAccessorImpl.java:57)
	at sun.reflect.DelegatingMethodAccessorImpl.invoke(DelegatingMethodAccessorImpl.java:43)
	at java.lang.reflect.Method.invoke(Method.java:606)
	at org.testng.internal.MethodInvocationHelper.invokeMethod(MethodInvocationHelper.java:84)
	at org.testng.internal.Invoker.invokeMethod(Invoker.java:714)
	at org.testng.internal.Invoker.invokeTestMethod(Invoker.java:901)
	at org.testng.internal.Invoker.invokeTestMethods(Invoker.java:1231)
	at org.testng.internal.TestMethodWorker.invokeTestMethods(TestMethodWorker.java:127)
	at org.testng.internal.TestMethodWorker.run(TestMethodWorker.java:111)
	at org.testng.TestRunner.privateRun(TestRunner.java:767)
	at org.testng.TestRunner.run(TestRunner.java:617)
	at org.testng.SuiteRunner.runTest(SuiteRunner.java:334)
	at org.testng.SuiteRunner.runSequentially(SuiteRunner.java:329)
	at org.testng.SuiteRunner.privateRun(SuiteRunner.java:291)
	at org.testng.SuiteRunner.run(SuiteRunner.java:240)
	at org.testng.SuiteRunnerWorker.runSuite(SuiteRunnerWorker.java:52)
	at org.testng.SuiteRunnerWorker.run(SuiteRunnerWorker.java:86)
	at org.testng.TestNG.runSuitesSequentially(TestNG.java:1224)
	at org.testng.TestNG.runSuitesLocally(TestNG.java:1149)
	at org.testng.TestNG.run(TestNG.java:1057)
	at org.apache.maven.surefire.testng.TestNGExecutor.run(TestNGExecutor.java:70)
	at org.apache.maven.surefire.testng.TestNGDirectoryTestSuite.executeMulti(TestNGDirectoryTestSuite.java:157)
	at org.apache.maven.surefire.testng.TestNGDirectoryTestSuite.execute(TestNGDirectoryTestSuite.java:97)
	at org.apache.maven.surefire.testng.TestNGProvider.invoke(TestNGProvider.java:111)
	at sun.reflect.NativeMethodAccessorImpl.invoke0(Native Method)
	at sun.reflect.NativeMethodAccessorImpl.invoke(NativeMethodAccessorImpl.java:57)
	at sun.reflect.DelegatingMethodAccessorImpl.invoke(DelegatingMethodAccessorImpl.java:43)
	at java.lang.reflect.Method.invoke(Method.java:606)
	at org.apache.maven.surefire.util.ReflectionUtils.invokeMethodWithArray(ReflectionUtils.java:164)
	at org.apache.maven.surefire.booter.ProviderFactory$ProviderProxy.invoke(ProviderFactory.java:110)
	at org.apache.maven.surefire.booter.SurefireStarter.invokeProvider(SurefireStarter.java:172)
	at org.apache.maven.surefire.booter.SurefireStarter.runSuitesInProcessWhenForked(SurefireStarter.java:104)
	at org.apache.maven.surefire.booter.ForkedBooter.main(ForkedBooter.java:70)
</pre></div></td>
<td>0</td>
<td>storm.starter.bolt.IntermediateRankingsBoltTest@14f6d51</td></tr>
<tr>
<td title='storm.starter.bolt.IntermediateRankingsBoltTest.negativeOrZeroEmitFrequencyShouldThrowIAE()'><b>negativeOrZeroEmitFrequencyShouldThrowIAE</b><br>Test class: storm.starter.bolt.IntermediateRankingsBoltTest<br>Parameters: -2</td>
<td><div><pre>java.lang.IllegalArgumentException: The emit frequency must be &gt;= 1 seconds (you requested -2 seconds)
	at storm.starter.bolt.AbstractRankerBolt.&lt;init&gt;(AbstractRankerBolt.java:64)
	at storm.starter.bolt.IntermediateRankingsBolt.&lt;init&gt;(IntermediateRankingsBolt.java:45)
	at storm.starter.bolt.IntermediateRankingsBoltTest.negativeOrZeroEmitFrequencyShouldThrowIAE(IntermediateRankingsBoltTest.java:68)
... Removed 34 stack frames</pre></div><a href='#' onClick='toggleBox("stack-trace35243", this, "Click to show all stack frames", "Click to hide stack frames")'>Click to show all stack frames</a>
<div class='stack-trace' id='stack-trace35243'><pre>java.lang.IllegalArgumentException: The emit frequency must be &gt;= 1 seconds (you requested -2 seconds)
	at storm.starter.bolt.AbstractRankerBolt.&lt;init&gt;(AbstractRankerBolt.java:64)
	at storm.starter.bolt.IntermediateRankingsBolt.&lt;init&gt;(IntermediateRankingsBolt.java:45)
	at storm.starter.bolt.IntermediateRankingsBoltTest.negativeOrZeroEmitFrequencyShouldThrowIAE(IntermediateRankingsBoltTest.java:68)
	at sun.reflect.NativeMethodAccessorImpl.invoke0(Native Method)
	at sun.reflect.NativeMethodAccessorImpl.invoke(NativeMethodAccessorImpl.java:57)
	at sun.reflect.DelegatingMethodAccessorImpl.invoke(DelegatingMethodAccessorImpl.java:43)
	at java.lang.reflect.Method.invoke(Method.java:606)
	at org.testng.internal.MethodInvocationHelper.invokeMethod(MethodInvocationHelper.java:84)
	at org.testng.internal.Invoker.invokeMethod(Invoker.java:714)
	at org.testng.internal.Invoker.invokeTestMethod(Invoker.java:901)
	at org.testng.internal.Invoker.invokeTestMethods(Invoker.java:1231)
	at org.testng.internal.TestMethodWorker.invokeTestMethods(TestMethodWorker.java:127)
	at org.testng.internal.TestMethodWorker.run(TestMethodWorker.java:111)
	at org.testng.TestRunner.privateRun(TestRunner.java:767)
	at org.testng.TestRunner.run(TestRunner.java:617)
	at org.testng.SuiteRunner.runTest(SuiteRunner.java:334)
	at org.testng.SuiteRunner.runSequentially(SuiteRunner.java:329)
	at org.testng.SuiteRunner.privateRun(SuiteRunner.java:291)
	at org.testng.SuiteRunner.run(SuiteRunner.java:240)
	at org.testng.SuiteRunnerWorker.runSuite(SuiteRunnerWorker.java:52)
	at org.testng.SuiteRunnerWorker.run(SuiteRunnerWorker.java:86)
	at org.testng.TestNG.runSuitesSequentially(TestNG.java:1224)
	at org.testng.TestNG.runSuitesLocally(TestNG.java:1149)
	at org.testng.TestNG.run(TestNG.java:1057)
	at org.apache.maven.surefire.testng.TestNGExecutor.run(TestNGExecutor.java:70)
	at org.apache.maven.surefire.testng.TestNGDirectoryTestSuite.executeMulti(TestNGDirectoryTestSuite.java:157)
	at org.apache.maven.surefire.testng.TestNGDirectoryTestSuite.execute(TestNGDirectoryTestSuite.java:97)
	at org.apache.maven.surefire.testng.TestNGProvider.invoke(TestNGProvider.java:111)
	at sun.reflect.NativeMethodAccessorImpl.invoke0(Native Method)
	at sun.reflect.NativeMethodAccessorImpl.invoke(NativeMethodAccessorImpl.java:57)
	at sun.reflect.DelegatingMethodAccessorImpl.invoke(DelegatingMethodAccessorImpl.java:43)
	at java.lang.reflect.Method.invoke(Method.java:606)
	at org.apache.maven.surefire.util.ReflectionUtils.invokeMethodWithArray(ReflectionUtils.java:164)
	at org.apache.maven.surefire.booter.ProviderFactory$ProviderProxy.invoke(ProviderFactory.java:110)
	at org.apache.maven.surefire.booter.SurefireStarter.invokeProvider(SurefireStarter.java:172)
	at org.apache.maven.surefire.booter.SurefireStarter.runSuitesInProcessWhenForked(SurefireStarter.java:104)
	at org.apache.maven.surefire.booter.ForkedBooter.main(ForkedBooter.java:70)
</pre></div></td>
<td>0</td>
<td>storm.starter.bolt.IntermediateRankingsBoltTest@14f6d51</td></tr>
<tr>
<td title='storm.starter.bolt.IntermediateRankingsBoltTest.negativeOrZeroEmitFrequencyShouldThrowIAE()'><b>negativeOrZeroEmitFrequencyShouldThrowIAE</b><br>Test class: storm.starter.bolt.IntermediateRankingsBoltTest<br>Parameters: -1</td>
<td><div><pre>java.lang.IllegalArgumentException: The emit frequency must be &gt;= 1 seconds (you requested -1 seconds)
	at storm.starter.bolt.AbstractRankerBolt.&lt;init&gt;(AbstractRankerBolt.java:64)
	at storm.starter.bolt.IntermediateRankingsBolt.&lt;init&gt;(IntermediateRankingsBolt.java:45)
	at storm.starter.bolt.IntermediateRankingsBoltTest.negativeOrZeroEmitFrequencyShouldThrowIAE(IntermediateRankingsBoltTest.java:68)
... Removed 34 stack frames</pre></div><a href='#' onClick='toggleBox("stack-trace21917938", this, "Click to show all stack frames", "Click to hide stack frames")'>Click to show all stack frames</a>
<div class='stack-trace' id='stack-trace21917938'><pre>java.lang.IllegalArgumentException: The emit frequency must be &gt;= 1 seconds (you requested -1 seconds)
	at storm.starter.bolt.AbstractRankerBolt.&lt;init&gt;(AbstractRankerBolt.java:64)
	at storm.starter.bolt.IntermediateRankingsBolt.&lt;init&gt;(IntermediateRankingsBolt.java:45)
	at storm.starter.bolt.IntermediateRankingsBoltTest.negativeOrZeroEmitFrequencyShouldThrowIAE(IntermediateRankingsBoltTest.java:68)
	at sun.reflect.NativeMethodAccessorImpl.invoke0(Native Method)
	at sun.reflect.NativeMethodAccessorImpl.invoke(NativeMethodAccessorImpl.java:57)
	at sun.reflect.DelegatingMethodAccessorImpl.invoke(DelegatingMethodAccessorImpl.java:43)
	at java.lang.reflect.Method.invoke(Method.java:606)
	at org.testng.internal.MethodInvocationHelper.invokeMethod(MethodInvocationHelper.java:84)
	at org.testng.internal.Invoker.invokeMethod(Invoker.java:714)
	at org.testng.internal.Invoker.invokeTestMethod(Invoker.java:901)
	at org.testng.internal.Invoker.invokeTestMethods(Invoker.java:1231)
	at org.testng.internal.TestMethodWorker.invokeTestMethods(TestMethodWorker.java:127)
	at org.testng.internal.TestMethodWorker.run(TestMethodWorker.java:111)
	at org.testng.TestRunner.privateRun(TestRunner.java:767)
	at org.testng.TestRunner.run(TestRunner.java:617)
	at org.testng.SuiteRunner.runTest(SuiteRunner.java:334)
	at org.testng.SuiteRunner.runSequentially(SuiteRunner.java:329)
	at org.testng.SuiteRunner.privateRun(SuiteRunner.java:291)
	at org.testng.SuiteRunner.run(SuiteRunner.java:240)
	at org.testng.SuiteRunnerWorker.runSuite(SuiteRunnerWorker.java:52)
	at org.testng.SuiteRunnerWorker.run(SuiteRunnerWorker.java:86)
	at org.testng.TestNG.runSuitesSequentially(TestNG.java:1224)
	at org.testng.TestNG.runSuitesLocally(TestNG.java:1149)
	at org.testng.TestNG.run(TestNG.java:1057)
	at org.apache.maven.surefire.testng.TestNGExecutor.run(TestNGExecutor.java:70)
	at org.apache.maven.surefire.testng.TestNGDirectoryTestSuite.executeMulti(TestNGDirectoryTestSuite.java:157)
	at org.apache.maven.surefire.testng.TestNGDirectoryTestSuite.execute(TestNGDirectoryTestSuite.java:97)
	at org.apache.maven.surefire.testng.TestNGProvider.invoke(TestNGProvider.java:111)
	at sun.reflect.NativeMethodAccessorImpl.invoke0(Native Method)
	at sun.reflect.NativeMethodAccessorImpl.invoke(NativeMethodAccessorImpl.java:57)
	at sun.reflect.DelegatingMethodAccessorImpl.invoke(DelegatingMethodAccessorImpl.java:43)
	at java.lang.reflect.Method.invoke(Method.java:606)
	at org.apache.maven.surefire.util.ReflectionUtils.invokeMethodWithArray(ReflectionUtils.java:164)
	at org.apache.maven.surefire.booter.ProviderFactory$ProviderProxy.invoke(ProviderFactory.java:110)
	at org.apache.maven.surefire.booter.SurefireStarter.invokeProvider(SurefireStarter.java:172)
	at org.apache.maven.surefire.booter.SurefireStarter.runSuitesInProcessWhenForked(SurefireStarter.java:104)
	at org.apache.maven.surefire.booter.ForkedBooter.main(ForkedBooter.java:70)
</pre></div></td>
<td>0</td>
<td>storm.starter.bolt.IntermediateRankingsBoltTest@14f6d51</td></tr>
<tr>
<td title='storm.starter.bolt.IntermediateRankingsBoltTest.negativeOrZeroEmitFrequencyShouldThrowIAE()'><b>negativeOrZeroEmitFrequencyShouldThrowIAE</b><br>Test class: storm.starter.bolt.IntermediateRankingsBoltTest<br>Parameters: 0</td>
<td><div><pre>java.lang.IllegalArgumentException: The emit frequency must be &gt;= 1 seconds (you requested 0 seconds)
	at storm.starter.bolt.AbstractRankerBolt.&lt;init&gt;(AbstractRankerBolt.java:64)
	at storm.starter.bolt.IntermediateRankingsBolt.&lt;init&gt;(IntermediateRankingsBolt.java:45)
	at storm.starter.bolt.IntermediateRankingsBoltTest.negativeOrZeroEmitFrequencyShouldThrowIAE(IntermediateRankingsBoltTest.java:68)
... Removed 34 stack frames</pre></div><a href='#' onClick='toggleBox("stack-trace14232530", this, "Click to show all stack frames", "Click to hide stack frames")'>Click to show all stack frames</a>
<div class='stack-trace' id='stack-trace14232530'><pre>java.lang.IllegalArgumentException: The emit frequency must be &gt;= 1 seconds (you requested 0 seconds)
	at storm.starter.bolt.AbstractRankerBolt.&lt;init&gt;(AbstractRankerBolt.java:64)
	at storm.starter.bolt.IntermediateRankingsBolt.&lt;init&gt;(IntermediateRankingsBolt.java:45)
	at storm.starter.bolt.IntermediateRankingsBoltTest.negativeOrZeroEmitFrequencyShouldThrowIAE(IntermediateRankingsBoltTest.java:68)
	at sun.reflect.NativeMethodAccessorImpl.invoke0(Native Method)
	at sun.reflect.NativeMethodAccessorImpl.invoke(NativeMethodAccessorImpl.java:57)
	at sun.reflect.DelegatingMethodAccessorImpl.invoke(DelegatingMethodAccessorImpl.java:43)
	at java.lang.reflect.Method.invoke(Method.java:606)
	at org.testng.internal.MethodInvocationHelper.invokeMethod(MethodInvocationHelper.java:84)
	at org.testng.internal.Invoker.invokeMethod(Invoker.java:714)
	at org.testng.internal.Invoker.invokeTestMethod(Invoker.java:901)
	at org.testng.internal.Invoker.invokeTestMethods(Invoker.java:1231)
	at org.testng.internal.TestMethodWorker.invokeTestMethods(TestMethodWorker.java:127)
	at org.testng.internal.TestMethodWorker.run(TestMethodWorker.java:111)
	at org.testng.TestRunner.privateRun(TestRunner.java:767)
	at org.testng.TestRunner.run(TestRunner.java:617)
	at org.testng.SuiteRunner.runTest(SuiteRunner.java:334)
	at org.testng.SuiteRunner.runSequentially(SuiteRunner.java:329)
	at org.testng.SuiteRunner.privateRun(SuiteRunner.java:291)
	at org.testng.SuiteRunner.run(SuiteRunner.java:240)
	at org.testng.SuiteRunnerWorker.runSuite(SuiteRunnerWorker.java:52)
	at org.testng.SuiteRunnerWorker.run(SuiteRunnerWorker.java:86)
	at org.testng.TestNG.runSuitesSequentially(TestNG.java:1224)
	at org.testng.TestNG.runSuitesLocally(TestNG.java:1149)
	at org.testng.TestNG.run(TestNG.java:1057)
	at org.apache.maven.surefire.testng.TestNGExecutor.run(TestNGExecutor.java:70)
	at org.apache.maven.surefire.testng.TestNGDirectoryTestSuite.executeMulti(TestNGDirectoryTestSuite.java:157)
	at org.apache.maven.surefire.testng.TestNGDirectoryTestSuite.execute(TestNGDirectoryTestSuite.java:97)
	at org.apache.maven.surefire.testng.TestNGProvider.invoke(TestNGProvider.java:111)
	at sun.reflect.NativeMethodAccessorImpl.invoke0(Native Method)
	at sun.reflect.NativeMethodAccessorImpl.invoke(NativeMethodAccessorImpl.java:57)
	at sun.reflect.DelegatingMethodAccessorImpl.invoke(DelegatingMethodAccessorImpl.java:43)
	at java.lang.reflect.Method.invoke(Method.java:606)
	at org.apache.maven.surefire.util.ReflectionUtils.invokeMethodWithArray(ReflectionUtils.java:164)
	at org.apache.maven.surefire.booter.ProviderFactory$ProviderProxy.invoke(ProviderFactory.java:110)
	at org.apache.maven.surefire.booter.SurefireStarter.invokeProvider(SurefireStarter.java:172)
	at org.apache.maven.surefire.booter.SurefireStarter.runSuitesInProcessWhenForked(SurefireStarter.java:104)
	at org.apache.maven.surefire.booter.ForkedBooter.main(ForkedBooter.java:70)
</pre></div></td>
<td>0</td>
<td>storm.starter.bolt.IntermediateRankingsBoltTest@14f6d51</td></tr>
<tr>
<td title='storm.starter.bolt.TotalRankingsBoltTest.negativeOrZeroEmitFrequencyShouldThrowIAE()'><b>negativeOrZeroEmitFrequencyShouldThrowIAE</b><br>Test class: storm.starter.bolt.TotalRankingsBoltTest<br>Parameters: -10</td>
<td><div><pre>java.lang.IllegalArgumentException: The emit frequency must be &gt;= 1 seconds (you requested -10 seconds)
	at storm.starter.bolt.AbstractRankerBolt.&lt;init&gt;(AbstractRankerBolt.java:64)
	at storm.starter.bolt.TotalRankingsBolt.&lt;init&gt;(TotalRankingsBolt.java:44)
	at storm.starter.bolt.TotalRankingsBoltTest.negativeOrZeroEmitFrequencyShouldThrowIAE(TotalRankingsBoltTest.java:69)
... Removed 34 stack frames</pre></div><a href='#' onClick='toggleBox("stack-trace22925138", this, "Click to show all stack frames", "Click to hide stack frames")'>Click to show all stack frames</a>
<div class='stack-trace' id='stack-trace22925138'><pre>java.lang.IllegalArgumentException: The emit frequency must be &gt;= 1 seconds (you requested -10 seconds)
	at storm.starter.bolt.AbstractRankerBolt.&lt;init&gt;(AbstractRankerBolt.java:64)
	at storm.starter.bolt.TotalRankingsBolt.&lt;init&gt;(TotalRankingsBolt.java:44)
	at storm.starter.bolt.TotalRankingsBoltTest.negativeOrZeroEmitFrequencyShouldThrowIAE(TotalRankingsBoltTest.java:69)
	at sun.reflect.NativeMethodAccessorImpl.invoke0(Native Method)
	at sun.reflect.NativeMethodAccessorImpl.invoke(NativeMethodAccessorImpl.java:57)
	at sun.reflect.DelegatingMethodAccessorImpl.invoke(DelegatingMethodAccessorImpl.java:43)
	at java.lang.reflect.Method.invoke(Method.java:606)
	at org.testng.internal.MethodInvocationHelper.invokeMethod(MethodInvocationHelper.java:84)
	at org.testng.internal.Invoker.invokeMethod(Invoker.java:714)
	at org.testng.internal.Invoker.invokeTestMethod(Invoker.java:901)
	at org.testng.internal.Invoker.invokeTestMethods(Invoker.java:1231)
	at org.testng.internal.TestMethodWorker.invokeTestMethods(TestMethodWorker.java:127)
	at org.testng.internal.TestMethodWorker.run(TestMethodWorker.java:111)
	at org.testng.TestRunner.privateRun(TestRunner.java:767)
	at org.testng.TestRunner.run(TestRunner.java:617)
	at org.testng.SuiteRunner.runTest(SuiteRunner.java:334)
	at org.testng.SuiteRunner.runSequentially(SuiteRunner.java:329)
	at org.testng.SuiteRunner.privateRun(SuiteRunner.java:291)
	at org.testng.SuiteRunner.run(SuiteRunner.java:240)
	at org.testng.SuiteRunnerWorker.runSuite(SuiteRunnerWorker.java:52)
	at org.testng.SuiteRunnerWorker.run(SuiteRunnerWorker.java:86)
	at org.testng.TestNG.runSuitesSequentially(TestNG.java:1224)
	at org.testng.TestNG.runSuitesLocally(TestNG.java:1149)
	at org.testng.TestNG.run(TestNG.java:1057)
	at org.apache.maven.surefire.testng.TestNGExecutor.run(TestNGExecutor.java:70)
	at org.apache.maven.surefire.testng.TestNGDirectoryTestSuite.executeMulti(TestNGDirectoryTestSuite.java:157)
	at org.apache.maven.surefire.testng.TestNGDirectoryTestSuite.execute(TestNGDirectoryTestSuite.java:97)
	at org.apache.maven.surefire.testng.TestNGProvider.invoke(TestNGProvider.java:111)
	at sun.reflect.NativeMethodAccessorImpl.invoke0(Native Method)
	at sun.reflect.NativeMethodAccessorImpl.invoke(NativeMethodAccessorImpl.java:57)
	at sun.reflect.DelegatingMethodAccessorImpl.invoke(DelegatingMethodAccessorImpl.java:43)
	at java.lang.reflect.Method.invoke(Method.java:606)
	at org.apache.maven.surefire.util.ReflectionUtils.invokeMethodWithArray(ReflectionUtils.java:164)
	at org.apache.maven.surefire.booter.ProviderFactory$ProviderProxy.invoke(ProviderFactory.java:110)
	at org.apache.maven.surefire.booter.SurefireStarter.invokeProvider(SurefireStarter.java:172)
	at org.apache.maven.surefire.booter.SurefireStarter.runSuitesInProcessWhenForked(SurefireStarter.java:104)
	at org.apache.maven.surefire.booter.ForkedBooter.main(ForkedBooter.java:70)
</pre></div></td>
<td>0</td>
<td>storm.starter.bolt.TotalRankingsBoltTest@146d5dc</td></tr>
<tr>
<td title='storm.starter.bolt.TotalRankingsBoltTest.negativeOrZeroEmitFrequencyShouldThrowIAE()'><b>negativeOrZeroEmitFrequencyShouldThrowIAE</b><br>Test class: storm.starter.bolt.TotalRankingsBoltTest<br>Parameters: -3</td>
<td><div><pre>java.lang.IllegalArgumentException: The emit frequency must be &gt;= 1 seconds (you requested -3 seconds)
	at storm.starter.bolt.AbstractRankerBolt.&lt;init&gt;(AbstractRankerBolt.java:64)
	at storm.starter.bolt.TotalRankingsBolt.&lt;init&gt;(TotalRankingsBolt.java:44)
	at storm.starter.bolt.TotalRankingsBoltTest.negativeOrZeroEmitFrequencyShouldThrowIAE(TotalRankingsBoltTest.java:69)
... Removed 34 stack frames</pre></div><a href='#' onClick='toggleBox("stack-trace30820502", this, "Click to show all stack frames", "Click to hide stack frames")'>Click to show all stack frames</a>
<div class='stack-trace' id='stack-trace30820502'><pre>java.lang.IllegalArgumentException: The emit frequency must be &gt;= 1 seconds (you requested -3 seconds)
	at storm.starter.bolt.AbstractRankerBolt.&lt;init&gt;(AbstractRankerBolt.java:64)
	at storm.starter.bolt.TotalRankingsBolt.&lt;init&gt;(TotalRankingsBolt.java:44)
	at storm.starter.bolt.TotalRankingsBoltTest.negativeOrZeroEmitFrequencyShouldThrowIAE(TotalRankingsBoltTest.java:69)
	at sun.reflect.NativeMethodAccessorImpl.invoke0(Native Method)
	at sun.reflect.NativeMethodAccessorImpl.invoke(NativeMethodAccessorImpl.java:57)
	at sun.reflect.DelegatingMethodAccessorImpl.invoke(DelegatingMethodAccessorImpl.java:43)
	at java.lang.reflect.Method.invoke(Method.java:606)
	at org.testng.internal.MethodInvocationHelper.invokeMethod(MethodInvocationHelper.java:84)
	at org.testng.internal.Invoker.invokeMethod(Invoker.java:714)
	at org.testng.internal.Invoker.invokeTestMethod(Invoker.java:901)
	at org.testng.internal.Invoker.invokeTestMethods(Invoker.java:1231)
	at org.testng.internal.TestMethodWorker.invokeTestMethods(TestMethodWorker.java:127)
	at org.testng.internal.TestMethodWorker.run(TestMethodWorker.java:111)
	at org.testng.TestRunner.privateRun(TestRunner.java:767)
	at org.testng.TestRunner.run(TestRunner.java:617)
	at org.testng.SuiteRunner.runTest(SuiteRunner.java:334)
	at org.testng.SuiteRunner.runSequentially(SuiteRunner.java:329)
	at org.testng.SuiteRunner.privateRun(SuiteRunner.java:291)
	at org.testng.SuiteRunner.run(SuiteRunner.java:240)
	at org.testng.SuiteRunnerWorker.runSuite(SuiteRunnerWorker.java:52)
	at org.testng.SuiteRunnerWorker.run(SuiteRunnerWorker.java:86)
	at org.testng.TestNG.runSuitesSequentially(TestNG.java:1224)
	at org.testng.TestNG.runSuitesLocally(TestNG.java:1149)
	at org.testng.TestNG.run(TestNG.java:1057)
	at org.apache.maven.surefire.testng.TestNGExecutor.run(TestNGExecutor.java:70)
	at org.apache.maven.surefire.testng.TestNGDirectoryTestSuite.executeMulti(TestNGDirectoryTestSuite.java:157)
	at org.apache.maven.surefire.testng.TestNGDirectoryTestSuite.execute(TestNGDirectoryTestSuite.java:97)
	at org.apache.maven.surefire.testng.TestNGProvider.invoke(TestNGProvider.java:111)
	at sun.reflect.NativeMethodAccessorImpl.invoke0(Native Method)
	at sun.reflect.NativeMethodAccessorImpl.invoke(NativeMethodAccessorImpl.java:57)
	at sun.reflect.DelegatingMethodAccessorImpl.invoke(DelegatingMethodAccessorImpl.java:43)
	at java.lang.reflect.Method.invoke(Method.java:606)
	at org.apache.maven.surefire.util.ReflectionUtils.invokeMethodWithArray(ReflectionUtils.java:164)
	at org.apache.maven.surefire.booter.ProviderFactory$ProviderProxy.invoke(ProviderFactory.java:110)
	at org.apache.maven.surefire.booter.SurefireStarter.invokeProvider(SurefireStarter.java:172)
	at org.apache.maven.surefire.booter.SurefireStarter.runSuitesInProcessWhenForked(SurefireStarter.java:104)
	at org.apache.maven.surefire.booter.ForkedBooter.main(ForkedBooter.java:70)
</pre></div></td>
<td>0</td>
<td>storm.starter.bolt.TotalRankingsBoltTest@146d5dc</td></tr>
<tr>
<td title='storm.starter.bolt.TotalRankingsBoltTest.negativeOrZeroEmitFrequencyShouldThrowIAE()'><b>negativeOrZeroEmitFrequencyShouldThrowIAE</b><br>Test class: storm.starter.bolt.TotalRankingsBoltTest<br>Parameters: -2</td>
<td><div><pre>java.lang.IllegalArgumentException: The emit frequency must be &gt;= 1 seconds (you requested -2 seconds)
	at storm.starter.bolt.AbstractRankerBolt.&lt;init&gt;(AbstractRankerBolt.java:64)
	at storm.starter.bolt.TotalRankingsBolt.&lt;init&gt;(TotalRankingsBolt.java:44)
	at storm.starter.bolt.TotalRankingsBoltTest.negativeOrZeroEmitFrequencyShouldThrowIAE(TotalRankingsBoltTest.java:69)
... Removed 34 stack frames</pre></div><a href='#' onClick='toggleBox("stack-trace20415823", this, "Click to show all stack frames", "Click to hide stack frames")'>Click to show all stack frames</a>
<div class='stack-trace' id='stack-trace20415823'><pre>java.lang.IllegalArgumentException: The emit frequency must be &gt;= 1 seconds (you requested -2 seconds)
	at storm.starter.bolt.AbstractRankerBolt.&lt;init&gt;(AbstractRankerBolt.java:64)
	at storm.starter.bolt.TotalRankingsBolt.&lt;init&gt;(TotalRankingsBolt.java:44)
	at storm.starter.bolt.TotalRankingsBoltTest.negativeOrZeroEmitFrequencyShouldThrowIAE(TotalRankingsBoltTest.java:69)
	at sun.reflect.NativeMethodAccessorImpl.invoke0(Native Method)
	at sun.reflect.NativeMethodAccessorImpl.invoke(NativeMethodAccessorImpl.java:57)
	at sun.reflect.DelegatingMethodAccessorImpl.invoke(DelegatingMethodAccessorImpl.java:43)
	at java.lang.reflect.Method.invoke(Method.java:606)
	at org.testng.internal.MethodInvocationHelper.invokeMethod(MethodInvocationHelper.java:84)
	at org.testng.internal.Invoker.invokeMethod(Invoker.java:714)
	at org.testng.internal.Invoker.invokeTestMethod(Invoker.java:901)
	at org.testng.internal.Invoker.invokeTestMethods(Invoker.java:1231)
	at org.testng.internal.TestMethodWorker.invokeTestMethods(TestMethodWorker.java:127)
	at org.testng.internal.TestMethodWorker.run(TestMethodWorker.java:111)
	at org.testng.TestRunner.privateRun(TestRunner.java:767)
	at org.testng.TestRunner.run(TestRunner.java:617)
	at org.testng.SuiteRunner.runTest(SuiteRunner.java:334)
	at org.testng.SuiteRunner.runSequentially(SuiteRunner.java:329)
	at org.testng.SuiteRunner.privateRun(SuiteRunner.java:291)
	at org.testng.SuiteRunner.run(SuiteRunner.java:240)
	at org.testng.SuiteRunnerWorker.runSuite(SuiteRunnerWorker.java:52)
	at org.testng.SuiteRunnerWorker.run(SuiteRunnerWorker.java:86)
	at org.testng.TestNG.runSuitesSequentially(TestNG.java:1224)
	at org.testng.TestNG.runSuitesLocally(TestNG.java:1149)
	at org.testng.TestNG.run(TestNG.java:1057)
	at org.apache.maven.surefire.testng.TestNGExecutor.run(TestNGExecutor.java:70)
	at org.apache.maven.surefire.testng.TestNGDirectoryTestSuite.executeMulti(TestNGDirectoryTestSuite.java:157)
	at org.apache.maven.surefire.testng.TestNGDirectoryTestSuite.execute(TestNGDirectoryTestSuite.java:97)
	at org.apache.maven.surefire.testng.TestNGProvider.invoke(TestNGProvider.java:111)
	at sun.reflect.NativeMethodAccessorImpl.invoke0(Native Method)
	at sun.reflect.NativeMethodAccessorImpl.invoke(NativeMethodAccessorImpl.java:57)
	at sun.reflect.DelegatingMethodAccessorImpl.invoke(DelegatingMethodAccessorImpl.java:43)
	at java.lang.reflect.Method.invoke(Method.java:606)
	at org.apache.maven.surefire.util.ReflectionUtils.invokeMethodWithArray(ReflectionUtils.java:164)
	at org.apache.maven.surefire.booter.ProviderFactory$ProviderProxy.invoke(ProviderFactory.java:110)
	at org.apache.maven.surefire.booter.SurefireStarter.invokeProvider(SurefireStarter.java:172)
	at org.apache.maven.surefire.booter.SurefireStarter.runSuitesInProcessWhenForked(SurefireStarter.java:104)
	at org.apache.maven.surefire.booter.ForkedBooter.main(ForkedBooter.java:70)
</pre></div></td>
<td>0</td>
<td>storm.starter.bolt.TotalRankingsBoltTest@146d5dc</td></tr>
<tr>
<td title='storm.starter.bolt.TotalRankingsBoltTest.negativeOrZeroEmitFrequencyShouldThrowIAE()'><b>negativeOrZeroEmitFrequencyShouldThrowIAE</b><br>Test class: storm.starter.bolt.TotalRankingsBoltTest<br>Parameters: -1</td>
<td><div><pre>java.lang.IllegalArgumentException: The emit frequency must be &gt;= 1 seconds (you requested -1 seconds)
	at storm.starter.bolt.AbstractRankerBolt.&lt;init&gt;(AbstractRankerBolt.java:64)
	at storm.starter.bolt.TotalRankingsBolt.&lt;init&gt;(TotalRankingsBolt.java:44)
	at storm.starter.bolt.TotalRankingsBoltTest.negativeOrZeroEmitFrequencyShouldThrowIAE(TotalRankingsBoltTest.java:69)
... Removed 34 stack frames</pre></div><a href='#' onClick='toggleBox("stack-trace1122254", this, "Click to show all stack frames", "Click to hide stack frames")'>Click to show all stack frames</a>
<div class='stack-trace' id='stack-trace1122254'><pre>java.lang.IllegalArgumentException: The emit frequency must be &gt;= 1 seconds (you requested -1 seconds)
	at storm.starter.bolt.AbstractRankerBolt.&lt;init&gt;(AbstractRankerBolt.java:64)
	at storm.starter.bolt.TotalRankingsBolt.&lt;init&gt;(TotalRankingsBolt.java:44)
	at storm.starter.bolt.TotalRankingsBoltTest.negativeOrZeroEmitFrequencyShouldThrowIAE(TotalRankingsBoltTest.java:69)
	at sun.reflect.NativeMethodAccessorImpl.invoke0(Native Method)
	at sun.reflect.NativeMethodAccessorImpl.invoke(NativeMethodAccessorImpl.java:57)
	at sun.reflect.DelegatingMethodAccessorImpl.invoke(DelegatingMethodAccessorImpl.java:43)
	at java.lang.reflect.Method.invoke(Method.java:606)
	at org.testng.internal.MethodInvocationHelper.invokeMethod(MethodInvocationHelper.java:84)
	at org.testng.internal.Invoker.invokeMethod(Invoker.java:714)
	at org.testng.internal.Invoker.invokeTestMethod(Invoker.java:901)
	at org.testng.internal.Invoker.invokeTestMethods(Invoker.java:1231)
	at org.testng.internal.TestMethodWorker.invokeTestMethods(TestMethodWorker.java:127)
	at org.testng.internal.TestMethodWorker.run(TestMethodWorker.java:111)
	at org.testng.TestRunner.privateRun(TestRunner.java:767)
	at org.testng.TestRunner.run(TestRunner.java:617)
	at org.testng.SuiteRunner.runTest(SuiteRunner.java:334)
	at org.testng.SuiteRunner.runSequentially(SuiteRunner.java:329)
	at org.testng.SuiteRunner.privateRun(SuiteRunner.java:291)
	at org.testng.SuiteRunner.run(SuiteRunner.java:240)
	at org.testng.SuiteRunnerWorker.runSuite(SuiteRunnerWorker.java:52)
	at org.testng.SuiteRunnerWorker.run(SuiteRunnerWorker.java:86)
	at org.testng.TestNG.runSuitesSequentially(TestNG.java:1224)
	at org.testng.TestNG.runSuitesLocally(TestNG.java:1149)
	at org.testng.TestNG.run(TestNG.java:1057)
	at org.apache.maven.surefire.testng.TestNGExecutor.run(TestNGExecutor.java:70)
	at org.apache.maven.surefire.testng.TestNGDirectoryTestSuite.executeMulti(TestNGDirectoryTestSuite.java:157)
	at org.apache.maven.surefire.testng.TestNGDirectoryTestSuite.execute(TestNGDirectoryTestSuite.java:97)
	at org.apache.maven.surefire.testng.TestNGProvider.invoke(TestNGProvider.java:111)
	at sun.reflect.NativeMethodAccessorImpl.invoke0(Native Method)
	at sun.reflect.NativeMethodAccessorImpl.invoke(NativeMethodAccessorImpl.java:57)
	at sun.reflect.DelegatingMethodAccessorImpl.invoke(DelegatingMethodAccessorImpl.java:43)
	at java.lang.reflect.Method.invoke(Method.java:606)
	at org.apache.maven.surefire.util.ReflectionUtils.invokeMethodWithArray(ReflectionUtils.java:164)
	at org.apache.maven.surefire.booter.ProviderFactory$ProviderProxy.invoke(ProviderFactory.java:110)
	at org.apache.maven.surefire.booter.SurefireStarter.invokeProvider(SurefireStarter.java:172)
	at org.apache.maven.surefire.booter.SurefireStarter.runSuitesInProcessWhenForked(SurefireStarter.java:104)
	at org.apache.maven.surefire.booter.ForkedBooter.main(ForkedBooter.java:70)
</pre></div></td>
<td>0</td>
<td>storm.starter.bolt.TotalRankingsBoltTest@146d5dc</td></tr>
<tr>
<td title='storm.starter.bolt.TotalRankingsBoltTest.negativeOrZeroEmitFrequencyShouldThrowIAE()'><b>negativeOrZeroEmitFrequencyShouldThrowIAE</b><br>Test class: storm.starter.bolt.TotalRankingsBoltTest<br>Parameters: 0</td>
<td><div><pre>java.lang.IllegalArgumentException: The emit frequency must be &gt;= 1 seconds (you requested 0 seconds)
	at storm.starter.bolt.AbstractRankerBolt.&lt;init&gt;(AbstractRankerBolt.java:64)
	at storm.starter.bolt.TotalRankingsBolt.&lt;init&gt;(TotalRankingsBolt.java:44)
	at storm.starter.bolt.TotalRankingsBoltTest.negativeOrZeroEmitFrequencyShouldThrowIAE(TotalRankingsBoltTest.java:69)
... Removed 34 stack frames</pre></div><a href='#' onClick='toggleBox("stack-trace4132465", this, "Click to show all stack frames", "Click to hide stack frames")'>Click to show all stack frames</a>
<div class='stack-trace' id='stack-trace4132465'><pre>java.lang.IllegalArgumentException: The emit frequency must be &gt;= 1 seconds (you requested 0 seconds)
	at storm.starter.bolt.AbstractRankerBolt.&lt;init&gt;(AbstractRankerBolt.java:64)
	at storm.starter.bolt.TotalRankingsBolt.&lt;init&gt;(TotalRankingsBolt.java:44)
	at storm.starter.bolt.TotalRankingsBoltTest.negativeOrZeroEmitFrequencyShouldThrowIAE(TotalRankingsBoltTest.java:69)
	at sun.reflect.NativeMethodAccessorImpl.invoke0(Native Method)
	at sun.reflect.NativeMethodAccessorImpl.invoke(NativeMethodAccessorImpl.java:57)
	at sun.reflect.DelegatingMethodAccessorImpl.invoke(DelegatingMethodAccessorImpl.java:43)
	at java.lang.reflect.Method.invoke(Method.java:606)
	at org.testng.internal.MethodInvocationHelper.invokeMethod(MethodInvocationHelper.java:84)
	at org.testng.internal.Invoker.invokeMethod(Invoker.java:714)
	at org.testng.internal.Invoker.invokeTestMethod(Invoker.java:901)
	at org.testng.internal.Invoker.invokeTestMethods(Invoker.java:1231)
	at org.testng.internal.TestMethodWorker.invokeTestMethods(TestMethodWorker.java:127)
	at org.testng.internal.TestMethodWorker.run(TestMethodWorker.java:111)
	at org.testng.TestRunner.privateRun(TestRunner.java:767)
	at org.testng.TestRunner.run(TestRunner.java:617)
	at org.testng.SuiteRunner.runTest(SuiteRunner.java:334)
	at org.testng.SuiteRunner.runSequentially(SuiteRunner.java:329)
	at org.testng.SuiteRunner.privateRun(SuiteRunner.java:291)
	at org.testng.SuiteRunner.run(SuiteRunner.java:240)
	at org.testng.SuiteRunnerWorker.runSuite(SuiteRunnerWorker.java:52)
	at org.testng.SuiteRunnerWorker.run(SuiteRunnerWorker.java:86)
	at org.testng.TestNG.runSuitesSequentially(TestNG.java:1224)
	at org.testng.TestNG.runSuitesLocally(TestNG.java:1149)
	at org.testng.TestNG.run(TestNG.java:1057)
	at org.apache.maven.surefire.testng.TestNGExecutor.run(TestNGExecutor.java:70)
	at org.apache.maven.surefire.testng.TestNGDirectoryTestSuite.executeMulti(TestNGDirectoryTestSuite.java:157)
	at org.apache.maven.surefire.testng.TestNGDirectoryTestSuite.execute(TestNGDirectoryTestSuite.java:97)
	at org.apache.maven.surefire.testng.TestNGProvider.invoke(TestNGProvider.java:111)
	at sun.reflect.NativeMethodAccessorImpl.invoke0(Native Method)
	at sun.reflect.NativeMethodAccessorImpl.invoke(NativeMethodAccessorImpl.java:57)
	at sun.reflect.DelegatingMethodAccessorImpl.invoke(DelegatingMethodAccessorImpl.java:43)
	at java.lang.reflect.Method.invoke(Method.java:606)
	at org.apache.maven.surefire.util.ReflectionUtils.invokeMethodWithArray(ReflectionUtils.java:164)
	at org.apache.maven.surefire.booter.ProviderFactory$ProviderProxy.invoke(ProviderFactory.java:110)
	at org.apache.maven.surefire.booter.SurefireStarter.invokeProvider(SurefireStarter.java:172)
	at org.apache.maven.surefire.booter.SurefireStarter.runSuitesInProcessWhenForked(SurefireStarter.java:104)
	at org.apache.maven.surefire.booter.ForkedBooter.main(ForkedBooter.java:70)
</pre></div></td>
<td>0</td>
<td>storm.starter.bolt.TotalRankingsBoltTest@146d5dc</td></tr>
<tr>
<td title='storm.starter.tools.SlotBasedCounterTest.negativeOrZeroNumSlotsShouldThrowIAE()'><b>negativeOrZeroNumSlotsShouldThrowIAE</b><br>Test class: storm.starter.tools.SlotBasedCounterTest<br>Parameters: -10</td>
<td><div><pre>java.lang.IllegalArgumentException: Number of slots must be greater than zero (you requested -10)
	at storm.starter.tools.SlotBasedCounter.&lt;init&gt;(SlotBasedCounter.java:42)
	at storm.starter.tools.SlotBasedCounterTest.negativeOrZeroNumSlotsShouldThrowIAE(SlotBasedCounterTest.java:40)
... Removed 34 stack frames</pre></div><a href='#' onClick='toggleBox("stack-trace9223645", this, "Click to show all stack frames", "Click to hide stack frames")'>Click to show all stack frames</a>
<div class='stack-trace' id='stack-trace9223645'><pre>java.lang.IllegalArgumentException: Number of slots must be greater than zero (you requested -10)
	at storm.starter.tools.SlotBasedCounter.&lt;init&gt;(SlotBasedCounter.java:42)
	at storm.starter.tools.SlotBasedCounterTest.negativeOrZeroNumSlotsShouldThrowIAE(SlotBasedCounterTest.java:40)
	at sun.reflect.NativeMethodAccessorImpl.invoke0(Native Method)
	at sun.reflect.NativeMethodAccessorImpl.invoke(NativeMethodAccessorImpl.java:57)
	at sun.reflect.DelegatingMethodAccessorImpl.invoke(DelegatingMethodAccessorImpl.java:43)
	at java.lang.reflect.Method.invoke(Method.java:606)
	at org.testng.internal.MethodInvocationHelper.invokeMethod(MethodInvocationHelper.java:84)
	at org.testng.internal.Invoker.invokeMethod(Invoker.java:714)
	at org.testng.internal.Invoker.invokeTestMethod(Invoker.java:901)
	at org.testng.internal.Invoker.invokeTestMethods(Invoker.java:1231)
	at org.testng.internal.TestMethodWorker.invokeTestMethods(TestMethodWorker.java:127)
	at org.testng.internal.TestMethodWorker.run(TestMethodWorker.java:111)
	at org.testng.TestRunner.privateRun(TestRunner.java:767)
	at org.testng.TestRunner.run(TestRunner.java:617)
	at org.testng.SuiteRunner.runTest(SuiteRunner.java:334)
	at org.testng.SuiteRunner.runSequentially(SuiteRunner.java:329)
	at org.testng.SuiteRunner.privateRun(SuiteRunner.java:291)
	at org.testng.SuiteRunner.run(SuiteRunner.java:240)
	at org.testng.SuiteRunnerWorker.runSuite(SuiteRunnerWorker.java:52)
	at org.testng.SuiteRunnerWorker.run(SuiteRunnerWorker.java:86)
	at org.testng.TestNG.runSuitesSequentially(TestNG.java:1224)
	at org.testng.TestNG.runSuitesLocally(TestNG.java:1149)
	at org.testng.TestNG.run(TestNG.java:1057)
	at org.apache.maven.surefire.testng.TestNGExecutor.run(TestNGExecutor.java:70)
	at org.apache.maven.surefire.testng.TestNGDirectoryTestSuite.executeMulti(TestNGDirectoryTestSuite.java:157)
	at org.apache.maven.surefire.testng.TestNGDirectoryTestSuite.execute(TestNGDirectoryTestSuite.java:97)
	at org.apache.maven.surefire.testng.TestNGProvider.invoke(TestNGProvider.java:111)
	at sun.reflect.NativeMethodAccessorImpl.invoke0(Native Method)
	at sun.reflect.NativeMethodAccessorImpl.invoke(NativeMethodAccessorImpl.java:57)
	at sun.reflect.DelegatingMethodAccessorImpl.invoke(DelegatingMethodAccessorImpl.java:43)
	at java.lang.reflect.Method.invoke(Method.java:606)
	at org.apache.maven.surefire.util.ReflectionUtils.invokeMethodWithArray(ReflectionUtils.java:164)
	at org.apache.maven.surefire.booter.ProviderFactory$ProviderProxy.invoke(ProviderFactory.java:110)
	at org.apache.maven.surefire.booter.SurefireStarter.invokeProvider(SurefireStarter.java:172)
	at org.apache.maven.surefire.booter.SurefireStarter.runSuitesInProcessWhenForked(SurefireStarter.java:104)
	at org.apache.maven.surefire.booter.ForkedBooter.main(ForkedBooter.java:70)
</pre></div></td>
<td>0</td>
<td>storm.starter.tools.SlotBasedCounterTest@13da08</td></tr>
<tr>
<td title='storm.starter.tools.SlotBasedCounterTest.negativeOrZeroNumSlotsShouldThrowIAE()'><b>negativeOrZeroNumSlotsShouldThrowIAE</b><br>Test class: storm.starter.tools.SlotBasedCounterTest<br>Parameters: -3</td>
<td><div><pre>java.lang.IllegalArgumentException: Number of slots must be greater than zero (you requested -3)
	at storm.starter.tools.SlotBasedCounter.&lt;init&gt;(SlotBasedCounter.java:42)
	at storm.starter.tools.SlotBasedCounterTest.negativeOrZeroNumSlotsShouldThrowIAE(SlotBasedCounterTest.java:40)
... Removed 34 stack frames</pre></div><a href='#' onClick='toggleBox("stack-trace330211", this, "Click to show all stack frames", "Click to hide stack frames")'>Click to show all stack frames</a>
<div class='stack-trace' id='stack-trace330211'><pre>java.lang.IllegalArgumentException: Number of slots must be greater than zero (you requested -3)
	at storm.starter.tools.SlotBasedCounter.&lt;init&gt;(SlotBasedCounter.java:42)
	at storm.starter.tools.SlotBasedCounterTest.negativeOrZeroNumSlotsShouldThrowIAE(SlotBasedCounterTest.java:40)
	at sun.reflect.NativeMethodAccessorImpl.invoke0(Native Method)
	at sun.reflect.NativeMethodAccessorImpl.invoke(NativeMethodAccessorImpl.java:57)
	at sun.reflect.DelegatingMethodAccessorImpl.invoke(DelegatingMethodAccessorImpl.java:43)
	at java.lang.reflect.Method.invoke(Method.java:606)
	at org.testng.internal.MethodInvocationHelper.invokeMethod(MethodInvocationHelper.java:84)
	at org.testng.internal.Invoker.invokeMethod(Invoker.java:714)
	at org.testng.internal.Invoker.invokeTestMethod(Invoker.java:901)
	at org.testng.internal.Invoker.invokeTestMethods(Invoker.java:1231)
	at org.testng.internal.TestMethodWorker.invokeTestMethods(TestMethodWorker.java:127)
	at org.testng.internal.TestMethodWorker.run(TestMethodWorker.java:111)
	at org.testng.TestRunner.privateRun(TestRunner.java:767)
	at org.testng.TestRunner.run(TestRunner.java:617)
	at org.testng.SuiteRunner.runTest(SuiteRunner.java:334)
	at org.testng.SuiteRunner.runSequentially(SuiteRunner.java:329)
	at org.testng.SuiteRunner.privateRun(SuiteRunner.java:291)
	at org.testng.SuiteRunner.run(SuiteRunner.java:240)
	at org.testng.SuiteRunnerWorker.runSuite(SuiteRunnerWorker.java:52)
	at org.testng.SuiteRunnerWorker.run(SuiteRunnerWorker.java:86)
	at org.testng.TestNG.runSuitesSequentially(TestNG.java:1224)
	at org.testng.TestNG.runSuitesLocally(TestNG.java:1149)
	at org.testng.TestNG.run(TestNG.java:1057)
	at org.apache.maven.surefire.testng.TestNGExecutor.run(TestNGExecutor.java:70)
	at org.apache.maven.surefire.testng.TestNGDirectoryTestSuite.executeMulti(TestNGDirectoryTestSuite.java:157)
	at org.apache.maven.surefire.testng.TestNGDirectoryTestSuite.execute(TestNGDirectoryTestSuite.java:97)
	at org.apache.maven.surefire.testng.TestNGProvider.invoke(TestNGProvider.java:111)
	at sun.reflect.NativeMethodAccessorImpl.invoke0(Native Method)
	at sun.reflect.NativeMethodAccessorImpl.invoke(NativeMethodAccessorImpl.java:57)
	at sun.reflect.DelegatingMethodAccessorImpl.invoke(DelegatingMethodAccessorImpl.java:43)
	at java.lang.reflect.Method.invoke(Method.java:606)
	at org.apache.maven.surefire.util.ReflectionUtils.invokeMethodWithArray(ReflectionUtils.java:164)
	at org.apache.maven.surefire.booter.ProviderFactory$ProviderProxy.invoke(ProviderFactory.java:110)
	at org.apache.maven.surefire.booter.SurefireStarter.invokeProvider(SurefireStarter.java:172)
	at org.apache.maven.surefire.booter.SurefireStarter.runSuitesInProcessWhenForked(SurefireStarter.java:104)
	at org.apache.maven.surefire.booter.ForkedBooter.main(ForkedBooter.java:70)
</pre></div></td>
<td>0</td>
<td>storm.starter.tools.SlotBasedCounterTest@13da08</td></tr>
<tr>
<td title='storm.starter.tools.SlotBasedCounterTest.negativeOrZeroNumSlotsShouldThrowIAE()'><b>negativeOrZeroNumSlotsShouldThrowIAE</b><br>Test class: storm.starter.tools.SlotBasedCounterTest<br>Parameters: -2</td>
<td><div><pre>java.lang.IllegalArgumentException: Number of slots must be greater than zero (you requested -2)
	at storm.starter.tools.SlotBasedCounter.&lt;init&gt;(SlotBasedCounter.java:42)
	at storm.starter.tools.SlotBasedCounterTest.negativeOrZeroNumSlotsShouldThrowIAE(SlotBasedCounterTest.java:40)
... Removed 34 stack frames</pre></div><a href='#' onClick='toggleBox("stack-trace13384190", this, "Click to show all stack frames", "Click to hide stack frames")'>Click to show all stack frames</a>
<div class='stack-trace' id='stack-trace13384190'><pre>java.lang.IllegalArgumentException: Number of slots must be greater than zero (you requested -2)
	at storm.starter.tools.SlotBasedCounter.&lt;init&gt;(SlotBasedCounter.java:42)
	at storm.starter.tools.SlotBasedCounterTest.negativeOrZeroNumSlotsShouldThrowIAE(SlotBasedCounterTest.java:40)
	at sun.reflect.NativeMethodAccessorImpl.invoke0(Native Method)
	at sun.reflect.NativeMethodAccessorImpl.invoke(NativeMethodAccessorImpl.java:57)
	at sun.reflect.DelegatingMethodAccessorImpl.invoke(DelegatingMethodAccessorImpl.java:43)
	at java.lang.reflect.Method.invoke(Method.java:606)
	at org.testng.internal.MethodInvocationHelper.invokeMethod(MethodInvocationHelper.java:84)
	at org.testng.internal.Invoker.invokeMethod(Invoker.java:714)
	at org.testng.internal.Invoker.invokeTestMethod(Invoker.java:901)
	at org.testng.internal.Invoker.invokeTestMethods(Invoker.java:1231)
	at org.testng.internal.TestMethodWorker.invokeTestMethods(TestMethodWorker.java:127)
	at org.testng.internal.TestMethodWorker.run(TestMethodWorker.java:111)
	at org.testng.TestRunner.privateRun(TestRunner.java:767)
	at org.testng.TestRunner.run(TestRunner.java:617)
	at org.testng.SuiteRunner.runTest(SuiteRunner.java:334)
	at org.testng.SuiteRunner.runSequentially(SuiteRunner.java:329)
	at org.testng.SuiteRunner.privateRun(SuiteRunner.java:291)
	at org.testng.SuiteRunner.run(SuiteRunner.java:240)
	at org.testng.SuiteRunnerWorker.runSuite(SuiteRunnerWorker.java:52)
	at org.testng.SuiteRunnerWorker.run(SuiteRunnerWorker.java:86)
	at org.testng.TestNG.runSuitesSequentially(TestNG.java:1224)
	at org.testng.TestNG.runSuitesLocally(TestNG.java:1149)
	at org.testng.TestNG.run(TestNG.java:1057)
	at org.apache.maven.surefire.testng.TestNGExecutor.run(TestNGExecutor.java:70)
	at org.apache.maven.surefire.testng.TestNGDirectoryTestSuite.executeMulti(TestNGDirectoryTestSuite.java:157)
	at org.apache.maven.surefire.testng.TestNGDirectoryTestSuite.execute(TestNGDirectoryTestSuite.java:97)
	at org.apache.maven.surefire.testng.TestNGProvider.invoke(TestNGProvider.java:111)
	at sun.reflect.NativeMethodAccessorImpl.invoke0(Native Method)
	at sun.reflect.NativeMethodAccessorImpl.invoke(NativeMethodAccessorImpl.java:57)
	at sun.reflect.DelegatingMethodAccessorImpl.invoke(DelegatingMethodAccessorImpl.java:43)
	at java.lang.reflect.Method.invoke(Method.java:606)
	at org.apache.maven.surefire.util.ReflectionUtils.invokeMethodWithArray(ReflectionUtils.java:164)
	at org.apache.maven.surefire.booter.ProviderFactory$ProviderProxy.invoke(ProviderFactory.java:110)
	at org.apache.maven.surefire.booter.SurefireStarter.invokeProvider(SurefireStarter.java:172)
	at org.apache.maven.surefire.booter.SurefireStarter.runSuitesInProcessWhenForked(SurefireStarter.java:104)
	at org.apache.maven.surefire.booter.ForkedBooter.main(ForkedBooter.java:70)
</pre></div></td>
<td>0</td>
<td>storm.starter.tools.SlotBasedCounterTest@13da08</td></tr>
<tr>
<td title='storm.starter.tools.SlotBasedCounterTest.negativeOrZeroNumSlotsShouldThrowIAE()'><b>negativeOrZeroNumSlotsShouldThrowIAE</b><br>Test class: storm.starter.tools.SlotBasedCounterTest<br>Parameters: -1</td>
<td><div><pre>java.lang.IllegalArgumentException: Number of slots must be greater than zero (you requested -1)
	at storm.starter.tools.SlotBasedCounter.&lt;init&gt;(SlotBasedCounter.java:42)
	at storm.starter.tools.SlotBasedCounterTest.negativeOrZeroNumSlotsShouldThrowIAE(SlotBasedCounterTest.java:40)
... Removed 34 stack frames</pre></div><a href='#' onClick='toggleBox("stack-trace32738970", this, "Click to show all stack frames", "Click to hide stack frames")'>Click to show all stack frames</a>
<div class='stack-trace' id='stack-trace32738970'><pre>java.lang.IllegalArgumentException: Number of slots must be greater than zero (you requested -1)
	at storm.starter.tools.SlotBasedCounter.&lt;init&gt;(SlotBasedCounter.java:42)
	at storm.starter.tools.SlotBasedCounterTest.negativeOrZeroNumSlotsShouldThrowIAE(SlotBasedCounterTest.java:40)
	at sun.reflect.NativeMethodAccessorImpl.invoke0(Native Method)
	at sun.reflect.NativeMethodAccessorImpl.invoke(NativeMethodAccessorImpl.java:57)
	at sun.reflect.DelegatingMethodAccessorImpl.invoke(DelegatingMethodAccessorImpl.java:43)
	at java.lang.reflect.Method.invoke(Method.java:606)
	at org.testng.internal.MethodInvocationHelper.invokeMethod(MethodInvocationHelper.java:84)
	at org.testng.internal.Invoker.invokeMethod(Invoker.java:714)
	at org.testng.internal.Invoker.invokeTestMethod(Invoker.java:901)
	at org.testng.internal.Invoker.invokeTestMethods(Invoker.java:1231)
	at org.testng.internal.TestMethodWorker.invokeTestMethods(TestMethodWorker.java:127)
	at org.testng.internal.TestMethodWorker.run(TestMethodWorker.java:111)
	at org.testng.TestRunner.privateRun(TestRunner.java:767)
	at org.testng.TestRunner.run(TestRunner.java:617)
	at org.testng.SuiteRunner.runTest(SuiteRunner.java:334)
	at org.testng.SuiteRunner.runSequentially(SuiteRunner.java:329)
	at org.testng.SuiteRunner.privateRun(SuiteRunner.java:291)
	at org.testng.SuiteRunner.run(SuiteRunner.java:240)
	at org.testng.SuiteRunnerWorker.runSuite(SuiteRunnerWorker.java:52)
	at org.testng.SuiteRunnerWorker.run(SuiteRunnerWorker.java:86)
	at org.testng.TestNG.runSuitesSequentially(TestNG.java:1224)
	at org.testng.TestNG.runSuitesLocally(TestNG.java:1149)
	at org.testng.TestNG.run(TestNG.java:1057)
	at org.apache.maven.surefire.testng.TestNGExecutor.run(TestNGExecutor.java:70)
	at org.apache.maven.surefire.testng.TestNGDirectoryTestSuite.executeMulti(TestNGDirectoryTestSuite.java:157)
	at org.apache.maven.surefire.testng.TestNGDirectoryTestSuite.execute(TestNGDirectoryTestSuite.java:97)
	at org.apache.maven.surefire.testng.TestNGProvider.invoke(TestNGProvider.java:111)
	at sun.reflect.NativeMethodAccessorImpl.invoke0(Native Method)
	at sun.reflect.NativeMethodAccessorImpl.invoke(NativeMethodAccessorImpl.java:57)
	at sun.reflect.DelegatingMethodAccessorImpl.invoke(DelegatingMethodAccessorImpl.java:43)
	at java.lang.reflect.Method.invoke(Method.java:606)
	at org.apache.maven.surefire.util.ReflectionUtils.invokeMethodWithArray(ReflectionUtils.java:164)
	at org.apache.maven.surefire.booter.ProviderFactory$ProviderProxy.invoke(ProviderFactory.java:110)
	at org.apache.maven.surefire.booter.SurefireStarter.invokeProvider(SurefireStarter.java:172)
	at org.apache.maven.surefire.booter.SurefireStarter.runSuitesInProcessWhenForked(SurefireStarter.java:104)
	at org.apache.maven.surefire.booter.ForkedBooter.main(ForkedBooter.java:70)
</pre></div></td>
<td>0</td>
<td>storm.starter.tools.SlotBasedCounterTest@13da08</td></tr>
<tr>
<td title='storm.starter.tools.SlotBasedCounterTest.negativeOrZeroNumSlotsShouldThrowIAE()'><b>negativeOrZeroNumSlotsShouldThrowIAE</b><br>Test class: storm.starter.tools.SlotBasedCounterTest<br>Parameters: 0</td>
<td><div><pre>java.lang.IllegalArgumentException: Number of slots must be greater than zero (you requested 0)
	at storm.starter.tools.SlotBasedCounter.&lt;init&gt;(SlotBasedCounter.java:42)
	at storm.starter.tools.SlotBasedCounterTest.negativeOrZeroNumSlotsShouldThrowIAE(SlotBasedCounterTest.java:40)
... Removed 34 stack frames</pre></div><a href='#' onClick='toggleBox("stack-trace18294423", this, "Click to show all stack frames", "Click to hide stack frames")'>Click to show all stack frames</a>
<div class='stack-trace' id='stack-trace18294423'><pre>java.lang.IllegalArgumentException: Number of slots must be greater than zero (you requested 0)
	at storm.starter.tools.SlotBasedCounter.&lt;init&gt;(SlotBasedCounter.java:42)
	at storm.starter.tools.SlotBasedCounterTest.negativeOrZeroNumSlotsShouldThrowIAE(SlotBasedCounterTest.java:40)
	at sun.reflect.NativeMethodAccessorImpl.invoke0(Native Method)
	at sun.reflect.NativeMethodAccessorImpl.invoke(NativeMethodAccessorImpl.java:57)
	at sun.reflect.DelegatingMethodAccessorImpl.invoke(DelegatingMethodAccessorImpl.java:43)
	at java.lang.reflect.Method.invoke(Method.java:606)
	at org.testng.internal.MethodInvocationHelper.invokeMethod(MethodInvocationHelper.java:84)
	at org.testng.internal.Invoker.invokeMethod(Invoker.java:714)
	at org.testng.internal.Invoker.invokeTestMethod(Invoker.java:901)
	at org.testng.internal.Invoker.invokeTestMethods(Invoker.java:1231)
	at org.testng.internal.TestMethodWorker.invokeTestMethods(TestMethodWorker.java:127)
	at org.testng.internal.TestMethodWorker.run(TestMethodWorker.java:111)
	at org.testng.TestRunner.privateRun(TestRunner.java:767)
	at org.testng.TestRunner.run(TestRunner.java:617)
	at org.testng.SuiteRunner.runTest(SuiteRunner.java:334)
	at org.testng.SuiteRunner.runSequentially(SuiteRunner.java:329)
	at org.testng.SuiteRunner.privateRun(SuiteRunner.java:291)
	at org.testng.SuiteRunner.run(SuiteRunner.java:240)
	at org.testng.SuiteRunnerWorker.runSuite(SuiteRunnerWorker.java:52)
	at org.testng.SuiteRunnerWorker.run(SuiteRunnerWorker.java:86)
	at org.testng.TestNG.runSuitesSequentially(TestNG.java:1224)
	at org.testng.TestNG.runSuitesLocally(TestNG.java:1149)
	at org.testng.TestNG.run(TestNG.java:1057)
	at org.apache.maven.surefire.testng.TestNGExecutor.run(TestNGExecutor.java:70)
	at org.apache.maven.surefire.testng.TestNGDirectoryTestSuite.executeMulti(TestNGDirectoryTestSuite.java:157)
	at org.apache.maven.surefire.testng.TestNGDirectoryTestSuite.execute(TestNGDirectoryTestSuite.java:97)
	at org.apache.maven.surefire.testng.TestNGProvider.invoke(TestNGProvider.java:111)
	at sun.reflect.NativeMethodAccessorImpl.invoke0(Native Method)
	at sun.reflect.NativeMethodAccessorImpl.invoke(NativeMethodAccessorImpl.java:57)
	at sun.reflect.DelegatingMethodAccessorImpl.invoke(DelegatingMethodAccessorImpl.java:43)
	at java.lang.reflect.Method.invoke(Method.java:606)
	at org.apache.maven.surefire.util.ReflectionUtils.invokeMethodWithArray(ReflectionUtils.java:164)
	at org.apache.maven.surefire.booter.ProviderFactory$ProviderProxy.invoke(ProviderFactory.java:110)
	at org.apache.maven.surefire.booter.SurefireStarter.invokeProvider(SurefireStarter.java:172)
	at org.apache.maven.surefire.booter.SurefireStarter.runSuitesInProcessWhenForked(SurefireStarter.java:104)
	at org.apache.maven.surefire.booter.ForkedBooter.main(ForkedBooter.java:70)
</pre></div></td>
<td>0</td>
<td>storm.starter.tools.SlotBasedCounterTest@13da08</td></tr>
<tr>
<td title='storm.starter.tools.NthLastModifiedTimeTrackerTest.negativeOrZeroNumTimesToTrackShouldThrowIAE()'><b>negativeOrZeroNumTimesToTrackShouldThrowIAE</b><br>Test class: storm.starter.tools.NthLastModifiedTimeTrackerTest<br>Parameters: -10</td>
<td><div><pre>java.lang.IllegalArgumentException: numTimesToTrack must be greater than zero (you requested -10)
	at storm.starter.tools.NthLastModifiedTimeTracker.&lt;init&gt;(NthLastModifiedTimeTracker.java:39)
	at storm.starter.tools.NthLastModifiedTimeTrackerTest.negativeOrZeroNumTimesToTrackShouldThrowIAE(NthLastModifiedTimeTrackerTest.java:38)
... Removed 34 stack frames</pre></div><a href='#' onClick='toggleBox("stack-trace23041363", this, "Click to show all stack frames", "Click to hide stack frames")'>Click to show all stack frames</a>
<div class='stack-trace' id='stack-trace23041363'><pre>java.lang.IllegalArgumentException: numTimesToTrack must be greater than zero (you requested -10)
	at storm.starter.tools.NthLastModifiedTimeTracker.&lt;init&gt;(NthLastModifiedTimeTracker.java:39)
	at storm.starter.tools.NthLastModifiedTimeTrackerTest.negativeOrZeroNumTimesToTrackShouldThrowIAE(NthLastModifiedTimeTrackerTest.java:38)
	at sun.reflect.NativeMethodAccessorImpl.invoke0(Native Method)
	at sun.reflect.NativeMethodAccessorImpl.invoke(NativeMethodAccessorImpl.java:57)
	at sun.reflect.DelegatingMethodAccessorImpl.invoke(DelegatingMethodAccessorImpl.java:43)
	at java.lang.reflect.Method.invoke(Method.java:606)
	at org.testng.internal.MethodInvocationHelper.invokeMethod(MethodInvocationHelper.java:84)
	at org.testng.internal.Invoker.invokeMethod(Invoker.java:714)
	at org.testng.internal.Invoker.invokeTestMethod(Invoker.java:901)
	at org.testng.internal.Invoker.invokeTestMethods(Invoker.java:1231)
	at org.testng.internal.TestMethodWorker.invokeTestMethods(TestMethodWorker.java:127)
	at org.testng.internal.TestMethodWorker.run(TestMethodWorker.java:111)
	at org.testng.TestRunner.privateRun(TestRunner.java:767)
	at org.testng.TestRunner.run(TestRunner.java:617)
	at org.testng.SuiteRunner.runTest(SuiteRunner.java:334)
	at org.testng.SuiteRunner.runSequentially(SuiteRunner.java:329)
	at org.testng.SuiteRunner.privateRun(SuiteRunner.java:291)
	at org.testng.SuiteRunner.run(SuiteRunner.java:240)
	at org.testng.SuiteRunnerWorker.runSuite(SuiteRunnerWorker.java:52)
	at org.testng.SuiteRunnerWorker.run(SuiteRunnerWorker.java:86)
	at org.testng.TestNG.runSuitesSequentially(TestNG.java:1224)
	at org.testng.TestNG.runSuitesLocally(TestNG.java:1149)
	at org.testng.TestNG.run(TestNG.java:1057)
	at org.apache.maven.surefire.testng.TestNGExecutor.run(TestNGExecutor.java:70)
	at org.apache.maven.surefire.testng.TestNGDirectoryTestSuite.executeMulti(TestNGDirectoryTestSuite.java:157)
	at org.apache.maven.surefire.testng.TestNGDirectoryTestSuite.execute(TestNGDirectoryTestSuite.java:97)
	at org.apache.maven.surefire.testng.TestNGProvider.invoke(TestNGProvider.java:111)
	at sun.reflect.NativeMethodAccessorImpl.invoke0(Native Method)
	at sun.reflect.NativeMethodAccessorImpl.invoke(NativeMethodAccessorImpl.java:57)
	at sun.reflect.DelegatingMethodAccessorImpl.invoke(DelegatingMethodAccessorImpl.java:43)
	at java.lang.reflect.Method.invoke(Method.java:606)
	at org.apache.maven.surefire.util.ReflectionUtils.invokeMethodWithArray(ReflectionUtils.java:164)
	at org.apache.maven.surefire.booter.ProviderFactory$ProviderProxy.invoke(ProviderFactory.java:110)
	at org.apache.maven.surefire.booter.SurefireStarter.invokeProvider(SurefireStarter.java:172)
	at org.apache.maven.surefire.booter.SurefireStarter.runSuitesInProcessWhenForked(SurefireStarter.java:104)
	at org.apache.maven.surefire.booter.ForkedBooter.main(ForkedBooter.java:70)
</pre></div></td>
<td>0</td>
<td>storm.starter.tools.NthLastModifiedTimeTrackerTest@1d4c0d2</td></tr>
<tr>
<td title='storm.starter.tools.NthLastModifiedTimeTrackerTest.negativeOrZeroNumTimesToTrackShouldThrowIAE()'><b>negativeOrZeroNumTimesToTrackShouldThrowIAE</b><br>Test class: storm.starter.tools.NthLastModifiedTimeTrackerTest<br>Parameters: -3</td>
<td><div><pre>java.lang.IllegalArgumentException: numTimesToTrack must be greater than zero (you requested -3)
	at storm.starter.tools.NthLastModifiedTimeTracker.&lt;init&gt;(NthLastModifiedTimeTracker.java:39)
	at storm.starter.tools.NthLastModifiedTimeTrackerTest.negativeOrZeroNumTimesToTrackShouldThrowIAE(NthLastModifiedTimeTrackerTest.java:38)
... Removed 34 stack frames</pre></div><a href='#' onClick='toggleBox("stack-trace4498913", this, "Click to show all stack frames", "Click to hide stack frames")'>Click to show all stack frames</a>
<div class='stack-trace' id='stack-trace4498913'><pre>java.lang.IllegalArgumentException: numTimesToTrack must be greater than zero (you requested -3)
	at storm.starter.tools.NthLastModifiedTimeTracker.&lt;init&gt;(NthLastModifiedTimeTracker.java:39)
	at storm.starter.tools.NthLastModifiedTimeTrackerTest.negativeOrZeroNumTimesToTrackShouldThrowIAE(NthLastModifiedTimeTrackerTest.java:38)
	at sun.reflect.NativeMethodAccessorImpl.invoke0(Native Method)
	at sun.reflect.NativeMethodAccessorImpl.invoke(NativeMethodAccessorImpl.java:57)
	at sun.reflect.DelegatingMethodAccessorImpl.invoke(DelegatingMethodAccessorImpl.java:43)
	at java.lang.reflect.Method.invoke(Method.java:606)
	at org.testng.internal.MethodInvocationHelper.invokeMethod(MethodInvocationHelper.java:84)
	at org.testng.internal.Invoker.invokeMethod(Invoker.java:714)
	at org.testng.internal.Invoker.invokeTestMethod(Invoker.java:901)
	at org.testng.internal.Invoker.invokeTestMethods(Invoker.java:1231)
	at org.testng.internal.TestMethodWorker.invokeTestMethods(TestMethodWorker.java:127)
	at org.testng.internal.TestMethodWorker.run(TestMethodWorker.java:111)
	at org.testng.TestRunner.privateRun(TestRunner.java:767)
	at org.testng.TestRunner.run(TestRunner.java:617)
	at org.testng.SuiteRunner.runTest(SuiteRunner.java:334)
	at org.testng.SuiteRunner.runSequentially(SuiteRunner.java:329)
	at org.testng.SuiteRunner.privateRun(SuiteRunner.java:291)
	at org.testng.SuiteRunner.run(SuiteRunner.java:240)
	at org.testng.SuiteRunnerWorker.runSuite(SuiteRunnerWorker.java:52)
	at org.testng.SuiteRunnerWorker.run(SuiteRunnerWorker.java:86)
	at org.testng.TestNG.runSuitesSequentially(TestNG.java:1224)
	at org.testng.TestNG.runSuitesLocally(TestNG.java:1149)
	at org.testng.TestNG.run(TestNG.java:1057)
	at org.apache.maven.surefire.testng.TestNGExecutor.run(TestNGExecutor.java:70)
	at org.apache.maven.surefire.testng.TestNGDirectoryTestSuite.executeMulti(TestNGDirectoryTestSuite.java:157)
	at org.apache.maven.surefire.testng.TestNGDirectoryTestSuite.execute(TestNGDirectoryTestSuite.java:97)
	at org.apache.maven.surefire.testng.TestNGProvider.invoke(TestNGProvider.java:111)
	at sun.reflect.NativeMethodAccessorImpl.invoke0(Native Method)
	at sun.reflect.NativeMethodAccessorImpl.invoke(NativeMethodAccessorImpl.java:57)
	at sun.reflect.DelegatingMethodAccessorImpl.invoke(DelegatingMethodAccessorImpl.java:43)
	at java.lang.reflect.Method.invoke(Method.java:606)
	at org.apache.maven.surefire.util.ReflectionUtils.invokeMethodWithArray(ReflectionUtils.java:164)
	at org.apache.maven.surefire.booter.ProviderFactory$ProviderProxy.invoke(ProviderFactory.java:110)
	at org.apache.maven.surefire.booter.SurefireStarter.invokeProvider(SurefireStarter.java:172)
	at org.apache.maven.surefire.booter.SurefireStarter.runSuitesInProcessWhenForked(SurefireStarter.java:104)
	at org.apache.maven.surefire.booter.ForkedBooter.main(ForkedBooter.java:70)
</pre></div></td>
<td>0</td>
<td>storm.starter.tools.NthLastModifiedTimeTrackerTest@1d4c0d2</td></tr>
<tr>
<td title='storm.starter.tools.NthLastModifiedTimeTrackerTest.negativeOrZeroNumTimesToTrackShouldThrowIAE()'><b>negativeOrZeroNumTimesToTrackShouldThrowIAE</b><br>Test class: storm.starter.tools.NthLastModifiedTimeTrackerTest<br>Parameters: -2</td>
<td><div><pre>java.lang.IllegalArgumentException: numTimesToTrack must be greater than zero (you requested -2)
	at storm.starter.tools.NthLastModifiedTimeTracker.&lt;init&gt;(NthLastModifiedTimeTracker.java:39)
	at storm.starter.tools.NthLastModifiedTimeTrackerTest.negativeOrZeroNumTimesToTrackShouldThrowIAE(NthLastModifiedTimeTrackerTest.java:38)
... Removed 34 stack frames</pre></div><a href='#' onClick='toggleBox("stack-trace15107347", this, "Click to show all stack frames", "Click to hide stack frames")'>Click to show all stack frames</a>
<div class='stack-trace' id='stack-trace15107347'><pre>java.lang.IllegalArgumentException: numTimesToTrack must be greater than zero (you requested -2)
	at storm.starter.tools.NthLastModifiedTimeTracker.&lt;init&gt;(NthLastModifiedTimeTracker.java:39)
	at storm.starter.tools.NthLastModifiedTimeTrackerTest.negativeOrZeroNumTimesToTrackShouldThrowIAE(NthLastModifiedTimeTrackerTest.java:38)
	at sun.reflect.NativeMethodAccessorImpl.invoke0(Native Method)
	at sun.reflect.NativeMethodAccessorImpl.invoke(NativeMethodAccessorImpl.java:57)
	at sun.reflect.DelegatingMethodAccessorImpl.invoke(DelegatingMethodAccessorImpl.java:43)
	at java.lang.reflect.Method.invoke(Method.java:606)
	at org.testng.internal.MethodInvocationHelper.invokeMethod(MethodInvocationHelper.java:84)
	at org.testng.internal.Invoker.invokeMethod(Invoker.java:714)
	at org.testng.internal.Invoker.invokeTestMethod(Invoker.java:901)
	at org.testng.internal.Invoker.invokeTestMethods(Invoker.java:1231)
	at org.testng.internal.TestMethodWorker.invokeTestMethods(TestMethodWorker.java:127)
	at org.testng.internal.TestMethodWorker.run(TestMethodWorker.java:111)
	at org.testng.TestRunner.privateRun(TestRunner.java:767)
	at org.testng.TestRunner.run(TestRunner.java:617)
	at org.testng.SuiteRunner.runTest(SuiteRunner.java:334)
	at org.testng.SuiteRunner.runSequentially(SuiteRunner.java:329)
	at org.testng.SuiteRunner.privateRun(SuiteRunner.java:291)
	at org.testng.SuiteRunner.run(SuiteRunner.java:240)
	at org.testng.SuiteRunnerWorker.runSuite(SuiteRunnerWorker.java:52)
	at org.testng.SuiteRunnerWorker.run(SuiteRunnerWorker.java:86)
	at org.testng.TestNG.runSuitesSequentially(TestNG.java:1224)
	at org.testng.TestNG.runSuitesLocally(TestNG.java:1149)
	at org.testng.TestNG.run(TestNG.java:1057)
	at org.apache.maven.surefire.testng.TestNGExecutor.run(TestNGExecutor.java:70)
	at org.apache.maven.surefire.testng.TestNGDirectoryTestSuite.executeMulti(TestNGDirectoryTestSuite.java:157)
	at org.apache.maven.surefire.testng.TestNGDirectoryTestSuite.execute(TestNGDirectoryTestSuite.java:97)
	at org.apache.maven.surefire.testng.TestNGProvider.invoke(TestNGProvider.java:111)
	at sun.reflect.NativeMethodAccessorImpl.invoke0(Native Method)
	at sun.reflect.NativeMethodAccessorImpl.invoke(NativeMethodAccessorImpl.java:57)
	at sun.reflect.DelegatingMethodAccessorImpl.invoke(DelegatingMethodAccessorImpl.java:43)
	at java.lang.reflect.Method.invoke(Method.java:606)
	at org.apache.maven.surefire.util.ReflectionUtils.invokeMethodWithArray(ReflectionUtils.java:164)
	at org.apache.maven.surefire.booter.ProviderFactory$ProviderProxy.invoke(ProviderFactory.java:110)
	at org.apache.maven.surefire.booter.SurefireStarter.invokeProvider(SurefireStarter.java:172)
	at org.apache.maven.surefire.booter.SurefireStarter.runSuitesInProcessWhenForked(SurefireStarter.java:104)
	at org.apache.maven.surefire.booter.ForkedBooter.main(ForkedBooter.java:70)
</pre></div></td>
<td>0</td>
<td>storm.starter.tools.NthLastModifiedTimeTrackerTest@1d4c0d2</td></tr>
<tr>
<td title='storm.starter.tools.NthLastModifiedTimeTrackerTest.negativeOrZeroNumTimesToTrackShouldThrowIAE()'><b>negativeOrZeroNumTimesToTrackShouldThrowIAE</b><br>Test class: storm.starter.tools.NthLastModifiedTimeTrackerTest<br>Parameters: -1</td>
<td><div><pre>java.lang.IllegalArgumentException: numTimesToTrack must be greater than zero (you requested -1)
	at storm.starter.tools.NthLastModifiedTimeTracker.&lt;init&gt;(NthLastModifiedTimeTracker.java:39)
	at storm.starter.tools.NthLastModifiedTimeTrackerTest.negativeOrZeroNumTimesToTrackShouldThrowIAE(NthLastModifiedTimeTrackerTest.java:38)
... Removed 34 stack frames</pre></div><a href='#' onClick='toggleBox("stack-trace2804707", this, "Click to show all stack frames", "Click to hide stack frames")'>Click to show all stack frames</a>
<div class='stack-trace' id='stack-trace2804707'><pre>java.lang.IllegalArgumentException: numTimesToTrack must be greater than zero (you requested -1)
	at storm.starter.tools.NthLastModifiedTimeTracker.&lt;init&gt;(NthLastModifiedTimeTracker.java:39)
	at storm.starter.tools.NthLastModifiedTimeTrackerTest.negativeOrZeroNumTimesToTrackShouldThrowIAE(NthLastModifiedTimeTrackerTest.java:38)
	at sun.reflect.NativeMethodAccessorImpl.invoke0(Native Method)
	at sun.reflect.NativeMethodAccessorImpl.invoke(NativeMethodAccessorImpl.java:57)
	at sun.reflect.DelegatingMethodAccessorImpl.invoke(DelegatingMethodAccessorImpl.java:43)
	at java.lang.reflect.Method.invoke(Method.java:606)
	at org.testng.internal.MethodInvocationHelper.invokeMethod(MethodInvocationHelper.java:84)
	at org.testng.internal.Invoker.invokeMethod(Invoker.java:714)
	at org.testng.internal.Invoker.invokeTestMethod(Invoker.java:901)
	at org.testng.internal.Invoker.invokeTestMethods(Invoker.java:1231)
	at org.testng.internal.TestMethodWorker.invokeTestMethods(TestMethodWorker.java:127)
	at org.testng.internal.TestMethodWorker.run(TestMethodWorker.java:111)
	at org.testng.TestRunner.privateRun(TestRunner.java:767)
	at org.testng.TestRunner.run(TestRunner.java:617)
	at org.testng.SuiteRunner.runTest(SuiteRunner.java:334)
	at org.testng.SuiteRunner.runSequentially(SuiteRunner.java:329)
	at org.testng.SuiteRunner.privateRun(SuiteRunner.java:291)
	at org.testng.SuiteRunner.run(SuiteRunner.java:240)
	at org.testng.SuiteRunnerWorker.runSuite(SuiteRunnerWorker.java:52)
	at org.testng.SuiteRunnerWorker.run(SuiteRunnerWorker.java:86)
	at org.testng.TestNG.runSuitesSequentially(TestNG.java:1224)
	at org.testng.TestNG.runSuitesLocally(TestNG.java:1149)
	at org.testng.TestNG.run(TestNG.java:1057)
	at org.apache.maven.surefire.testng.TestNGExecutor.run(TestNGExecutor.java:70)
	at org.apache.maven.surefire.testng.TestNGDirectoryTestSuite.executeMulti(TestNGDirectoryTestSuite.java:157)
	at org.apache.maven.surefire.testng.TestNGDirectoryTestSuite.execute(TestNGDirectoryTestSuite.java:97)
	at org.apache.maven.surefire.testng.TestNGProvider.invoke(TestNGProvider.java:111)
	at sun.reflect.NativeMethodAccessorImpl.invoke0(Native Method)
	at sun.reflect.NativeMethodAccessorImpl.invoke(NativeMethodAccessorImpl.java:57)
	at sun.reflect.DelegatingMethodAccessorImpl.invoke(DelegatingMethodAccessorImpl.java:43)
	at java.lang.reflect.Method.invoke(Method.java:606)
	at org.apache.maven.surefire.util.ReflectionUtils.invokeMethodWithArray(ReflectionUtils.java:164)
	at org.apache.maven.surefire.booter.ProviderFactory$ProviderProxy.invoke(ProviderFactory.java:110)
	at org.apache.maven.surefire.booter.SurefireStarter.invokeProvider(SurefireStarter.java:172)
	at org.apache.maven.surefire.booter.SurefireStarter.runSuitesInProcessWhenForked(SurefireStarter.java:104)
	at org.apache.maven.surefire.booter.ForkedBooter.main(ForkedBooter.java:70)
</pre></div></td>
<td>0</td>
<td>storm.starter.tools.NthLastModifiedTimeTrackerTest@1d4c0d2</td></tr>
<tr>
<td title='storm.starter.tools.NthLastModifiedTimeTrackerTest.negativeOrZeroNumTimesToTrackShouldThrowIAE()'><b>negativeOrZeroNumTimesToTrackShouldThrowIAE</b><br>Test class: storm.starter.tools.NthLastModifiedTimeTrackerTest<br>Parameters: 0</td>
<td><div><pre>java.lang.IllegalArgumentException: numTimesToTrack must be greater than zero (you requested 0)
	at storm.starter.tools.NthLastModifiedTimeTracker.&lt;init&gt;(NthLastModifiedTimeTracker.java:39)
	at storm.starter.tools.NthLastModifiedTimeTrackerTest.negativeOrZeroNumTimesToTrackShouldThrowIAE(NthLastModifiedTimeTrackerTest.java:38)
... Removed 34 stack frames</pre></div><a href='#' onClick='toggleBox("stack-trace28298284", this, "Click to show all stack frames", "Click to hide stack frames")'>Click to show all stack frames</a>
<div class='stack-trace' id='stack-trace28298284'><pre>java.lang.IllegalArgumentException: numTimesToTrack must be greater than zero (you requested 0)
	at storm.starter.tools.NthLastModifiedTimeTracker.&lt;init&gt;(NthLastModifiedTimeTracker.java:39)
	at storm.starter.tools.NthLastModifiedTimeTrackerTest.negativeOrZeroNumTimesToTrackShouldThrowIAE(NthLastModifiedTimeTrackerTest.java:38)
	at sun.reflect.NativeMethodAccessorImpl.invoke0(Native Method)
	at sun.reflect.NativeMethodAccessorImpl.invoke(NativeMethodAccessorImpl.java:57)
	at sun.reflect.DelegatingMethodAccessorImpl.invoke(DelegatingMethodAccessorImpl.java:43)
	at java.lang.reflect.Method.invoke(Method.java:606)
	at org.testng.internal.MethodInvocationHelper.invokeMethod(MethodInvocationHelper.java:84)
	at org.testng.internal.Invoker.invokeMethod(Invoker.java:714)
	at org.testng.internal.Invoker.invokeTestMethod(Invoker.java:901)
	at org.testng.internal.Invoker.invokeTestMethods(Invoker.java:1231)
	at org.testng.internal.TestMethodWorker.invokeTestMethods(TestMethodWorker.java:127)
	at org.testng.internal.TestMethodWorker.run(TestMethodWorker.java:111)
	at org.testng.TestRunner.privateRun(TestRunner.java:767)
	at org.testng.TestRunner.run(TestRunner.java:617)
	at org.testng.SuiteRunner.runTest(SuiteRunner.java:334)
	at org.testng.SuiteRunner.runSequentially(SuiteRunner.java:329)
	at org.testng.SuiteRunner.privateRun(SuiteRunner.java:291)
	at org.testng.SuiteRunner.run(SuiteRunner.java:240)
	at org.testng.SuiteRunnerWorker.runSuite(SuiteRunnerWorker.java:52)
	at org.testng.SuiteRunnerWorker.run(SuiteRunnerWorker.java:86)
	at org.testng.TestNG.runSuitesSequentially(TestNG.java:1224)
	at org.testng.TestNG.runSuitesLocally(TestNG.java:1149)
	at org.testng.TestNG.run(TestNG.java:1057)
	at org.apache.maven.surefire.testng.TestNGExecutor.run(TestNGExecutor.java:70)
	at org.apache.maven.surefire.testng.TestNGDirectoryTestSuite.executeMulti(TestNGDirectoryTestSuite.java:157)
	at org.apache.maven.surefire.testng.TestNGDirectoryTestSuite.execute(TestNGDirectoryTestSuite.java:97)
	at org.apache.maven.surefire.testng.TestNGProvider.invoke(TestNGProvider.java:111)
	at sun.reflect.NativeMethodAccessorImpl.invoke0(Native Method)
	at sun.reflect.NativeMethodAccessorImpl.invoke(NativeMethodAccessorImpl.java:57)
	at sun.reflect.DelegatingMethodAccessorImpl.invoke(DelegatingMethodAccessorImpl.java:43)
	at java.lang.reflect.Method.invoke(Method.java:606)
	at org.apache.maven.surefire.util.ReflectionUtils.invokeMethodWithArray(ReflectionUtils.java:164)
	at org.apache.maven.surefire.booter.ProviderFactory$ProviderProxy.invoke(ProviderFactory.java:110)
	at org.apache.maven.surefire.booter.SurefireStarter.invokeProvider(SurefireStarter.java:172)
	at org.apache.maven.surefire.booter.SurefireStarter.runSuitesInProcessWhenForked(SurefireStarter.java:104)
	at org.apache.maven.surefire.booter.ForkedBooter.main(ForkedBooter.java:70)
</pre></div></td>
<td>0</td>
<td>storm.starter.tools.NthLastModifiedTimeTrackerTest@1d4c0d2</td></tr>
<tr>
<td title='storm.starter.bolt.IntermediateRankingsBoltTest.negativeOrZeroTopNShouldThrowIAE()'><b>negativeOrZeroTopNShouldThrowIAE</b><br>Test class: storm.starter.bolt.IntermediateRankingsBoltTest<br>Parameters: -10</td>
<td><div><pre>java.lang.IllegalArgumentException: topN must be &gt;= 1 (you requested -10)
	at storm.starter.bolt.AbstractRankerBolt.&lt;init&gt;(AbstractRankerBolt.java:61)
	at storm.starter.bolt.AbstractRankerBolt.&lt;init&gt;(AbstractRankerBolt.java:56)
	at storm.starter.bolt.IntermediateRankingsBolt.&lt;init&gt;(IntermediateRankingsBolt.java:41)
	at storm.starter.bolt.IntermediateRankingsBoltTest.negativeOrZeroTopNShouldThrowIAE(IntermediateRankingsBoltTest.java:58)
... Removed 34 stack frames</pre></div><a href='#' onClick='toggleBox("stack-trace30144464", this, "Click to show all stack frames", "Click to hide stack frames")'>Click to show all stack frames</a>
<div class='stack-trace' id='stack-trace30144464'><pre>java.lang.IllegalArgumentException: topN must be &gt;= 1 (you requested -10)
	at storm.starter.bolt.AbstractRankerBolt.&lt;init&gt;(AbstractRankerBolt.java:61)
	at storm.starter.bolt.AbstractRankerBolt.&lt;init&gt;(AbstractRankerBolt.java:56)
	at storm.starter.bolt.IntermediateRankingsBolt.&lt;init&gt;(IntermediateRankingsBolt.java:41)
	at storm.starter.bolt.IntermediateRankingsBoltTest.negativeOrZeroTopNShouldThrowIAE(IntermediateRankingsBoltTest.java:58)
	at sun.reflect.NativeMethodAccessorImpl.invoke0(Native Method)
	at sun.reflect.NativeMethodAccessorImpl.invoke(NativeMethodAccessorImpl.java:57)
	at sun.reflect.DelegatingMethodAccessorImpl.invoke(DelegatingMethodAccessorImpl.java:43)
	at java.lang.reflect.Method.invoke(Method.java:606)
	at org.testng.internal.MethodInvocationHelper.invokeMethod(MethodInvocationHelper.java:84)
	at org.testng.internal.Invoker.invokeMethod(Invoker.java:714)
	at org.testng.internal.Invoker.invokeTestMethod(Invoker.java:901)
	at org.testng.internal.Invoker.invokeTestMethods(Invoker.java:1231)
	at org.testng.internal.TestMethodWorker.invokeTestMethods(TestMethodWorker.java:127)
	at org.testng.internal.TestMethodWorker.run(TestMethodWorker.java:111)
	at org.testng.TestRunner.privateRun(TestRunner.java:767)
	at org.testng.TestRunner.run(TestRunner.java:617)
	at org.testng.SuiteRunner.runTest(SuiteRunner.java:334)
	at org.testng.SuiteRunner.runSequentially(SuiteRunner.java:329)
	at org.testng.SuiteRunner.privateRun(SuiteRunner.java:291)
	at org.testng.SuiteRunner.run(SuiteRunner.java:240)
	at org.testng.SuiteRunnerWorker.runSuite(SuiteRunnerWorker.java:52)
	at org.testng.SuiteRunnerWorker.run(SuiteRunnerWorker.java:86)
	at org.testng.TestNG.runSuitesSequentially(TestNG.java:1224)
	at org.testng.TestNG.runSuitesLocally(TestNG.java:1149)
	at org.testng.TestNG.run(TestNG.java:1057)
	at org.apache.maven.surefire.testng.TestNGExecutor.run(TestNGExecutor.java:70)
	at org.apache.maven.surefire.testng.TestNGDirectoryTestSuite.executeMulti(TestNGDirectoryTestSuite.java:157)
	at org.apache.maven.surefire.testng.TestNGDirectoryTestSuite.execute(TestNGDirectoryTestSuite.java:97)
	at org.apache.maven.surefire.testng.TestNGProvider.invoke(TestNGProvider.java:111)
	at sun.reflect.NativeMethodAccessorImpl.invoke0(Native Method)
	at sun.reflect.NativeMethodAccessorImpl.invoke(NativeMethodAccessorImpl.java:57)
	at sun.reflect.DelegatingMethodAccessorImpl.invoke(DelegatingMethodAccessorImpl.java:43)
	at java.lang.reflect.Method.invoke(Method.java:606)
	at org.apache.maven.surefire.util.ReflectionUtils.invokeMethodWithArray(ReflectionUtils.java:164)
	at org.apache.maven.surefire.booter.ProviderFactory$ProviderProxy.invoke(ProviderFactory.java:110)
	at org.apache.maven.surefire.booter.SurefireStarter.invokeProvider(SurefireStarter.java:172)
	at org.apache.maven.surefire.booter.SurefireStarter.runSuitesInProcessWhenForked(SurefireStarter.java:104)
	at org.apache.maven.surefire.booter.ForkedBooter.main(ForkedBooter.java:70)
</pre></div></td>
<td>0</td>
<td>storm.starter.bolt.IntermediateRankingsBoltTest@14f6d51</td></tr>
<tr>
<td title='storm.starter.bolt.IntermediateRankingsBoltTest.negativeOrZeroTopNShouldThrowIAE()'><b>negativeOrZeroTopNShouldThrowIAE</b><br>Test class: storm.starter.bolt.IntermediateRankingsBoltTest<br>Parameters: -3</td>
<td><div><pre>java.lang.IllegalArgumentException: topN must be &gt;= 1 (you requested -3)
	at storm.starter.bolt.AbstractRankerBolt.&lt;init&gt;(AbstractRankerBolt.java:61)
	at storm.starter.bolt.AbstractRankerBolt.&lt;init&gt;(AbstractRankerBolt.java:56)
	at storm.starter.bolt.IntermediateRankingsBolt.&lt;init&gt;(IntermediateRankingsBolt.java:41)
	at storm.starter.bolt.IntermediateRankingsBoltTest.negativeOrZeroTopNShouldThrowIAE(IntermediateRankingsBoltTest.java:58)
... Removed 34 stack frames</pre></div><a href='#' onClick='toggleBox("stack-trace33201014", this, "Click to show all stack frames", "Click to hide stack frames")'>Click to show all stack frames</a>
<div class='stack-trace' id='stack-trace33201014'><pre>java.lang.IllegalArgumentException: topN must be &gt;= 1 (you requested -3)
	at storm.starter.bolt.AbstractRankerBolt.&lt;init&gt;(AbstractRankerBolt.java:61)
	at storm.starter.bolt.AbstractRankerBolt.&lt;init&gt;(AbstractRankerBolt.java:56)
	at storm.starter.bolt.IntermediateRankingsBolt.&lt;init&gt;(IntermediateRankingsBolt.java:41)
	at storm.starter.bolt.IntermediateRankingsBoltTest.negativeOrZeroTopNShouldThrowIAE(IntermediateRankingsBoltTest.java:58)
	at sun.reflect.NativeMethodAccessorImpl.invoke0(Native Method)
	at sun.reflect.NativeMethodAccessorImpl.invoke(NativeMethodAccessorImpl.java:57)
	at sun.reflect.DelegatingMethodAccessorImpl.invoke(DelegatingMethodAccessorImpl.java:43)
	at java.lang.reflect.Method.invoke(Method.java:606)
	at org.testng.internal.MethodInvocationHelper.invokeMethod(MethodInvocationHelper.java:84)
	at org.testng.internal.Invoker.invokeMethod(Invoker.java:714)
	at org.testng.internal.Invoker.invokeTestMethod(Invoker.java:901)
	at org.testng.internal.Invoker.invokeTestMethods(Invoker.java:1231)
	at org.testng.internal.TestMethodWorker.invokeTestMethods(TestMethodWorker.java:127)
	at org.testng.internal.TestMethodWorker.run(TestMethodWorker.java:111)
	at org.testng.TestRunner.privateRun(TestRunner.java:767)
	at org.testng.TestRunner.run(TestRunner.java:617)
	at org.testng.SuiteRunner.runTest(SuiteRunner.java:334)
	at org.testng.SuiteRunner.runSequentially(SuiteRunner.java:329)
	at org.testng.SuiteRunner.privateRun(SuiteRunner.java:291)
	at org.testng.SuiteRunner.run(SuiteRunner.java:240)
	at org.testng.SuiteRunnerWorker.runSuite(SuiteRunnerWorker.java:52)
	at org.testng.SuiteRunnerWorker.run(SuiteRunnerWorker.java:86)
	at org.testng.TestNG.runSuitesSequentially(TestNG.java:1224)
	at org.testng.TestNG.runSuitesLocally(TestNG.java:1149)
	at org.testng.TestNG.run(TestNG.java:1057)
	at org.apache.maven.surefire.testng.TestNGExecutor.run(TestNGExecutor.java:70)
	at org.apache.maven.surefire.testng.TestNGDirectoryTestSuite.executeMulti(TestNGDirectoryTestSuite.java:157)
	at org.apache.maven.surefire.testng.TestNGDirectoryTestSuite.execute(TestNGDirectoryTestSuite.java:97)
	at org.apache.maven.surefire.testng.TestNGProvider.invoke(TestNGProvider.java:111)
	at sun.reflect.NativeMethodAccessorImpl.invoke0(Native Method)
	at sun.reflect.NativeMethodAccessorImpl.invoke(NativeMethodAccessorImpl.java:57)
	at sun.reflect.DelegatingMethodAccessorImpl.invoke(DelegatingMethodAccessorImpl.java:43)
	at java.lang.reflect.Method.invoke(Method.java:606)
	at org.apache.maven.surefire.util.ReflectionUtils.invokeMethodWithArray(ReflectionUtils.java:164)
	at org.apache.maven.surefire.booter.ProviderFactory$ProviderProxy.invoke(ProviderFactory.java:110)
	at org.apache.maven.surefire.booter.SurefireStarter.invokeProvider(SurefireStarter.java:172)
	at org.apache.maven.surefire.booter.SurefireStarter.runSuitesInProcessWhenForked(SurefireStarter.java:104)
	at org.apache.maven.surefire.booter.ForkedBooter.main(ForkedBooter.java:70)
</pre></div></td>
<td>0</td>
<td>storm.starter.bolt.IntermediateRankingsBoltTest@14f6d51</td></tr>
<tr>
<td title='storm.starter.bolt.IntermediateRankingsBoltTest.negativeOrZeroTopNShouldThrowIAE()'><b>negativeOrZeroTopNShouldThrowIAE</b><br>Test class: storm.starter.bolt.IntermediateRankingsBoltTest<br>Parameters: -2</td>
<td><div><pre>java.lang.IllegalArgumentException: topN must be &gt;= 1 (you requested -2)
	at storm.starter.bolt.AbstractRankerBolt.&lt;init&gt;(AbstractRankerBolt.java:61)
	at storm.starter.bolt.AbstractRankerBolt.&lt;init&gt;(AbstractRankerBolt.java:56)
	at storm.starter.bolt.IntermediateRankingsBolt.&lt;init&gt;(IntermediateRankingsBolt.java:41)
	at storm.starter.bolt.IntermediateRankingsBoltTest.negativeOrZeroTopNShouldThrowIAE(IntermediateRankingsBoltTest.java:58)
... Removed 34 stack frames</pre></div><a href='#' onClick='toggleBox("stack-trace32793092", this, "Click to show all stack frames", "Click to hide stack frames")'>Click to show all stack frames</a>
<div class='stack-trace' id='stack-trace32793092'><pre>java.lang.IllegalArgumentException: topN must be &gt;= 1 (you requested -2)
	at storm.starter.bolt.AbstractRankerBolt.&lt;init&gt;(AbstractRankerBolt.java:61)
	at storm.starter.bolt.AbstractRankerBolt.&lt;init&gt;(AbstractRankerBolt.java:56)
	at storm.starter.bolt.IntermediateRankingsBolt.&lt;init&gt;(IntermediateRankingsBolt.java:41)
	at storm.starter.bolt.IntermediateRankingsBoltTest.negativeOrZeroTopNShouldThrowIAE(IntermediateRankingsBoltTest.java:58)
	at sun.reflect.NativeMethodAccessorImpl.invoke0(Native Method)
	at sun.reflect.NativeMethodAccessorImpl.invoke(NativeMethodAccessorImpl.java:57)
	at sun.reflect.DelegatingMethodAccessorImpl.invoke(DelegatingMethodAccessorImpl.java:43)
	at java.lang.reflect.Method.invoke(Method.java:606)
	at org.testng.internal.MethodInvocationHelper.invokeMethod(MethodInvocationHelper.java:84)
	at org.testng.internal.Invoker.invokeMethod(Invoker.java:714)
	at org.testng.internal.Invoker.invokeTestMethod(Invoker.java:901)
	at org.testng.internal.Invoker.invokeTestMethods(Invoker.java:1231)
	at org.testng.internal.TestMethodWorker.invokeTestMethods(TestMethodWorker.java:127)
	at org.testng.internal.TestMethodWorker.run(TestMethodWorker.java:111)
	at org.testng.TestRunner.privateRun(TestRunner.java:767)
	at org.testng.TestRunner.run(TestRunner.java:617)
	at org.testng.SuiteRunner.runTest(SuiteRunner.java:334)
	at org.testng.SuiteRunner.runSequentially(SuiteRunner.java:329)
	at org.testng.SuiteRunner.privateRun(SuiteRunner.java:291)
	at org.testng.SuiteRunner.run(SuiteRunner.java:240)
	at org.testng.SuiteRunnerWorker.runSuite(SuiteRunnerWorker.java:52)
	at org.testng.SuiteRunnerWorker.run(SuiteRunnerWorker.java:86)
	at org.testng.TestNG.runSuitesSequentially(TestNG.java:1224)
	at org.testng.TestNG.runSuitesLocally(TestNG.java:1149)
	at org.testng.TestNG.run(TestNG.java:1057)
	at org.apache.maven.surefire.testng.TestNGExecutor.run(TestNGExecutor.java:70)
	at org.apache.maven.surefire.testng.TestNGDirectoryTestSuite.executeMulti(TestNGDirectoryTestSuite.java:157)
	at org.apache.maven.surefire.testng.TestNGDirectoryTestSuite.execute(TestNGDirectoryTestSuite.java:97)
	at org.apache.maven.surefire.testng.TestNGProvider.invoke(TestNGProvider.java:111)
	at sun.reflect.NativeMethodAccessorImpl.invoke0(Native Method)
	at sun.reflect.NativeMethodAccessorImpl.invoke(NativeMethodAccessorImpl.java:57)
	at sun.reflect.DelegatingMethodAccessorImpl.invoke(DelegatingMethodAccessorImpl.java:43)
	at java.lang.reflect.Method.invoke(Method.java:606)
	at org.apache.maven.surefire.util.ReflectionUtils.invokeMethodWithArray(ReflectionUtils.java:164)
	at org.apache.maven.surefire.booter.ProviderFactory$ProviderProxy.invoke(ProviderFactory.java:110)
	at org.apache.maven.surefire.booter.SurefireStarter.invokeProvider(SurefireStarter.java:172)
	at org.apache.maven.surefire.booter.SurefireStarter.runSuitesInProcessWhenForked(SurefireStarter.java:104)
	at org.apache.maven.surefire.booter.ForkedBooter.main(ForkedBooter.java:70)
</pre></div></td>
<td>0</td>
<td>storm.starter.bolt.IntermediateRankingsBoltTest@14f6d51</td></tr>
<tr>
<td title='storm.starter.bolt.IntermediateRankingsBoltTest.negativeOrZeroTopNShouldThrowIAE()'><b>negativeOrZeroTopNShouldThrowIAE</b><br>Test class: storm.starter.bolt.IntermediateRankingsBoltTest<br>Parameters: -1</td>
<td><div><pre>java.lang.IllegalArgumentException: topN must be &gt;= 1 (you requested -1)
	at storm.starter.bolt.AbstractRankerBolt.&lt;init&gt;(AbstractRankerBolt.java:61)
	at storm.starter.bolt.AbstractRankerBolt.&lt;init&gt;(AbstractRankerBolt.java:56)
	at storm.starter.bolt.IntermediateRankingsBolt.&lt;init&gt;(IntermediateRankingsBolt.java:41)
	at storm.starter.bolt.IntermediateRankingsBoltTest.negativeOrZeroTopNShouldThrowIAE(IntermediateRankingsBoltTest.java:58)
... Removed 34 stack frames</pre></div><a href='#' onClick='toggleBox("stack-trace21959253", this, "Click to show all stack frames", "Click to hide stack frames")'>Click to show all stack frames</a>
<div class='stack-trace' id='stack-trace21959253'><pre>java.lang.IllegalArgumentException: topN must be &gt;= 1 (you requested -1)
	at storm.starter.bolt.AbstractRankerBolt.&lt;init&gt;(AbstractRankerBolt.java:61)
	at storm.starter.bolt.AbstractRankerBolt.&lt;init&gt;(AbstractRankerBolt.java:56)
	at storm.starter.bolt.IntermediateRankingsBolt.&lt;init&gt;(IntermediateRankingsBolt.java:41)
	at storm.starter.bolt.IntermediateRankingsBoltTest.negativeOrZeroTopNShouldThrowIAE(IntermediateRankingsBoltTest.java:58)
	at sun.reflect.NativeMethodAccessorImpl.invoke0(Native Method)
	at sun.reflect.NativeMethodAccessorImpl.invoke(NativeMethodAccessorImpl.java:57)
	at sun.reflect.DelegatingMethodAccessorImpl.invoke(DelegatingMethodAccessorImpl.java:43)
	at java.lang.reflect.Method.invoke(Method.java:606)
	at org.testng.internal.MethodInvocationHelper.invokeMethod(MethodInvocationHelper.java:84)
	at org.testng.internal.Invoker.invokeMethod(Invoker.java:714)
	at org.testng.internal.Invoker.invokeTestMethod(Invoker.java:901)
	at org.testng.internal.Invoker.invokeTestMethods(Invoker.java:1231)
	at org.testng.internal.TestMethodWorker.invokeTestMethods(TestMethodWorker.java:127)
	at org.testng.internal.TestMethodWorker.run(TestMethodWorker.java:111)
	at org.testng.TestRunner.privateRun(TestRunner.java:767)
	at org.testng.TestRunner.run(TestRunner.java:617)
	at org.testng.SuiteRunner.runTest(SuiteRunner.java:334)
	at org.testng.SuiteRunner.runSequentially(SuiteRunner.java:329)
	at org.testng.SuiteRunner.privateRun(SuiteRunner.java:291)
	at org.testng.SuiteRunner.run(SuiteRunner.java:240)
	at org.testng.SuiteRunnerWorker.runSuite(SuiteRunnerWorker.java:52)
	at org.testng.SuiteRunnerWorker.run(SuiteRunnerWorker.java:86)
	at org.testng.TestNG.runSuitesSequentially(TestNG.java:1224)
	at org.testng.TestNG.runSuitesLocally(TestNG.java:1149)
	at org.testng.TestNG.run(TestNG.java:1057)
	at org.apache.maven.surefire.testng.TestNGExecutor.run(TestNGExecutor.java:70)
	at org.apache.maven.surefire.testng.TestNGDirectoryTestSuite.executeMulti(TestNGDirectoryTestSuite.java:157)
	at org.apache.maven.surefire.testng.TestNGDirectoryTestSuite.execute(TestNGDirectoryTestSuite.java:97)
	at org.apache.maven.surefire.testng.TestNGProvider.invoke(TestNGProvider.java:111)
	at sun.reflect.NativeMethodAccessorImpl.invoke0(Native Method)
	at sun.reflect.NativeMethodAccessorImpl.invoke(NativeMethodAccessorImpl.java:57)
	at sun.reflect.DelegatingMethodAccessorImpl.invoke(DelegatingMethodAccessorImpl.java:43)
	at java.lang.reflect.Method.invoke(Method.java:606)
	at org.apache.maven.surefire.util.ReflectionUtils.invokeMethodWithArray(ReflectionUtils.java:164)
	at org.apache.maven.surefire.booter.ProviderFactory$ProviderProxy.invoke(ProviderFactory.java:110)
	at org.apache.maven.surefire.booter.SurefireStarter.invokeProvider(SurefireStarter.java:172)
	at org.apache.maven.surefire.booter.SurefireStarter.runSuitesInProcessWhenForked(SurefireStarter.java:104)
	at org.apache.maven.surefire.booter.ForkedBooter.main(ForkedBooter.java:70)
</pre></div></td>
<td>0</td>
<td>storm.starter.bolt.IntermediateRankingsBoltTest@14f6d51</td></tr>
<tr>
<td title='storm.starter.bolt.IntermediateRankingsBoltTest.negativeOrZeroTopNShouldThrowIAE()'><b>negativeOrZeroTopNShouldThrowIAE</b><br>Test class: storm.starter.bolt.IntermediateRankingsBoltTest<br>Parameters: 0</td>
<td><div><pre>java.lang.IllegalArgumentException: topN must be &gt;= 1 (you requested 0)
	at storm.starter.bolt.AbstractRankerBolt.&lt;init&gt;(AbstractRankerBolt.java:61)
	at storm.starter.bolt.AbstractRankerBolt.&lt;init&gt;(AbstractRankerBolt.java:56)
	at storm.starter.bolt.IntermediateRankingsBolt.&lt;init&gt;(IntermediateRankingsBolt.java:41)
	at storm.starter.bolt.IntermediateRankingsBoltTest.negativeOrZeroTopNShouldThrowIAE(IntermediateRankingsBoltTest.java:58)
... Removed 34 stack frames</pre></div><a href='#' onClick='toggleBox("stack-trace3979592", this, "Click to show all stack frames", "Click to hide stack frames")'>Click to show all stack frames</a>
<div class='stack-trace' id='stack-trace3979592'><pre>java.lang.IllegalArgumentException: topN must be &gt;= 1 (you requested 0)
	at storm.starter.bolt.AbstractRankerBolt.&lt;init&gt;(AbstractRankerBolt.java:61)
	at storm.starter.bolt.AbstractRankerBolt.&lt;init&gt;(AbstractRankerBolt.java:56)
	at storm.starter.bolt.IntermediateRankingsBolt.&lt;init&gt;(IntermediateRankingsBolt.java:41)
	at storm.starter.bolt.IntermediateRankingsBoltTest.negativeOrZeroTopNShouldThrowIAE(IntermediateRankingsBoltTest.java:58)
	at sun.reflect.NativeMethodAccessorImpl.invoke0(Native Method)
	at sun.reflect.NativeMethodAccessorImpl.invoke(NativeMethodAccessorImpl.java:57)
	at sun.reflect.DelegatingMethodAccessorImpl.invoke(DelegatingMethodAccessorImpl.java:43)
	at java.lang.reflect.Method.invoke(Method.java:606)
	at org.testng.internal.MethodInvocationHelper.invokeMethod(MethodInvocationHelper.java:84)
	at org.testng.internal.Invoker.invokeMethod(Invoker.java:714)
	at org.testng.internal.Invoker.invokeTestMethod(Invoker.java:901)
	at org.testng.internal.Invoker.invokeTestMethods(Invoker.java:1231)
	at org.testng.internal.TestMethodWorker.invokeTestMethods(TestMethodWorker.java:127)
	at org.testng.internal.TestMethodWorker.run(TestMethodWorker.java:111)
	at org.testng.TestRunner.privateRun(TestRunner.java:767)
	at org.testng.TestRunner.run(TestRunner.java:617)
	at org.testng.SuiteRunner.runTest(SuiteRunner.java:334)
	at org.testng.SuiteRunner.runSequentially(SuiteRunner.java:329)
	at org.testng.SuiteRunner.privateRun(SuiteRunner.java:291)
	at org.testng.SuiteRunner.run(SuiteRunner.java:240)
	at org.testng.SuiteRunnerWorker.runSuite(SuiteRunnerWorker.java:52)
	at org.testng.SuiteRunnerWorker.run(SuiteRunnerWorker.java:86)
	at org.testng.TestNG.runSuitesSequentially(TestNG.java:1224)
	at org.testng.TestNG.runSuitesLocally(TestNG.java:1149)
	at org.testng.TestNG.run(TestNG.java:1057)
	at org.apache.maven.surefire.testng.TestNGExecutor.run(TestNGExecutor.java:70)
	at org.apache.maven.surefire.testng.TestNGDirectoryTestSuite.executeMulti(TestNGDirectoryTestSuite.java:157)
	at org.apache.maven.surefire.testng.TestNGDirectoryTestSuite.execute(TestNGDirectoryTestSuite.java:97)
	at org.apache.maven.surefire.testng.TestNGProvider.invoke(TestNGProvider.java:111)
	at sun.reflect.NativeMethodAccessorImpl.invoke0(Native Method)
	at sun.reflect.NativeMethodAccessorImpl.invoke(NativeMethodAccessorImpl.java:57)
	at sun.reflect.DelegatingMethodAccessorImpl.invoke(DelegatingMethodAccessorImpl.java:43)
	at java.lang.reflect.Method.invoke(Method.java:606)
	at org.apache.maven.surefire.util.ReflectionUtils.invokeMethodWithArray(ReflectionUtils.java:164)
	at org.apache.maven.surefire.booter.ProviderFactory$ProviderProxy.invoke(ProviderFactory.java:110)
	at org.apache.maven.surefire.booter.SurefireStarter.invokeProvider(SurefireStarter.java:172)
	at org.apache.maven.surefire.booter.SurefireStarter.runSuitesInProcessWhenForked(SurefireStarter.java:104)
	at org.apache.maven.surefire.booter.ForkedBooter.main(ForkedBooter.java:70)
</pre></div></td>
<td>0</td>
<td>storm.starter.bolt.IntermediateRankingsBoltTest@14f6d51</td></tr>
<tr>
<td title='storm.starter.bolt.TotalRankingsBoltTest.negativeOrZeroTopNShouldThrowIAE()'><b>negativeOrZeroTopNShouldThrowIAE</b><br>Test class: storm.starter.bolt.TotalRankingsBoltTest<br>Parameters: -10</td>
<td><div><pre>java.lang.IllegalArgumentException: topN must be &gt;= 1 (you requested -10)
	at storm.starter.bolt.AbstractRankerBolt.&lt;init&gt;(AbstractRankerBolt.java:61)
	at storm.starter.bolt.AbstractRankerBolt.&lt;init&gt;(AbstractRankerBolt.java:56)
	at storm.starter.bolt.TotalRankingsBolt.&lt;init&gt;(TotalRankingsBolt.java:40)
	at storm.starter.bolt.TotalRankingsBoltTest.negativeOrZeroTopNShouldThrowIAE(TotalRankingsBoltTest.java:59)
... Removed 34 stack frames</pre></div><a href='#' onClick='toggleBox("stack-trace30226044", this, "Click to show all stack frames", "Click to hide stack frames")'>Click to show all stack frames</a>
<div class='stack-trace' id='stack-trace30226044'><pre>java.lang.IllegalArgumentException: topN must be &gt;= 1 (you requested -10)
	at storm.starter.bolt.AbstractRankerBolt.&lt;init&gt;(AbstractRankerBolt.java:61)
	at storm.starter.bolt.AbstractRankerBolt.&lt;init&gt;(AbstractRankerBolt.java:56)
	at storm.starter.bolt.TotalRankingsBolt.&lt;init&gt;(TotalRankingsBolt.java:40)
	at storm.starter.bolt.TotalRankingsBoltTest.negativeOrZeroTopNShouldThrowIAE(TotalRankingsBoltTest.java:59)
	at sun.reflect.NativeMethodAccessorImpl.invoke0(Native Method)
	at sun.reflect.NativeMethodAccessorImpl.invoke(NativeMethodAccessorImpl.java:57)
	at sun.reflect.DelegatingMethodAccessorImpl.invoke(DelegatingMethodAccessorImpl.java:43)
	at java.lang.reflect.Method.invoke(Method.java:606)
	at org.testng.internal.MethodInvocationHelper.invokeMethod(MethodInvocationHelper.java:84)
	at org.testng.internal.Invoker.invokeMethod(Invoker.java:714)
	at org.testng.internal.Invoker.invokeTestMethod(Invoker.java:901)
	at org.testng.internal.Invoker.invokeTestMethods(Invoker.java:1231)
	at org.testng.internal.TestMethodWorker.invokeTestMethods(TestMethodWorker.java:127)
	at org.testng.internal.TestMethodWorker.run(TestMethodWorker.java:111)
	at org.testng.TestRunner.privateRun(TestRunner.java:767)
	at org.testng.TestRunner.run(TestRunner.java:617)
	at org.testng.SuiteRunner.runTest(SuiteRunner.java:334)
	at org.testng.SuiteRunner.runSequentially(SuiteRunner.java:329)
	at org.testng.SuiteRunner.privateRun(SuiteRunner.java:291)
	at org.testng.SuiteRunner.run(SuiteRunner.java:240)
	at org.testng.SuiteRunnerWorker.runSuite(SuiteRunnerWorker.java:52)
	at org.testng.SuiteRunnerWorker.run(SuiteRunnerWorker.java:86)
	at org.testng.TestNG.runSuitesSequentially(TestNG.java:1224)
	at org.testng.TestNG.runSuitesLocally(TestNG.java:1149)
	at org.testng.TestNG.run(TestNG.java:1057)
	at org.apache.maven.surefire.testng.TestNGExecutor.run(TestNGExecutor.java:70)
	at org.apache.maven.surefire.testng.TestNGDirectoryTestSuite.executeMulti(TestNGDirectoryTestSuite.java:157)
	at org.apache.maven.surefire.testng.TestNGDirectoryTestSuite.execute(TestNGDirectoryTestSuite.java:97)
	at org.apache.maven.surefire.testng.TestNGProvider.invoke(TestNGProvider.java:111)
	at sun.reflect.NativeMethodAccessorImpl.invoke0(Native Method)
	at sun.reflect.NativeMethodAccessorImpl.invoke(NativeMethodAccessorImpl.java:57)
	at sun.reflect.DelegatingMethodAccessorImpl.invoke(DelegatingMethodAccessorImpl.java:43)
	at java.lang.reflect.Method.invoke(Method.java:606)
	at org.apache.maven.surefire.util.ReflectionUtils.invokeMethodWithArray(ReflectionUtils.java:164)
	at org.apache.maven.surefire.booter.ProviderFactory$ProviderProxy.invoke(ProviderFactory.java:110)
	at org.apache.maven.surefire.booter.SurefireStarter.invokeProvider(SurefireStarter.java:172)
	at org.apache.maven.surefire.booter.SurefireStarter.runSuitesInProcessWhenForked(SurefireStarter.java:104)
	at org.apache.maven.surefire.booter.ForkedBooter.main(ForkedBooter.java:70)
</pre></div></td>
<td>0</td>
<td>storm.starter.bolt.TotalRankingsBoltTest@146d5dc</td></tr>
<tr>
<td title='storm.starter.bolt.TotalRankingsBoltTest.negativeOrZeroTopNShouldThrowIAE()'><b>negativeOrZeroTopNShouldThrowIAE</b><br>Test class: storm.starter.bolt.TotalRankingsBoltTest<br>Parameters: -3</td>
<td><div><pre>java.lang.IllegalArgumentException: topN must be &gt;= 1 (you requested -3)
	at storm.starter.bolt.AbstractRankerBolt.&lt;init&gt;(AbstractRankerBolt.java:61)
	at storm.starter.bolt.AbstractRankerBolt.&lt;init&gt;(AbstractRankerBolt.java:56)
	at storm.starter.bolt.TotalRankingsBolt.&lt;init&gt;(TotalRankingsBolt.java:40)
	at storm.starter.bolt.TotalRankingsBoltTest.negativeOrZeroTopNShouldThrowIAE(TotalRankingsBoltTest.java:59)
... Removed 34 stack frames</pre></div><a href='#' onClick='toggleBox("stack-trace28585150", this, "Click to show all stack frames", "Click to hide stack frames")'>Click to show all stack frames</a>
<div class='stack-trace' id='stack-trace28585150'><pre>java.lang.IllegalArgumentException: topN must be &gt;= 1 (you requested -3)
	at storm.starter.bolt.AbstractRankerBolt.&lt;init&gt;(AbstractRankerBolt.java:61)
	at storm.starter.bolt.AbstractRankerBolt.&lt;init&gt;(AbstractRankerBolt.java:56)
	at storm.starter.bolt.TotalRankingsBolt.&lt;init&gt;(TotalRankingsBolt.java:40)
	at storm.starter.bolt.TotalRankingsBoltTest.negativeOrZeroTopNShouldThrowIAE(TotalRankingsBoltTest.java:59)
	at sun.reflect.NativeMethodAccessorImpl.invoke0(Native Method)
	at sun.reflect.NativeMethodAccessorImpl.invoke(NativeMethodAccessorImpl.java:57)
	at sun.reflect.DelegatingMethodAccessorImpl.invoke(DelegatingMethodAccessorImpl.java:43)
	at java.lang.reflect.Method.invoke(Method.java:606)
	at org.testng.internal.MethodInvocationHelper.invokeMethod(MethodInvocationHelper.java:84)
	at org.testng.internal.Invoker.invokeMethod(Invoker.java:714)
	at org.testng.internal.Invoker.invokeTestMethod(Invoker.java:901)
	at org.testng.internal.Invoker.invokeTestMethods(Invoker.java:1231)
	at org.testng.internal.TestMethodWorker.invokeTestMethods(TestMethodWorker.java:127)
	at org.testng.internal.TestMethodWorker.run(TestMethodWorker.java:111)
	at org.testng.TestRunner.privateRun(TestRunner.java:767)
	at org.testng.TestRunner.run(TestRunner.java:617)
	at org.testng.SuiteRunner.runTest(SuiteRunner.java:334)
	at org.testng.SuiteRunner.runSequentially(SuiteRunner.java:329)
	at org.testng.SuiteRunner.privateRun(SuiteRunner.java:291)
	at org.testng.SuiteRunner.run(SuiteRunner.java:240)
	at org.testng.SuiteRunnerWorker.runSuite(SuiteRunnerWorker.java:52)
	at org.testng.SuiteRunnerWorker.run(SuiteRunnerWorker.java:86)
	at org.testng.TestNG.runSuitesSequentially(TestNG.java:1224)
	at org.testng.TestNG.runSuitesLocally(TestNG.java:1149)
	at org.testng.TestNG.run(TestNG.java:1057)
	at org.apache.maven.surefire.testng.TestNGExecutor.run(TestNGExecutor.java:70)
	at org.apache.maven.surefire.testng.TestNGDirectoryTestSuite.executeMulti(TestNGDirectoryTestSuite.java:157)
	at org.apache.maven.surefire.testng.TestNGDirectoryTestSuite.execute(TestNGDirectoryTestSuite.java:97)
	at org.apache.maven.surefire.testng.TestNGProvider.invoke(TestNGProvider.java:111)
	at sun.reflect.NativeMethodAccessorImpl.invoke0(Native Method)
	at sun.reflect.NativeMethodAccessorImpl.invoke(NativeMethodAccessorImpl.java:57)
	at sun.reflect.DelegatingMethodAccessorImpl.invoke(DelegatingMethodAccessorImpl.java:43)
	at java.lang.reflect.Method.invoke(Method.java:606)
	at org.apache.maven.surefire.util.ReflectionUtils.invokeMethodWithArray(ReflectionUtils.java:164)
	at org.apache.maven.surefire.booter.ProviderFactory$ProviderProxy.invoke(ProviderFactory.java:110)
	at org.apache.maven.surefire.booter.SurefireStarter.invokeProvider(SurefireStarter.java:172)
	at org.apache.maven.surefire.booter.SurefireStarter.runSuitesInProcessWhenForked(SurefireStarter.java:104)
	at org.apache.maven.surefire.booter.ForkedBooter.main(ForkedBooter.java:70)
</pre></div></td>
<td>0</td>
<td>storm.starter.bolt.TotalRankingsBoltTest@146d5dc</td></tr>
<tr>
<td title='storm.starter.bolt.TotalRankingsBoltTest.negativeOrZeroTopNShouldThrowIAE()'><b>negativeOrZeroTopNShouldThrowIAE</b><br>Test class: storm.starter.bolt.TotalRankingsBoltTest<br>Parameters: -2</td>
<td><div><pre>java.lang.IllegalArgumentException: topN must be &gt;= 1 (you requested -2)
	at storm.starter.bolt.AbstractRankerBolt.&lt;init&gt;(AbstractRankerBolt.java:61)
	at storm.starter.bolt.AbstractRankerBolt.&lt;init&gt;(AbstractRankerBolt.java:56)
	at storm.starter.bolt.TotalRankingsBolt.&lt;init&gt;(TotalRankingsBolt.java:40)
	at storm.starter.bolt.TotalRankingsBoltTest.negativeOrZeroTopNShouldThrowIAE(TotalRankingsBoltTest.java:59)
... Removed 34 stack frames</pre></div><a href='#' onClick='toggleBox("stack-trace31821470", this, "Click to show all stack frames", "Click to hide stack frames")'>Click to show all stack frames</a>
<div class='stack-trace' id='stack-trace31821470'><pre>java.lang.IllegalArgumentException: topN must be &gt;= 1 (you requested -2)
	at storm.starter.bolt.AbstractRankerBolt.&lt;init&gt;(AbstractRankerBolt.java:61)
	at storm.starter.bolt.AbstractRankerBolt.&lt;init&gt;(AbstractRankerBolt.java:56)
	at storm.starter.bolt.TotalRankingsBolt.&lt;init&gt;(TotalRankingsBolt.java:40)
	at storm.starter.bolt.TotalRankingsBoltTest.negativeOrZeroTopNShouldThrowIAE(TotalRankingsBoltTest.java:59)
	at sun.reflect.NativeMethodAccessorImpl.invoke0(Native Method)
	at sun.reflect.NativeMethodAccessorImpl.invoke(NativeMethodAccessorImpl.java:57)
	at sun.reflect.DelegatingMethodAccessorImpl.invoke(DelegatingMethodAccessorImpl.java:43)
	at java.lang.reflect.Method.invoke(Method.java:606)
	at org.testng.internal.MethodInvocationHelper.invokeMethod(MethodInvocationHelper.java:84)
	at org.testng.internal.Invoker.invokeMethod(Invoker.java:714)
	at org.testng.internal.Invoker.invokeTestMethod(Invoker.java:901)
	at org.testng.internal.Invoker.invokeTestMethods(Invoker.java:1231)
	at org.testng.internal.TestMethodWorker.invokeTestMethods(TestMethodWorker.java:127)
	at org.testng.internal.TestMethodWorker.run(TestMethodWorker.java:111)
	at org.testng.TestRunner.privateRun(TestRunner.java:767)
	at org.testng.TestRunner.run(TestRunner.java:617)
	at org.testng.SuiteRunner.runTest(SuiteRunner.java:334)
	at org.testng.SuiteRunner.runSequentially(SuiteRunner.java:329)
	at org.testng.SuiteRunner.privateRun(SuiteRunner.java:291)
	at org.testng.SuiteRunner.run(SuiteRunner.java:240)
	at org.testng.SuiteRunnerWorker.runSuite(SuiteRunnerWorker.java:52)
	at org.testng.SuiteRunnerWorker.run(SuiteRunnerWorker.java:86)
	at org.testng.TestNG.runSuitesSequentially(TestNG.java:1224)
	at org.testng.TestNG.runSuitesLocally(TestNG.java:1149)
	at org.testng.TestNG.run(TestNG.java:1057)
	at org.apache.maven.surefire.testng.TestNGExecutor.run(TestNGExecutor.java:70)
	at org.apache.maven.surefire.testng.TestNGDirectoryTestSuite.executeMulti(TestNGDirectoryTestSuite.java:157)
	at org.apache.maven.surefire.testng.TestNGDirectoryTestSuite.execute(TestNGDirectoryTestSuite.java:97)
	at org.apache.maven.surefire.testng.TestNGProvider.invoke(TestNGProvider.java:111)
	at sun.reflect.NativeMethodAccessorImpl.invoke0(Native Method)
	at sun.reflect.NativeMethodAccessorImpl.invoke(NativeMethodAccessorImpl.java:57)
	at sun.reflect.DelegatingMethodAccessorImpl.invoke(DelegatingMethodAccessorImpl.java:43)
	at java.lang.reflect.Method.invoke(Method.java:606)
	at org.apache.maven.surefire.util.ReflectionUtils.invokeMethodWithArray(ReflectionUtils.java:164)
	at org.apache.maven.surefire.booter.ProviderFactory$ProviderProxy.invoke(ProviderFactory.java:110)
	at org.apache.maven.surefire.booter.SurefireStarter.invokeProvider(SurefireStarter.java:172)
	at org.apache.maven.surefire.booter.SurefireStarter.runSuitesInProcessWhenForked(SurefireStarter.java:104)
	at org.apache.maven.surefire.booter.ForkedBooter.main(ForkedBooter.java:70)
</pre></div></td>
<td>0</td>
<td>storm.starter.bolt.TotalRankingsBoltTest@146d5dc</td></tr>
<tr>
<td title='storm.starter.bolt.TotalRankingsBoltTest.negativeOrZeroTopNShouldThrowIAE()'><b>negativeOrZeroTopNShouldThrowIAE</b><br>Test class: storm.starter.bolt.TotalRankingsBoltTest<br>Parameters: -1</td>
<td><div><pre>java.lang.IllegalArgumentException: topN must be &gt;= 1 (you requested -1)
	at storm.starter.bolt.AbstractRankerBolt.&lt;init&gt;(AbstractRankerBolt.java:61)
	at storm.starter.bolt.AbstractRankerBolt.&lt;init&gt;(AbstractRankerBolt.java:56)
	at storm.starter.bolt.TotalRankingsBolt.&lt;init&gt;(TotalRankingsBolt.java:40)
	at storm.starter.bolt.TotalRankingsBoltTest.negativeOrZeroTopNShouldThrowIAE(TotalRankingsBoltTest.java:59)
... Removed 34 stack frames</pre></div><a href='#' onClick='toggleBox("stack-trace32919302", this, "Click to show all stack frames", "Click to hide stack frames")'>Click to show all stack frames</a>
<div class='stack-trace' id='stack-trace32919302'><pre>java.lang.IllegalArgumentException: topN must be &gt;= 1 (you requested -1)
	at storm.starter.bolt.AbstractRankerBolt.&lt;init&gt;(AbstractRankerBolt.java:61)
	at storm.starter.bolt.AbstractRankerBolt.&lt;init&gt;(AbstractRankerBolt.java:56)
	at storm.starter.bolt.TotalRankingsBolt.&lt;init&gt;(TotalRankingsBolt.java:40)
	at storm.starter.bolt.TotalRankingsBoltTest.negativeOrZeroTopNShouldThrowIAE(TotalRankingsBoltTest.java:59)
	at sun.reflect.NativeMethodAccessorImpl.invoke0(Native Method)
	at sun.reflect.NativeMethodAccessorImpl.invoke(NativeMethodAccessorImpl.java:57)
	at sun.reflect.DelegatingMethodAccessorImpl.invoke(DelegatingMethodAccessorImpl.java:43)
	at java.lang.reflect.Method.invoke(Method.java:606)
	at org.testng.internal.MethodInvocationHelper.invokeMethod(MethodInvocationHelper.java:84)
	at org.testng.internal.Invoker.invokeMethod(Invoker.java:714)
	at org.testng.internal.Invoker.invokeTestMethod(Invoker.java:901)
	at org.testng.internal.Invoker.invokeTestMethods(Invoker.java:1231)
	at org.testng.internal.TestMethodWorker.invokeTestMethods(TestMethodWorker.java:127)
	at org.testng.internal.TestMethodWorker.run(TestMethodWorker.java:111)
	at org.testng.TestRunner.privateRun(TestRunner.java:767)
	at org.testng.TestRunner.run(TestRunner.java:617)
	at org.testng.SuiteRunner.runTest(SuiteRunner.java:334)
	at org.testng.SuiteRunner.runSequentially(SuiteRunner.java:329)
	at org.testng.SuiteRunner.privateRun(SuiteRunner.java:291)
	at org.testng.SuiteRunner.run(SuiteRunner.java:240)
	at org.testng.SuiteRunnerWorker.runSuite(SuiteRunnerWorker.java:52)
	at org.testng.SuiteRunnerWorker.run(SuiteRunnerWorker.java:86)
	at org.testng.TestNG.runSuitesSequentially(TestNG.java:1224)
	at org.testng.TestNG.runSuitesLocally(TestNG.java:1149)
	at org.testng.TestNG.run(TestNG.java:1057)
	at org.apache.maven.surefire.testng.TestNGExecutor.run(TestNGExecutor.java:70)
	at org.apache.maven.surefire.testng.TestNGDirectoryTestSuite.executeMulti(TestNGDirectoryTestSuite.java:157)
	at org.apache.maven.surefire.testng.TestNGDirectoryTestSuite.execute(TestNGDirectoryTestSuite.java:97)
	at org.apache.maven.surefire.testng.TestNGProvider.invoke(TestNGProvider.java:111)
	at sun.reflect.NativeMethodAccessorImpl.invoke0(Native Method)
	at sun.reflect.NativeMethodAccessorImpl.invoke(NativeMethodAccessorImpl.java:57)
	at sun.reflect.DelegatingMethodAccessorImpl.invoke(DelegatingMethodAccessorImpl.java:43)
	at java.lang.reflect.Method.invoke(Method.java:606)
	at org.apache.maven.surefire.util.ReflectionUtils.invokeMethodWithArray(ReflectionUtils.java:164)
	at org.apache.maven.surefire.booter.ProviderFactory$ProviderProxy.invoke(ProviderFactory.java:110)
	at org.apache.maven.surefire.booter.SurefireStarter.invokeProvider(SurefireStarter.java:172)
	at org.apache.maven.surefire.booter.SurefireStarter.runSuitesInProcessWhenForked(SurefireStarter.java:104)
	at org.apache.maven.surefire.booter.ForkedBooter.main(ForkedBooter.java:70)
</pre></div></td>
<td>0</td>
<td>storm.starter.bolt.TotalRankingsBoltTest@146d5dc</td></tr>
<tr>
<td title='storm.starter.bolt.TotalRankingsBoltTest.negativeOrZeroTopNShouldThrowIAE()'><b>negativeOrZeroTopNShouldThrowIAE</b><br>Test class: storm.starter.bolt.TotalRankingsBoltTest<br>Parameters: 0</td>
<td><div><pre>java.lang.IllegalArgumentException: topN must be &gt;= 1 (you requested 0)
	at storm.starter.bolt.AbstractRankerBolt.&lt;init&gt;(AbstractRankerBolt.java:61)
	at storm.starter.bolt.AbstractRankerBolt.&lt;init&gt;(AbstractRankerBolt.java:56)
	at storm.starter.bolt.TotalRankingsBolt.&lt;init&gt;(TotalRankingsBolt.java:40)
	at storm.starter.bolt.TotalRankingsBoltTest.negativeOrZeroTopNShouldThrowIAE(TotalRankingsBoltTest.java:59)
... Removed 34 stack frames</pre></div><a href='#' onClick='toggleBox("stack-trace29237306", this, "Click to show all stack frames", "Click to hide stack frames")'>Click to show all stack frames</a>
<div class='stack-trace' id='stack-trace29237306'><pre>java.lang.IllegalArgumentException: topN must be &gt;= 1 (you requested 0)
	at storm.starter.bolt.AbstractRankerBolt.&lt;init&gt;(AbstractRankerBolt.java:61)
	at storm.starter.bolt.AbstractRankerBolt.&lt;init&gt;(AbstractRankerBolt.java:56)
	at storm.starter.bolt.TotalRankingsBolt.&lt;init&gt;(TotalRankingsBolt.java:40)
	at storm.starter.bolt.TotalRankingsBoltTest.negativeOrZeroTopNShouldThrowIAE(TotalRankingsBoltTest.java:59)
	at sun.reflect.NativeMethodAccessorImpl.invoke0(Native Method)
	at sun.reflect.NativeMethodAccessorImpl.invoke(NativeMethodAccessorImpl.java:57)
	at sun.reflect.DelegatingMethodAccessorImpl.invoke(DelegatingMethodAccessorImpl.java:43)
	at java.lang.reflect.Method.invoke(Method.java:606)
	at org.testng.internal.MethodInvocationHelper.invokeMethod(MethodInvocationHelper.java:84)
	at org.testng.internal.Invoker.invokeMethod(Invoker.java:714)
	at org.testng.internal.Invoker.invokeTestMethod(Invoker.java:901)
	at org.testng.internal.Invoker.invokeTestMethods(Invoker.java:1231)
	at org.testng.internal.TestMethodWorker.invokeTestMethods(TestMethodWorker.java:127)
	at org.testng.internal.TestMethodWorker.run(TestMethodWorker.java:111)
	at org.testng.TestRunner.privateRun(TestRunner.java:767)
	at org.testng.TestRunner.run(TestRunner.java:617)
	at org.testng.SuiteRunner.runTest(SuiteRunner.java:334)
	at org.testng.SuiteRunner.runSequentially(SuiteRunner.java:329)
	at org.testng.SuiteRunner.privateRun(SuiteRunner.java:291)
	at org.testng.SuiteRunner.run(SuiteRunner.java:240)
	at org.testng.SuiteRunnerWorker.runSuite(SuiteRunnerWorker.java:52)
	at org.testng.SuiteRunnerWorker.run(SuiteRunnerWorker.java:86)
	at org.testng.TestNG.runSuitesSequentially(TestNG.java:1224)
	at org.testng.TestNG.runSuitesLocally(TestNG.java:1149)
	at org.testng.TestNG.run(TestNG.java:1057)
	at org.apache.maven.surefire.testng.TestNGExecutor.run(TestNGExecutor.java:70)
	at org.apache.maven.surefire.testng.TestNGDirectoryTestSuite.executeMulti(TestNGDirectoryTestSuite.java:157)
	at org.apache.maven.surefire.testng.TestNGDirectoryTestSuite.execute(TestNGDirectoryTestSuite.java:97)
	at org.apache.maven.surefire.testng.TestNGProvider.invoke(TestNGProvider.java:111)
	at sun.reflect.NativeMethodAccessorImpl.invoke0(Native Method)
	at sun.reflect.NativeMethodAccessorImpl.invoke(NativeMethodAccessorImpl.java:57)
	at sun.reflect.DelegatingMethodAccessorImpl.invoke(DelegatingMethodAccessorImpl.java:43)
	at java.lang.reflect.Method.invoke(Method.java:606)
	at org.apache.maven.surefire.util.ReflectionUtils.invokeMethodWithArray(ReflectionUtils.java:164)
	at org.apache.maven.surefire.booter.ProviderFactory$ProviderProxy.invoke(ProviderFactory.java:110)
	at org.apache.maven.surefire.booter.SurefireStarter.invokeProvider(SurefireStarter.java:172)
	at org.apache.maven.surefire.booter.SurefireStarter.runSuitesInProcessWhenForked(SurefireStarter.java:104)
	at org.apache.maven.surefire.booter.ForkedBooter.main(ForkedBooter.java:70)
</pre></div></td>
<td>0</td>
<td>storm.starter.bolt.TotalRankingsBoltTest@146d5dc</td></tr>
<tr>
<td title='storm.starter.tools.SlidingWindowCounterTest.newInstanceShouldHaveEmptyCounts()'><b>newInstanceShouldHaveEmptyCounts</b><br>Test class: storm.starter.tools.SlidingWindowCounterTest</td>
<td></td>
<td>0</td>
<td>storm.starter.tools.SlidingWindowCounterTest@535e27</td></tr>
<tr>
<td title='storm.starter.tools.SlotBasedCounterTest.newInstanceShouldHaveEmptyCounts()'><b>newInstanceShouldHaveEmptyCounts</b><br>Test class: storm.starter.tools.SlotBasedCounterTest</td>
<td></td>
<td>0</td>
<td>storm.starter.tools.SlotBasedCounterTest@13da08</td></tr>
<tr>
<td title='storm.starter.bolt.IntermediateRankingsBoltTest.positiveEmitFrequencyShouldBeOk()'><b>positiveEmitFrequencyShouldBeOk</b><br>Test class: storm.starter.bolt.IntermediateRankingsBoltTest<br>Parameters: 1</td>
<td></td>
<td>0</td>
<td>storm.starter.bolt.IntermediateRankingsBoltTest@14f6d51</td></tr>
<tr>
<td title='storm.starter.bolt.IntermediateRankingsBoltTest.positiveEmitFrequencyShouldBeOk()'><b>positiveEmitFrequencyShouldBeOk</b><br>Test class: storm.starter.bolt.IntermediateRankingsBoltTest<br>Parameters: 2</td>
<td></td>
<td>0</td>
<td>storm.starter.bolt.IntermediateRankingsBoltTest@14f6d51</td></tr>
<tr>
<td title='storm.starter.bolt.IntermediateRankingsBoltTest.positiveEmitFrequencyShouldBeOk()'><b>positiveEmitFrequencyShouldBeOk</b><br>Test class: storm.starter.bolt.IntermediateRankingsBoltTest<br>Parameters: 3</td>
<td></td>
<td>0</td>
<td>storm.starter.bolt.IntermediateRankingsBoltTest@14f6d51</td></tr>
<tr>
<td title='storm.starter.bolt.IntermediateRankingsBoltTest.positiveEmitFrequencyShouldBeOk()'><b>positiveEmitFrequencyShouldBeOk</b><br>Test class: storm.starter.bolt.IntermediateRankingsBoltTest<br>Parameters: 20</td>
<td></td>
<td>0</td>
<td>storm.starter.bolt.IntermediateRankingsBoltTest@14f6d51</td></tr>
<tr>
<td title='storm.starter.bolt.TotalRankingsBoltTest.positiveEmitFrequencyShouldBeOk()'><b>positiveEmitFrequencyShouldBeOk</b><br>Test class: storm.starter.bolt.TotalRankingsBoltTest<br>Parameters: 1</td>
<td></td>
<td>0</td>
<td>storm.starter.bolt.TotalRankingsBoltTest@146d5dc</td></tr>
<tr>
<td title='storm.starter.bolt.TotalRankingsBoltTest.positiveEmitFrequencyShouldBeOk()'><b>positiveEmitFrequencyShouldBeOk</b><br>Test class: storm.starter.bolt.TotalRankingsBoltTest<br>Parameters: 2</td>
<td></td>
<td>0</td>
<td>storm.starter.bolt.TotalRankingsBoltTest@146d5dc</td></tr>
<tr>
<td title='storm.starter.bolt.TotalRankingsBoltTest.positiveEmitFrequencyShouldBeOk()'><b>positiveEmitFrequencyShouldBeOk</b><br>Test class: storm.starter.bolt.TotalRankingsBoltTest<br>Parameters: 3</td>
<td></td>
<td>0</td>
<td>storm.starter.bolt.TotalRankingsBoltTest@146d5dc</td></tr>
<tr>
<td title='storm.starter.bolt.TotalRankingsBoltTest.positiveEmitFrequencyShouldBeOk()'><b>positiveEmitFrequencyShouldBeOk</b><br>Test class: storm.starter.bolt.TotalRankingsBoltTest<br>Parameters: 20</td>
<td></td>
<td>0</td>
<td>storm.starter.bolt.TotalRankingsBoltTest@146d5dc</td></tr>
<tr>
<td title='storm.starter.tools.SlotBasedCounterTest.positiveNumSlotsShouldBeOk()'><b>positiveNumSlotsShouldBeOk</b><br>Test class: storm.starter.tools.SlotBasedCounterTest<br>Parameters: 1</td>
<td></td>
<td>0</td>
<td>storm.starter.tools.SlotBasedCounterTest@13da08</td></tr>
<tr>
<td title='storm.starter.tools.SlotBasedCounterTest.positiveNumSlotsShouldBeOk()'><b>positiveNumSlotsShouldBeOk</b><br>Test class: storm.starter.tools.SlotBasedCounterTest<br>Parameters: 2</td>
<td></td>
<td>0</td>
<td>storm.starter.tools.SlotBasedCounterTest@13da08</td></tr>
<tr>
<td title='storm.starter.tools.SlotBasedCounterTest.positiveNumSlotsShouldBeOk()'><b>positiveNumSlotsShouldBeOk</b><br>Test class: storm.starter.tools.SlotBasedCounterTest<br>Parameters: 3</td>
<td></td>
<td>0</td>
<td>storm.starter.tools.SlotBasedCounterTest@13da08</td></tr>
<tr>
<td title='storm.starter.tools.SlotBasedCounterTest.positiveNumSlotsShouldBeOk()'><b>positiveNumSlotsShouldBeOk</b><br>Test class: storm.starter.tools.SlotBasedCounterTest<br>Parameters: 20</td>
<td></td>
<td>0</td>
<td>storm.starter.tools.SlotBasedCounterTest@13da08</td></tr>
<tr>
<td title='storm.starter.tools.NthLastModifiedTimeTrackerTest.positiveNumTimesToTrackShouldBeOk()'><b>positiveNumTimesToTrackShouldBeOk</b><br>Test class: storm.starter.tools.NthLastModifiedTimeTrackerTest<br>Parameters: 1</td>
<td></td>
<td>0</td>
<td>storm.starter.tools.NthLastModifiedTimeTrackerTest@1d4c0d2</td></tr>
<tr>
<td title='storm.starter.tools.NthLastModifiedTimeTrackerTest.positiveNumTimesToTrackShouldBeOk()'><b>positiveNumTimesToTrackShouldBeOk</b><br>Test class: storm.starter.tools.NthLastModifiedTimeTrackerTest<br>Parameters: 2</td>
<td></td>
<td>0</td>
<td>storm.starter.tools.NthLastModifiedTimeTrackerTest@1d4c0d2</td></tr>
<tr>
<td title='storm.starter.tools.NthLastModifiedTimeTrackerTest.positiveNumTimesToTrackShouldBeOk()'><b>positiveNumTimesToTrackShouldBeOk</b><br>Test class: storm.starter.tools.NthLastModifiedTimeTrackerTest<br>Parameters: 3</td>
<td></td>
<td>0</td>
<td>storm.starter.tools.NthLastModifiedTimeTrackerTest@1d4c0d2</td></tr>
<tr>
<td title='storm.starter.tools.NthLastModifiedTimeTrackerTest.positiveNumTimesToTrackShouldBeOk()'><b>positiveNumTimesToTrackShouldBeOk</b><br>Test class: storm.starter.tools.NthLastModifiedTimeTrackerTest<br>Parameters: 20</td>
<td></td>
<td>0</td>
<td>storm.starter.tools.NthLastModifiedTimeTrackerTest@1d4c0d2</td></tr>
<tr>
<td title='storm.starter.bolt.IntermediateRankingsBoltTest.positiveTopNShouldBeOk()'><b>positiveTopNShouldBeOk</b><br>Test class: storm.starter.bolt.IntermediateRankingsBoltTest<br>Parameters: 1</td>
<td></td>
<td>0</td>
<td>storm.starter.bolt.IntermediateRankingsBoltTest@14f6d51</td></tr>
<tr>
<td title='storm.starter.bolt.IntermediateRankingsBoltTest.positiveTopNShouldBeOk()'><b>positiveTopNShouldBeOk</b><br>Test class: storm.starter.bolt.IntermediateRankingsBoltTest<br>Parameters: 2</td>
<td></td>
<td>0</td>
<td>storm.starter.bolt.IntermediateRankingsBoltTest@14f6d51</td></tr>
<tr>
<td title='storm.starter.bolt.IntermediateRankingsBoltTest.positiveTopNShouldBeOk()'><b>positiveTopNShouldBeOk</b><br>Test class: storm.starter.bolt.IntermediateRankingsBoltTest<br>Parameters: 3</td>
<td></td>
<td>0</td>
<td>storm.starter.bolt.IntermediateRankingsBoltTest@14f6d51</td></tr>
<tr>
<td title='storm.starter.bolt.IntermediateRankingsBoltTest.positiveTopNShouldBeOk()'><b>positiveTopNShouldBeOk</b><br>Test class: storm.starter.bolt.IntermediateRankingsBoltTest<br>Parameters: 20</td>
<td></td>
<td>0</td>
<td>storm.starter.bolt.IntermediateRankingsBoltTest@14f6d51</td></tr>
<tr>
<td title='storm.starter.bolt.TotalRankingsBoltTest.positiveTopNShouldBeOk()'><b>positiveTopNShouldBeOk</b><br>Test class: storm.starter.bolt.TotalRankingsBoltTest<br>Parameters: 1</td>
<td></td>
<td>0</td>
<td>storm.starter.bolt.TotalRankingsBoltTest@146d5dc</td></tr>
<tr>
<td title='storm.starter.bolt.TotalRankingsBoltTest.positiveTopNShouldBeOk()'><b>positiveTopNShouldBeOk</b><br>Test class: storm.starter.bolt.TotalRankingsBoltTest<br>Parameters: 2</td>
<td></td>
<td>0</td>
<td>storm.starter.bolt.TotalRankingsBoltTest@146d5dc</td></tr>
<tr>
<td title='storm.starter.bolt.TotalRankingsBoltTest.positiveTopNShouldBeOk()'><b>positiveTopNShouldBeOk</b><br>Test class: storm.starter.bolt.TotalRankingsBoltTest<br>Parameters: 3</td>
<td></td>
<td>0</td>
<td>storm.starter.bolt.TotalRankingsBoltTest@146d5dc</td></tr>
<tr>
<td title='storm.starter.bolt.TotalRankingsBoltTest.positiveTopNShouldBeOk()'><b>positiveTopNShouldBeOk</b><br>Test class: storm.starter.bolt.TotalRankingsBoltTest<br>Parameters: 20</td>
<td></td>
<td>0</td>
<td>storm.starter.bolt.TotalRankingsBoltTest@146d5dc</td></tr>
<tr>
<td title='storm.starter.tools.RankableObjectWithFieldsTest.shouldBeEqualToItself()'><b>shouldBeEqualToItself</b><br>Test class: storm.starter.tools.RankableObjectWithFieldsTest</td>
<td></td>
<td>0</td>
<td>storm.starter.tools.RankableObjectWithFieldsTest@ea86e3</td></tr>
<tr>
<td title='storm.starter.tools.RankableObjectWithFieldsTest.shouldBeEqualToTrueDuplicates()'><b>shouldBeEqualToTrueDuplicates</b><br>Test class: storm.starter.tools.RankableObjectWithFieldsTest<br>Parameters: [foo|0], [foo|0]</td>
<td></td>
<td>0</td>
<td>storm.starter.tools.RankableObjectWithFieldsTest@ea86e3</td></tr>
<tr>
<td title='storm.starter.tools.RankableObjectWithFieldsTest.shouldBeEqualToTrueDuplicates()'><b>shouldBeEqualToTrueDuplicates</b><br>Test class: storm.starter.tools.RankableObjectWithFieldsTest<br>Parameters: [foo|0], [foo|0|someOtherField]</td>
<td></td>
<td>0</td>
<td>storm.starter.tools.RankableObjectWithFieldsTest@ea86e3</td></tr>
<tr>
<td title='storm.starter.tools.RankableObjectWithFieldsTest.shouldBeEqualToTrueDuplicates()'><b>shouldBeEqualToTrueDuplicates</b><br>Test class: storm.starter.tools.RankableObjectWithFieldsTest<br>Parameters: [foo|0|someField], [foo|0|someOtherField]</td>
<td></td>
<td>0</td>
<td>storm.starter.tools.RankableObjectWithFieldsTest@ea86e3</td></tr>
<tr>
<td title='storm.starter.tools.RankingsTest.shouldCorrectlyRankWhenEmptyAndUpdatedWithOtherRankings()'><b>shouldCorrectlyRankWhenEmptyAndUpdatedWithOtherRankings</b><br>Test class: storm.starter.tools.RankingsTest<br>Parameters: [[A|1]], [[A|1]]</td>
<td></td>
<td>0</td>
<td>storm.starter.tools.RankingsTest@1091f09</td></tr>
<tr>
<td title='storm.starter.tools.RankingsTest.shouldCorrectlyRankWhenEmptyAndUpdatedWithOtherRankings()'><b>shouldCorrectlyRankWhenEmptyAndUpdatedWithOtherRankings</b><br>Test class: storm.starter.tools.RankingsTest<br>Parameters: [[B|2], [D|4], [A|1], [C|3]], [[D|4], [C|3], [B|2], [A|1]]</td>
<td></td>
<td>0</td>
<td>storm.starter.tools.RankingsTest@1091f09</td></tr>
<tr>
<td title='storm.starter.tools.RankingsTest.shouldCorrectlyRankWhenEmptyAndUpdatedWithOtherRankings()'><b>shouldCorrectlyRankWhenEmptyAndUpdatedWithOtherRankings</b><br>Test class: storm.starter.tools.RankingsTest<br>Parameters: [[B|2], [F|6], [A|1], [C|3], [D|4], [E|5]], [[F|6], [E|5], [D|4], [C|3], [B|2], [A|1]]</td>
<td></td>
<td>0</td>
<td>storm.starter.tools.RankingsTest@1091f09</td></tr>
<tr>
<td title='storm.starter.tools.RankingsTest.shouldCorrectlyRankWhenEmptyAndUpdatedWithOtherRankings()'><b>shouldCorrectlyRankWhenEmptyAndUpdatedWithOtherRankings</b><br>Test class: storm.starter.tools.RankingsTest<br>Parameters: [[G|7], [B|2], [F|6], [A|1], [C|3], [D|4], [E|5], [H|8]], [[H|8], [G|7], [F|6], [E|5], [D|4], [C|3], [B|2], [A|1]]</td>
<td></td>
<td>0</td>
<td>storm.starter.tools.RankingsTest@1091f09</td></tr>
<tr>
<td title='storm.starter.tools.RankingsTest.shouldCorrectlyRankWhenNotEmptyAndUpdatedWithOtherRankings()'><b>shouldCorrectlyRankWhenNotEmptyAndUpdatedWithOtherRankings</b><br>Test class: storm.starter.tools.RankingsTest<br>Parameters: [[A|1]], [[A|1]], [[A|1]]</td>
<td></td>
<td>0</td>
<td>storm.starter.tools.RankingsTest@1091f09</td></tr>
<tr>
<td title='storm.starter.tools.RankingsTest.shouldCorrectlyRankWhenNotEmptyAndUpdatedWithOtherRankings()'><b>shouldCorrectlyRankWhenNotEmptyAndUpdatedWithOtherRankings</b><br>Test class: storm.starter.tools.RankingsTest<br>Parameters: [[A|1], [C|3]], [[B|2], [D|4]], [[D|4], [C|3], [B|2], [A|1]]</td>
<td></td>
<td>0</td>
<td>storm.starter.tools.RankingsTest@1091f09</td></tr>
<tr>
<td title='storm.starter.tools.RankingsTest.shouldCorrectlyRankWhenNotEmptyAndUpdatedWithOtherRankings()'><b>shouldCorrectlyRankWhenNotEmptyAndUpdatedWithOtherRankings</b><br>Test class: storm.starter.tools.RankingsTest<br>Parameters: [[B|2], [F|6], [A|1]], [[C|3], [D|4], [E|5]], [[F|6], [E|5], [D|4], [C|3], [B|2], [A|1]]</td>
<td></td>
<td>0</td>
<td>storm.starter.tools.RankingsTest@1091f09</td></tr>
<tr>
<td title='storm.starter.tools.RankingsTest.shouldCorrectlyRankWhenNotEmptyAndUpdatedWithOtherRankings()'><b>shouldCorrectlyRankWhenNotEmptyAndUpdatedWithOtherRankings</b><br>Test class: storm.starter.tools.RankingsTest<br>Parameters: [[G|7], [B|2], [F|6], [A|1], [C|3]], [[D|4], [E|5], [H|8]], [[H|8], [G|7], [F|6], [E|5], [D|4], [C|3], [B|2], [A|1]]</td>
<td></td>
<td>0</td>
<td>storm.starter.tools.RankingsTest@1091f09</td></tr>
<tr>
<td title='storm.starter.tools.RankingsTest.shouldCorrectlyRankWhenUpdatedWithEmptyOtherRankings()'><b>shouldCorrectlyRankWhenUpdatedWithEmptyOtherRankings</b><br>Test class: storm.starter.tools.RankingsTest<br>Parameters: [[A|1]], [[A|1]]</td>
<td></td>
<td>0</td>
<td>storm.starter.tools.RankingsTest@1091f09</td></tr>
<tr>
<td title='storm.starter.tools.RankingsTest.shouldCorrectlyRankWhenUpdatedWithEmptyOtherRankings()'><b>shouldCorrectlyRankWhenUpdatedWithEmptyOtherRankings</b><br>Test class: storm.starter.tools.RankingsTest<br>Parameters: [[B|2], [D|4], [A|1], [C|3]], [[D|4], [C|3], [B|2], [A|1]]</td>
<td></td>
<td>0</td>
<td>storm.starter.tools.RankingsTest@1091f09</td></tr>
<tr>
<td title='storm.starter.tools.RankingsTest.shouldCorrectlyRankWhenUpdatedWithEmptyOtherRankings()'><b>shouldCorrectlyRankWhenUpdatedWithEmptyOtherRankings</b><br>Test class: storm.starter.tools.RankingsTest<br>Parameters: [[B|2], [F|6], [A|1], [C|3], [D|4], [E|5]], [[F|6], [E|5], [D|4], [C|3], [B|2], [A|1]]</td>
<td></td>
<td>0</td>
<td>storm.starter.tools.RankingsTest@1091f09</td></tr>
<tr>
<td title='storm.starter.tools.RankingsTest.shouldCorrectlyRankWhenUpdatedWithEmptyOtherRankings()'><b>shouldCorrectlyRankWhenUpdatedWithEmptyOtherRankings</b><br>Test class: storm.starter.tools.RankingsTest<br>Parameters: [[G|7], [B|2], [F|6], [A|1], [C|3], [D|4], [E|5], [H|8]], [[H|8], [G|7], [F|6], [E|5], [D|4], [C|3], [B|2], [A|1]]</td>
<td></td>
<td>0</td>
<td>storm.starter.tools.RankingsTest@1091f09</td></tr>
<tr>
<td title='storm.starter.tools.RankingsTest.shouldCorrectlyRankWhenUpdatedWithRankables()'><b>shouldCorrectlyRankWhenUpdatedWithRankables</b><br>Test class: storm.starter.tools.RankingsTest<br>Parameters: [[A|1]], [[A|1]]</td>
<td></td>
<td>0</td>
<td>storm.starter.tools.RankingsTest@1091f09</td></tr>
<tr>
<td title='storm.starter.tools.RankingsTest.shouldCorrectlyRankWhenUpdatedWithRankables()'><b>shouldCorrectlyRankWhenUpdatedWithRankables</b><br>Test class: storm.starter.tools.RankingsTest<br>Parameters: [[B|2], [D|4], [A|1], [C|3]], [[D|4], [C|3], [B|2], [A|1]]</td>
<td></td>
<td>0</td>
<td>storm.starter.tools.RankingsTest@1091f09</td></tr>
<tr>
<td title='storm.starter.tools.RankingsTest.shouldCorrectlyRankWhenUpdatedWithRankables()'><b>shouldCorrectlyRankWhenUpdatedWithRankables</b><br>Test class: storm.starter.tools.RankingsTest<br>Parameters: [[B|2], [F|6], [A|1], [C|3], [D|4], [E|5]], [[F|6], [E|5], [D|4], [C|3], [B|2], [A|1]]</td>
<td></td>
<td>0</td>
<td>storm.starter.tools.RankingsTest@1091f09</td></tr>
<tr>
<td title='storm.starter.tools.RankingsTest.shouldCorrectlyRankWhenUpdatedWithRankables()'><b>shouldCorrectlyRankWhenUpdatedWithRankables</b><br>Test class: storm.starter.tools.RankingsTest<br>Parameters: [[G|7], [B|2], [F|6], [A|1], [C|3], [D|4], [E|5], [H|8]], [[H|8], [G|7], [F|6], [E|5], [D|4], [C|3], [B|2], [A|1]]</td>
<td></td>
<td>0</td>
<td>storm.starter.tools.RankingsTest@1091f09</td></tr>
<tr>
<td title='storm.starter.tools.RankableObjectWithFieldsTest.shouldCreateRankableObjectFromTuple()'><b>shouldCreateRankableObjectFromTuple</b><br>Test class: storm.starter.tools.RankableObjectWithFieldsTest</td>
<td></td>
<td>0</td>
<td>storm.starter.tools.RankableObjectWithFieldsTest@ea86e3</td></tr>
<tr>
<td title='storm.starter.bolt.IntermediateRankingsBoltTest.shouldDeclareOutputFields()'><b>shouldDeclareOutputFields</b><br>Test class: storm.starter.bolt.IntermediateRankingsBoltTest</td>
<td></td>
<td>0</td>
<td>storm.starter.bolt.IntermediateRankingsBoltTest@14f6d51</td></tr>
<tr>
<td title='storm.starter.bolt.RollingCountBoltTest.shouldDeclareOutputFields()'><b>shouldDeclareOutputFields</b><br>Test class: storm.starter.bolt.RollingCountBoltTest</td>
<td></td>
<td>0</td>
<td>storm.starter.bolt.RollingCountBoltTest@14a6c40</td></tr>
<tr>
<td title='storm.starter.bolt.TotalRankingsBoltTest.shouldDeclareOutputFields()'><b>shouldDeclareOutputFields</b><br>Test class: storm.starter.bolt.TotalRankingsBoltTest</td>
<td></td>
<td>0</td>
<td>storm.starter.bolt.TotalRankingsBoltTest@146d5dc</td></tr>
<tr>
<td title='storm.starter.bolt.RollingCountBoltTest.shouldEmitNothingIfNoObjectHasBeenCountedYetAndTickTupleIsReceived()'><b>shouldEmitNothingIfNoObjectHasBeenCountedYetAndTickTupleIsReceived</b><br>Test class: storm.starter.bolt.RollingCountBoltTest</td>
<td></td>
<td>0</td>
<td>storm.starter.bolt.RollingCountBoltTest@14a6c40</td></tr>
<tr>
<td title='storm.starter.bolt.IntermediateRankingsBoltTest.shouldEmitNothingIfNormalTupleIsReceived()'><b>shouldEmitNothingIfNormalTupleIsReceived</b><br>Test class: storm.starter.bolt.IntermediateRankingsBoltTest</td>
<td></td>
<td>0</td>
<td>storm.starter.bolt.IntermediateRankingsBoltTest@14f6d51</td></tr>
<tr>
<td title='storm.starter.bolt.TotalRankingsBoltTest.shouldEmitNothingIfNormalTupleIsReceived()'><b>shouldEmitNothingIfNormalTupleIsReceived</b><br>Test class: storm.starter.bolt.TotalRankingsBoltTest</td>
<td></td>
<td>0</td>
<td>storm.starter.bolt.TotalRankingsBoltTest@146d5dc</td></tr>
<tr>
<td title='storm.starter.bolt.RollingCountBoltTest.shouldEmitSomethingIfAtLeastOneObjectWasCountedAndTickTupleIsReceived()'><b>shouldEmitSomethingIfAtLeastOneObjectWasCountedAndTickTupleIsReceived</b><br>Test class: storm.starter.bolt.RollingCountBoltTest</td>
<td></td>
<td>0</td>
<td>storm.starter.bolt.RollingCountBoltTest@14a6c40</td></tr>
<tr>
<td title='storm.starter.bolt.IntermediateRankingsBoltTest.shouldEmitSomethingIfTickTupleIsReceived()'><b>shouldEmitSomethingIfTickTupleIsReceived</b><br>Test class: storm.starter.bolt.IntermediateRankingsBoltTest</td>
<td></td>
<td>0</td>
<td>storm.starter.bolt.IntermediateRankingsBoltTest@14f6d51</td></tr>
<tr>
<td title='storm.starter.bolt.TotalRankingsBoltTest.shouldEmitSomethingIfTickTupleIsReceived()'><b>shouldEmitSomethingIfTickTupleIsReceived</b><br>Test class: storm.starter.bolt.TotalRankingsBoltTest</td>
<td></td>
<td>0</td>
<td>storm.starter.bolt.TotalRankingsBoltTest@146d5dc</td></tr>
<tr>
<td title='storm.starter.tools.RankingsTest.shouldHaveDefaultConstructor()'><b>shouldHaveDefaultConstructor</b><br>Test class: storm.starter.tools.RankingsTest</td>
<td></td>
<td>0</td>
<td>storm.starter.tools.RankingsTest@1091f09</td></tr>
<tr>
<td title='storm.starter.tools.RankableObjectWithFieldsTest.shouldHaveDifferentHashCodeThanFalseDuplicates()'><b>shouldHaveDifferentHashCodeThanFalseDuplicates</b><br>Test class: storm.starter.tools.RankableObjectWithFieldsTest<br>Parameters: [foo|0], [foo|1]</td>
<td></td>
<td>0</td>
<td>storm.starter.tools.RankableObjectWithFieldsTest@ea86e3</td></tr>
<tr>
<td title='storm.starter.tools.RankableObjectWithFieldsTest.shouldHaveDifferentHashCodeThanFalseDuplicates()'><b>shouldHaveDifferentHashCodeThanFalseDuplicates</b><br>Test class: storm.starter.tools.RankableObjectWithFieldsTest<br>Parameters: [foo|1], [Foo|1]</td>
<td></td>
<td>0</td>
<td>storm.starter.tools.RankableObjectWithFieldsTest@ea86e3</td></tr>
<tr>
<td title='storm.starter.tools.RankableObjectWithFieldsTest.shouldHaveDifferentHashCodeThanFalseDuplicates()'><b>shouldHaveDifferentHashCodeThanFalseDuplicates</b><br>Test class: storm.starter.tools.RankableObjectWithFieldsTest<br>Parameters: [foo|1], [FOO|1]</td>
<td></td>
<td>0</td>
<td>storm.starter.tools.RankableObjectWithFieldsTest@ea86e3</td></tr>
<tr>
<td title='storm.starter.tools.RankableObjectWithFieldsTest.shouldHaveDifferentHashCodeThanFalseDuplicates()'><b>shouldHaveDifferentHashCodeThanFalseDuplicates</b><br>Test class: storm.starter.tools.RankableObjectWithFieldsTest<br>Parameters: [foo|1], [bar|1]</td>
<td></td>
<td>0</td>
<td>storm.starter.tools.RankableObjectWithFieldsTest@ea86e3</td></tr>
<tr>
<td title='storm.starter.tools.RankableObjectWithFieldsTest.shouldHaveDifferentHashCodeThanFalseDuplicates()'><b>shouldHaveDifferentHashCodeThanFalseDuplicates</b><br>Test class: storm.starter.tools.RankableObjectWithFieldsTest<br>Parameters: [|0], [|1]</td>
<td></td>
<td>0</td>
<td>storm.starter.tools.RankableObjectWithFieldsTest@ea86e3</td></tr>
<tr>
<td title='storm.starter.tools.RankableObjectWithFieldsTest.shouldHaveDifferentHashCodeThanFalseDuplicates()'><b>shouldHaveDifferentHashCodeThanFalseDuplicates</b><br>Test class: storm.starter.tools.RankableObjectWithFieldsTest<br>Parameters: [|1], [bar|1]</td>
<td></td>
<td>0</td>
<td>storm.starter.tools.RankableObjectWithFieldsTest@ea86e3</td></tr>
<tr>
<td title='storm.starter.tools.RankableObjectWithFieldsTest.shouldHaveSameHashCodeAsTrueDuplicates()'><b>shouldHaveSameHashCodeAsTrueDuplicates</b><br>Test class: storm.starter.tools.RankableObjectWithFieldsTest<br>Parameters: [foo|0], [foo|0]</td>
<td></td>
<td>0</td>
<td>storm.starter.tools.RankableObjectWithFieldsTest@ea86e3</td></tr>
<tr>
<td title='storm.starter.tools.RankableObjectWithFieldsTest.shouldHaveSameHashCodeAsTrueDuplicates()'><b>shouldHaveSameHashCodeAsTrueDuplicates</b><br>Test class: storm.starter.tools.RankableObjectWithFieldsTest<br>Parameters: [foo|0], [foo|0|someOtherField]</td>
<td></td>
<td>0</td>
<td>storm.starter.tools.RankableObjectWithFieldsTest@ea86e3</td></tr>
<tr>
<td title='storm.starter.tools.RankableObjectWithFieldsTest.shouldHaveSameHashCodeAsTrueDuplicates()'><b>shouldHaveSameHashCodeAsTrueDuplicates</b><br>Test class: storm.starter.tools.RankableObjectWithFieldsTest<br>Parameters: [foo|0|someField], [foo|0|someOtherField]</td>
<td></td>
<td>0</td>
<td>storm.starter.tools.RankableObjectWithFieldsTest@ea86e3</td></tr>
<tr>
<td title='storm.starter.tools.SlotBasedCounterTest.shouldIncrementCount()'><b>shouldIncrementCount</b><br>Test class: storm.starter.tools.SlotBasedCounterTest<br>Parameters: [Ljava.lang.String;@66f971, [I@82742d</td>
<td></td>
<td>0</td>
<td>storm.starter.tools.SlotBasedCounterTest@13da08</td></tr>
<tr>
<td title='storm.starter.tools.SlotBasedCounterTest.shouldIncrementCountOnlyOneSlotAtATime()'><b>shouldIncrementCountOnlyOneSlotAtATime</b><br>Test class: storm.starter.tools.SlotBasedCounterTest</td>
<td></td>
<td>0</td>
<td>storm.starter.tools.SlotBasedCounterTest@13da08</td></tr>
<tr>
<td title='storm.starter.tools.RankableObjectWithFieldsTest.shouldNotBeEqualToFalseDuplicates()'><b>shouldNotBeEqualToFalseDuplicates</b><br>Test class: storm.starter.tools.RankableObjectWithFieldsTest<br>Parameters: [foo|0], [foo|1]</td>
<td></td>
<td>0</td>
<td>storm.starter.tools.RankableObjectWithFieldsTest@ea86e3</td></tr>
<tr>
<td title='storm.starter.tools.RankableObjectWithFieldsTest.shouldNotBeEqualToFalseDuplicates()'><b>shouldNotBeEqualToFalseDuplicates</b><br>Test class: storm.starter.tools.RankableObjectWithFieldsTest<br>Parameters: [foo|1], [Foo|1]</td>
<td></td>
<td>0</td>
<td>storm.starter.tools.RankableObjectWithFieldsTest@ea86e3</td></tr>
<tr>
<td title='storm.starter.tools.RankableObjectWithFieldsTest.shouldNotBeEqualToFalseDuplicates()'><b>shouldNotBeEqualToFalseDuplicates</b><br>Test class: storm.starter.tools.RankableObjectWithFieldsTest<br>Parameters: [foo|1], [FOO|1]</td>
<td></td>
<td>0</td>
<td>storm.starter.tools.RankableObjectWithFieldsTest@ea86e3</td></tr>
<tr>
<td title='storm.starter.tools.RankableObjectWithFieldsTest.shouldNotBeEqualToFalseDuplicates()'><b>shouldNotBeEqualToFalseDuplicates</b><br>Test class: storm.starter.tools.RankableObjectWithFieldsTest<br>Parameters: [foo|1], [bar|1]</td>
<td></td>
<td>0</td>
<td>storm.starter.tools.RankableObjectWithFieldsTest@ea86e3</td></tr>
<tr>
<td title='storm.starter.tools.RankableObjectWithFieldsTest.shouldNotBeEqualToFalseDuplicates()'><b>shouldNotBeEqualToFalseDuplicates</b><br>Test class: storm.starter.tools.RankableObjectWithFieldsTest<br>Parameters: [|0], [|1]</td>
<td></td>
<td>0</td>
<td>storm.starter.tools.RankableObjectWithFieldsTest@ea86e3</td></tr>
<tr>
<td title='storm.starter.tools.RankableObjectWithFieldsTest.shouldNotBeEqualToFalseDuplicates()'><b>shouldNotBeEqualToFalseDuplicates</b><br>Test class: storm.starter.tools.RankableObjectWithFieldsTest<br>Parameters: [|1], [bar|1]</td>
<td></td>
<td>0</td>
<td>storm.starter.tools.RankableObjectWithFieldsTest@ea86e3</td></tr>
<tr>
<td title='storm.starter.tools.RankableObjectWithFieldsTest.shouldNotBeEqualToInstancesOfOtherClasses()'><b>shouldNotBeEqualToInstancesOfOtherClasses</b><br>Test class: storm.starter.tools.RankableObjectWithFieldsTest<br>Parameters: foo</td>
<td></td>
<td>0</td>
<td>storm.starter.tools.RankableObjectWithFieldsTest@ea86e3</td></tr>
<tr>
<td title='storm.starter.tools.RankableObjectWithFieldsTest.shouldNotBeEqualToInstancesOfOtherClasses()'><b>shouldNotBeEqualToInstancesOfOtherClasses</b><br>Test class: storm.starter.tools.RankableObjectWithFieldsTest<br>Parameters: java.lang.Object@d662dc</td>
<td></td>
<td>0</td>
<td>storm.starter.tools.RankableObjectWithFieldsTest@ea86e3</td></tr>
<tr>
<td title='storm.starter.tools.RankableObjectWithFieldsTest.shouldNotBeEqualToInstancesOfOtherClasses()'><b>shouldNotBeEqualToInstancesOfOtherClasses</b><br>Test class: storm.starter.tools.RankableObjectWithFieldsTest<br>Parameters: 4</td>
<td></td>
<td>0</td>
<td>storm.starter.tools.RankableObjectWithFieldsTest@ea86e3</td></tr>
<tr>
<td title='storm.starter.tools.RankableObjectWithFieldsTest.shouldNotBeEqualToInstancesOfOtherClasses()'><b>shouldNotBeEqualToInstancesOfOtherClasses</b><br>Test class: storm.starter.tools.RankableObjectWithFieldsTest<br>Parameters: [7, 8, 9]</td>
<td></td>
<td>0</td>
<td>storm.starter.tools.RankableObjectWithFieldsTest@ea86e3</td></tr>
<tr>
<td title='storm.starter.tools.RankingsTest.shouldNotRankDuplicateObjectsMoreThanOnce()'><b>shouldNotRankDuplicateObjectsMoreThanOnce</b><br>Test class: storm.starter.tools.RankingsTest<br>Parameters: [[someObject|42], [someObject|42], [someObject|42]]</td>
<td></td>
<td>0</td>
<td>storm.starter.tools.RankingsTest@1091f09</td></tr>
<tr>
<td title='storm.starter.tools.RankingsTest.shouldNotRankDuplicateObjectsMoreThanOnce()'><b>shouldNotRankDuplicateObjectsMoreThanOnce</b><br>Test class: storm.starter.tools.RankingsTest<br>Parameters: [[A|1], [A|2], [A|3]]</td>
<td></td>
<td>0</td>
<td>storm.starter.tools.RankingsTest@1091f09</td></tr>
<tr>
<td title='storm.starter.tools.RankingsTest.shouldRemoveZeroCounts()'><b>shouldRemoveZeroCounts</b><br>Test class: storm.starter.tools.RankingsTest<br>Parameters: [[A|1], [ZERO_COUNT|0]], [[A|1]]</td>
<td></td>
<td>0</td>
<td>storm.starter.tools.RankingsTest@1091f09</td></tr>
<tr>
<td title='storm.starter.tools.RankingsTest.shouldRemoveZeroCounts()'><b>shouldRemoveZeroCounts</b><br>Test class: storm.starter.tools.RankingsTest<br>Parameters: [[A|1]], [[A|1]]</td>
<td></td>
<td>0</td>
<td>storm.starter.tools.RankingsTest@1091f09</td></tr>
<tr>
<td title='storm.starter.tools.RankingsTest.shouldRemoveZeroCounts()'><b>shouldRemoveZeroCounts</b><br>Test class: storm.starter.tools.RankingsTest<br>Parameters: [[ZERO_COUNT|0], [A|1]], [[A|1]]</td>
<td></td>
<td>0</td>
<td>storm.starter.tools.RankingsTest@1091f09</td></tr>
<tr>
<td title='storm.starter.tools.RankingsTest.shouldRemoveZeroCounts()'><b>shouldRemoveZeroCounts</b><br>Test class: storm.starter.tools.RankingsTest<br>Parameters: [[ZERO_COUNT|0]], []</td>
<td></td>
<td>0</td>
<td>storm.starter.tools.RankingsTest@1091f09</td></tr>
<tr>
<td title='storm.starter.tools.RankingsTest.shouldRemoveZeroCounts()'><b>shouldRemoveZeroCounts</b><br>Test class: storm.starter.tools.RankingsTest<br>Parameters: [[ZERO_COUNT|0], [ZERO2|0]], []</td>
<td></td>
<td>0</td>
<td>storm.starter.tools.RankingsTest@1091f09</td></tr>
<tr>
<td title='storm.starter.tools.RankingsTest.shouldRemoveZeroCounts()'><b>shouldRemoveZeroCounts</b><br>Test class: storm.starter.tools.RankingsTest<br>Parameters: [[B|2], [ZERO_COUNT|0], [ZERO2|0], [D|4], [ZERO3|0], [ZERO4|0], [C|3]], [[D|4], [C|3], [B|2]]</td>
<td></td>
<td>0</td>
<td>storm.starter.tools.RankingsTest@1091f09</td></tr>
<tr>
<td title='storm.starter.tools.RankingsTest.shouldRemoveZeroCounts()'><b>shouldRemoveZeroCounts</b><br>Test class: storm.starter.tools.RankingsTest<br>Parameters: [[A|1], [ZERO_COUNT|0], [B|2]], [[B|2], [A|1]]</td>
<td></td>
<td>0</td>
<td>storm.starter.tools.RankingsTest@1091f09</td></tr>
<tr>
<td title='storm.starter.tools.NthLastModifiedTimeTrackerTest.shouldReturnCorrectModifiedTimeEvenWhenNotYetMarkedAsModified()'><b>shouldReturnCorrectModifiedTimeEvenWhenNotYetMarkedAsModified</b><br>Test class: storm.starter.tools.NthLastModifiedTimeTrackerTest<br>Parameters: 0</td>
<td></td>
<td>0</td>
<td>storm.starter.tools.NthLastModifiedTimeTrackerTest@1d4c0d2</td></tr>
<tr>
<td title='storm.starter.tools.NthLastModifiedTimeTrackerTest.shouldReturnCorrectModifiedTimeEvenWhenNotYetMarkedAsModified()'><b>shouldReturnCorrectModifiedTimeEvenWhenNotYetMarkedAsModified</b><br>Test class: storm.starter.tools.NthLastModifiedTimeTrackerTest<br>Parameters: 1</td>
<td></td>
<td>0</td>
<td>storm.starter.tools.NthLastModifiedTimeTrackerTest@1d4c0d2</td></tr>
<tr>
<td title='storm.starter.tools.NthLastModifiedTimeTrackerTest.shouldReturnCorrectModifiedTimeEvenWhenNotYetMarkedAsModified()'><b>shouldReturnCorrectModifiedTimeEvenWhenNotYetMarkedAsModified</b><br>Test class: storm.starter.tools.NthLastModifiedTimeTrackerTest<br>Parameters: 2</td>
<td></td>
<td>0</td>
<td>storm.starter.tools.NthLastModifiedTimeTrackerTest@1d4c0d2</td></tr>
<tr>
<td title='storm.starter.tools.NthLastModifiedTimeTrackerTest.shouldReturnCorrectModifiedTimeEvenWhenNotYetMarkedAsModified()'><b>shouldReturnCorrectModifiedTimeEvenWhenNotYetMarkedAsModified</b><br>Test class: storm.starter.tools.NthLastModifiedTimeTrackerTest<br>Parameters: 3</td>
<td></td>
<td>0</td>
<td>storm.starter.tools.NthLastModifiedTimeTrackerTest@1d4c0d2</td></tr>
<tr>
<td title='storm.starter.tools.NthLastModifiedTimeTrackerTest.shouldReturnCorrectModifiedTimeEvenWhenNotYetMarkedAsModified()'><b>shouldReturnCorrectModifiedTimeEvenWhenNotYetMarkedAsModified</b><br>Test class: storm.starter.tools.NthLastModifiedTimeTrackerTest<br>Parameters: 4</td>
<td></td>
<td>0</td>
<td>storm.starter.tools.NthLastModifiedTimeTrackerTest@1d4c0d2</td></tr>
<tr>
<td title='storm.starter.tools.NthLastModifiedTimeTrackerTest.shouldReturnCorrectModifiedTimeEvenWhenNotYetMarkedAsModified()'><b>shouldReturnCorrectModifiedTimeEvenWhenNotYetMarkedAsModified</b><br>Test class: storm.starter.tools.NthLastModifiedTimeTrackerTest<br>Parameters: 5</td>
<td></td>
<td>0</td>
<td>storm.starter.tools.NthLastModifiedTimeTrackerTest@1d4c0d2</td></tr>
<tr>
<td title='storm.starter.tools.NthLastModifiedTimeTrackerTest.shouldReturnCorrectModifiedTimeEvenWhenNotYetMarkedAsModified()'><b>shouldReturnCorrectModifiedTimeEvenWhenNotYetMarkedAsModified</b><br>Test class: storm.starter.tools.NthLastModifiedTimeTrackerTest<br>Parameters: 8</td>
<td></td>
<td>0</td>
<td>storm.starter.tools.NthLastModifiedTimeTrackerTest@1d4c0d2</td></tr>
<tr>
<td title='storm.starter.tools.NthLastModifiedTimeTrackerTest.shouldReturnCorrectModifiedTimeEvenWhenNotYetMarkedAsModified()'><b>shouldReturnCorrectModifiedTimeEvenWhenNotYetMarkedAsModified</b><br>Test class: storm.starter.tools.NthLastModifiedTimeTrackerTest<br>Parameters: 10</td>
<td></td>
<td>0</td>
<td>storm.starter.tools.NthLastModifiedTimeTrackerTest@1d4c0d2</td></tr>
<tr>
<td title='storm.starter.tools.NthLastModifiedTimeTrackerTest.shouldReturnCorrectModifiedTimeWhenMarkedAsModified()'><b>shouldReturnCorrectModifiedTimeWhenMarkedAsModified</b><br>Test class: storm.starter.tools.NthLastModifiedTimeTrackerTest<br>Parameters: 1, [I@99721d, [I@12dea3</td>
<td></td>
<td>0</td>
<td>storm.starter.tools.NthLastModifiedTimeTrackerTest@1d4c0d2</td></tr>
<tr>
<td title='storm.starter.tools.NthLastModifiedTimeTrackerTest.shouldReturnCorrectModifiedTimeWhenMarkedAsModified()'><b>shouldReturnCorrectModifiedTimeWhenMarkedAsModified</b><br>Test class: storm.starter.tools.NthLastModifiedTimeTrackerTest<br>Parameters: 1, [I@d6bd1e, [I@1a1391</td>
<td></td>
<td>0</td>
<td>storm.starter.tools.NthLastModifiedTimeTrackerTest@1d4c0d2</td></tr>
<tr>
<td title='storm.starter.tools.NthLastModifiedTimeTrackerTest.shouldReturnCorrectModifiedTimeWhenMarkedAsModified()'><b>shouldReturnCorrectModifiedTimeWhenMarkedAsModified</b><br>Test class: storm.starter.tools.NthLastModifiedTimeTrackerTest<br>Parameters: 2, [I@1fab88b, [I@169dbd3</td>
<td></td>
<td>0</td>
<td>storm.starter.tools.NthLastModifiedTimeTrackerTest@1d4c0d2</td></tr>
<tr>
<td title='storm.starter.tools.NthLastModifiedTimeTrackerTest.shouldReturnCorrectModifiedTimeWhenMarkedAsModified()'><b>shouldReturnCorrectModifiedTimeWhenMarkedAsModified</b><br>Test class: storm.starter.tools.NthLastModifiedTimeTrackerTest<br>Parameters: 2, [I@df2888, [I@ddfa31</td>
<td></td>
<td>0</td>
<td>storm.starter.tools.NthLastModifiedTimeTrackerTest@1d4c0d2</td></tr>
<tr>
<td title='storm.starter.tools.NthLastModifiedTimeTrackerTest.shouldReturnCorrectModifiedTimeWhenMarkedAsModified()'><b>shouldReturnCorrectModifiedTimeWhenMarkedAsModified</b><br>Test class: storm.starter.tools.NthLastModifiedTimeTrackerTest<br>Parameters: 1, [I@154ab83, [I@1c8389a</td>
<td></td>
<td>0</td>
<td>storm.starter.tools.NthLastModifiedTimeTrackerTest@1d4c0d2</td></tr>
<tr>
<td title='storm.starter.tools.NthLastModifiedTimeTrackerTest.shouldReturnCorrectModifiedTimeWhenMarkedAsModified()'><b>shouldReturnCorrectModifiedTimeWhenMarkedAsModified</b><br>Test class: storm.starter.tools.NthLastModifiedTimeTrackerTest<br>Parameters: 1, [I@1fc3482, [I@db7823</td>
<td></td>
<td>0</td>
<td>storm.starter.tools.NthLastModifiedTimeTrackerTest@1d4c0d2</td></tr>
<tr>
<td title='storm.starter.tools.NthLastModifiedTimeTrackerTest.shouldReturnCorrectModifiedTimeWhenMarkedAsModified()'><b>shouldReturnCorrectModifiedTimeWhenMarkedAsModified</b><br>Test class: storm.starter.tools.NthLastModifiedTimeTrackerTest<br>Parameters: 2, [I@ac727c, [I@1903892</td>
<td></td>
<td>0</td>
<td>storm.starter.tools.NthLastModifiedTimeTrackerTest@1d4c0d2</td></tr>
<tr>
<td title='storm.starter.tools.NthLastModifiedTimeTrackerTest.shouldReturnCorrectModifiedTimeWhenMarkedAsModified()'><b>shouldReturnCorrectModifiedTimeWhenMarkedAsModified</b><br>Test class: storm.starter.tools.NthLastModifiedTimeTrackerTest<br>Parameters: 2, [I@17211a3, [I@1e3f789</td>
<td></td>
<td>0</td>
<td>storm.starter.tools.NthLastModifiedTimeTrackerTest@1d4c0d2</td></tr>
<tr>
<td title='storm.starter.tools.NthLastModifiedTimeTrackerTest.shouldReturnCorrectModifiedTimeWhenMarkedAsModified()'><b>shouldReturnCorrectModifiedTimeWhenMarkedAsModified</b><br>Test class: storm.starter.tools.NthLastModifiedTimeTrackerTest<br>Parameters: 2, [I@190769b, [I@15ac00b</td>
<td></td>
<td>0</td>
<td>storm.starter.tools.NthLastModifiedTimeTrackerTest@1d4c0d2</td></tr>
<tr>
<td title='storm.starter.tools.NthLastModifiedTimeTrackerTest.shouldReturnCorrectModifiedTimeWhenMarkedAsModified()'><b>shouldReturnCorrectModifiedTimeWhenMarkedAsModified</b><br>Test class: storm.starter.tools.NthLastModifiedTimeTrackerTest<br>Parameters: 3, [I@f62f97, [I@ae9e7e</td>
<td></td>
<td>0</td>
<td>storm.starter.tools.NthLastModifiedTimeTrackerTest@1d4c0d2</td></tr>
<tr>
<td title='storm.starter.tools.NthLastModifiedTimeTrackerTest.shouldReturnCorrectModifiedTimeWhenMarkedAsModified()'><b>shouldReturnCorrectModifiedTimeWhenMarkedAsModified</b><br>Test class: storm.starter.tools.NthLastModifiedTimeTrackerTest<br>Parameters: 3, [I@278a8d, [I@1f9449a</td>
<td></td>
<td>0</td>
<td>storm.starter.tools.NthLastModifiedTimeTrackerTest@1d4c0d2</td></tr>
<tr>
<td title='storm.starter.tools.NthLastModifiedTimeTrackerTest.shouldReturnCorrectModifiedTimeWhenMarkedAsModified()'><b>shouldReturnCorrectModifiedTimeWhenMarkedAsModified</b><br>Test class: storm.starter.tools.NthLastModifiedTimeTrackerTest<br>Parameters: 3, [I@6df93, [I@14052e3</td>
<td></td>
<td>0</td>
<td>storm.starter.tools.NthLastModifiedTimeTrackerTest@1d4c0d2</td></tr>
<tr>
<td title='storm.starter.tools.NthLastModifiedTimeTrackerTest.shouldReturnCorrectModifiedTimeWhenMarkedAsModified()'><b>shouldReturnCorrectModifiedTimeWhenMarkedAsModified</b><br>Test class: storm.starter.tools.NthLastModifiedTimeTrackerTest<br>Parameters: 4, [I@1e1d5, [I@19187c7</td>
<td></td>
<td>0</td>
<td>storm.starter.tools.NthLastModifiedTimeTrackerTest@1d4c0d2</td></tr>
<tr>
<td title='storm.starter.tools.NthLastModifiedTimeTrackerTest.shouldReturnCorrectModifiedTimeWhenMarkedAsModified()'><b>shouldReturnCorrectModifiedTimeWhenMarkedAsModified</b><br>Test class: storm.starter.tools.NthLastModifiedTimeTrackerTest<br>Parameters: 4, [I@169385e, [I@f3cc0d</td>
<td></td>
<td>0</td>
<td>storm.starter.tools.NthLastModifiedTimeTrackerTest@1d4c0d2</td></tr>
<tr>
<td title='storm.starter.tools.NthLastModifiedTimeTrackerTest.shouldReturnCorrectModifiedTimeWhenMarkedAsModified()'><b>shouldReturnCorrectModifiedTimeWhenMarkedAsModified</b><br>Test class: storm.starter.tools.NthLastModifiedTimeTrackerTest<br>Parameters: 4, [I@1d96c05, [I@142cd9f</td>
<td></td>
<td>0</td>
<td>storm.starter.tools.NthLastModifiedTimeTrackerTest@1d4c0d2</td></tr>
<tr>
<td title='storm.starter.tools.NthLastModifiedTimeTrackerTest.shouldReturnCorrectModifiedTimeWhenMarkedAsModified()'><b>shouldReturnCorrectModifiedTimeWhenMarkedAsModified</b><br>Test class: storm.starter.tools.NthLastModifiedTimeTrackerTest<br>Parameters: 5, [I@c9a74c, [I@1068fce</td>
<td></td>
<td>0</td>
<td>storm.starter.tools.NthLastModifiedTimeTrackerTest@1d4c0d2</td></tr>
<tr>
<td title='storm.starter.tools.NthLastModifiedTimeTrackerTest.shouldReturnCorrectModifiedTimeWhenMarkedAsModified()'><b>shouldReturnCorrectModifiedTimeWhenMarkedAsModified</b><br>Test class: storm.starter.tools.NthLastModifiedTimeTrackerTest<br>Parameters: 5, [I@1cb5a6e, [I@19e14af</td>
<td></td>
<td>0</td>
<td>storm.starter.tools.NthLastModifiedTimeTrackerTest@1d4c0d2</td></tr>
<tr>
<td title='storm.starter.tools.NthLastModifiedTimeTrackerTest.shouldReturnCorrectModifiedTimeWhenMarkedAsModified()'><b>shouldReturnCorrectModifiedTimeWhenMarkedAsModified</b><br>Test class: storm.starter.tools.NthLastModifiedTimeTrackerTest<br>Parameters: 5, [I@1600595, [I@10e938c</td>
<td></td>
<td>0</td>
<td>storm.starter.tools.NthLastModifiedTimeTrackerTest@1d4c0d2</td></tr>
<tr>
<td title='storm.starter.tools.NthLastModifiedTimeTrackerTest.shouldReturnCorrectModifiedTimeWhenMarkedAsModified()'><b>shouldReturnCorrectModifiedTimeWhenMarkedAsModified</b><br>Test class: storm.starter.tools.NthLastModifiedTimeTrackerTest<br>Parameters: 6, [I@1f90029, [I@799425</td>
<td></td>
<td>0</td>
<td>storm.starter.tools.NthLastModifiedTimeTrackerTest@1d4c0d2</td></tr>
<tr>
<td title='storm.starter.tools.NthLastModifiedTimeTrackerTest.shouldReturnCorrectModifiedTimeWhenMarkedAsModified()'><b>shouldReturnCorrectModifiedTimeWhenMarkedAsModified</b><br>Test class: storm.starter.tools.NthLastModifiedTimeTrackerTest<br>Parameters: 6, [I@1ed13a3, [I@1a4500a</td>
<td></td>
<td>0</td>
<td>storm.starter.tools.NthLastModifiedTimeTrackerTest@1d4c0d2</td></tr>
<tr>
<td title='storm.starter.tools.NthLastModifiedTimeTrackerTest.shouldReturnCorrectModifiedTimeWhenMarkedAsModified()'><b>shouldReturnCorrectModifiedTimeWhenMarkedAsModified</b><br>Test class: storm.starter.tools.NthLastModifiedTimeTrackerTest<br>Parameters: 6, [I@82fff0, [I@711710</td>
<td></td>
<td>0</td>
<td>storm.starter.tools.NthLastModifiedTimeTrackerTest@1d4c0d2</td></tr>
<tr>
<td title='storm.starter.tools.NthLastModifiedTimeTrackerTest.shouldReturnCorrectModifiedTimeWhenMarkedAsModified()'><b>shouldReturnCorrectModifiedTimeWhenMarkedAsModified</b><br>Test class: storm.starter.tools.NthLastModifiedTimeTrackerTest<br>Parameters: 3, [I@a13863, [I@7cf002</td>
<td></td>
<td>0</td>
<td>storm.starter.tools.NthLastModifiedTimeTrackerTest@1d4c0d2</td></tr>
<tr>
<td title='storm.starter.tools.SlotBasedCounterTest.shouldReturnNonEmptyCountsWhenAtLeastOneObjectWasCounted()'><b>shouldReturnNonEmptyCountsWhenAtLeastOneObjectWasCounted</b><br>Test class: storm.starter.tools.SlotBasedCounterTest</td>
<td></td>
<td>0</td>
<td>storm.starter.tools.SlotBasedCounterTest@13da08</td></tr>
<tr>
<td title='storm.starter.tools.RankableObjectWithFieldsTest.shouldReturnTheCount()'><b>shouldReturnTheCount</b><br>Test class: storm.starter.tools.RankableObjectWithFieldsTest</td>
<td></td>
<td>0</td>
<td>storm.starter.tools.RankableObjectWithFieldsTest@ea86e3</td></tr>
<tr>
<td title='storm.starter.tools.RankableObjectWithFieldsTest.shouldReturnTheFields()'><b>shouldReturnTheFields</b><br>Test class: storm.starter.tools.RankableObjectWithFieldsTest<br>Parameters: java.lang.Object@12aa0bf, 271, [Ljava.lang.Object;@711bc2</td>
<td></td>
<td>0</td>
<td>storm.starter.tools.RankableObjectWithFieldsTest@ea86e3</td></tr>
<tr>
<td title='storm.starter.tools.RankableObjectWithFieldsTest.shouldReturnTheFields()'><b>shouldReturnTheFields</b><br>Test class: storm.starter.tools.RankableObjectWithFieldsTest<br>Parameters: quux, 42, [Ljava.lang.Object;@1d59c5b</td>
<td></td>
<td>0</td>
<td>storm.starter.tools.RankableObjectWithFieldsTest@ea86e3</td></tr>
<tr>
<td title='storm.starter.tools.RankableObjectWithFieldsTest.shouldReturnTheObject()'><b>shouldReturnTheObject</b><br>Test class: storm.starter.tools.RankableObjectWithFieldsTest</td>
<td></td>
<td>0</td>
<td>storm.starter.tools.RankableObjectWithFieldsTest@ea86e3</td></tr>
<tr>
<td title='storm.starter.tools.SlotBasedCounterTest.shouldReturnZeroForNonexistentObject()'><b>shouldReturnZeroForNonexistentObject</b><br>Test class: storm.starter.tools.SlotBasedCounterTest</td>
<td></td>
<td>0</td>
<td>storm.starter.tools.SlotBasedCounterTest@13da08</td></tr>
<tr>
<td title='storm.starter.bolt.IntermediateRankingsBoltTest.shouldSetTickTupleFrequencyInComponentConfigurationToNonZeroValue()'><b>shouldSetTickTupleFrequencyInComponentConfigurationToNonZeroValue</b><br>Test class: storm.starter.bolt.IntermediateRankingsBoltTest</td>
<td></td>
<td>0</td>
<td>storm.starter.bolt.IntermediateRankingsBoltTest@14f6d51</td></tr>
<tr>
<td title='storm.starter.bolt.RollingCountBoltTest.shouldSetTickTupleFrequencyInComponentConfigurationToNonZeroValue()'><b>shouldSetTickTupleFrequencyInComponentConfigurationToNonZeroValue</b><br>Test class: storm.starter.bolt.RollingCountBoltTest</td>
<td></td>
<td>0</td>
<td>storm.starter.bolt.RollingCountBoltTest@14a6c40</td></tr>
<tr>
<td title='storm.starter.bolt.TotalRankingsBoltTest.shouldSetTickTupleFrequencyInComponentConfigurationToNonZeroValue()'><b>shouldSetTickTupleFrequencyInComponentConfigurationToNonZeroValue</b><br>Test class: storm.starter.bolt.TotalRankingsBoltTest</td>
<td></td>
<td>0</td>
<td>storm.starter.bolt.TotalRankingsBoltTest@146d5dc</td></tr>
<tr>
<td title='storm.starter.tools.RankingsTest.sizeOfRankingsShouldNotGrowBeyondTopN()'><b>sizeOfRankingsShouldNotGrowBeyondTopN</b><br>Test class: storm.starter.tools.RankingsTest<br>Parameters: 2, [[A|1], [B|2], [C|3]]</td>
<td></td>
<td>0</td>
<td>storm.starter.tools.RankingsTest@1091f09</td></tr>
<tr>
<td title='storm.starter.tools.RankingsTest.sizeOfRankingsShouldNotGrowBeyondTopN()'><b>sizeOfRankingsShouldNotGrowBeyondTopN</b><br>Test class: storm.starter.tools.RankingsTest<br>Parameters: 2, [[A|1], [B|2], [C|3], [D|4]]</td>
<td></td>
<td>0</td>
<td>storm.starter.tools.RankingsTest@1091f09</td></tr>
<tr>
<td title='storm.starter.tools.SlidingWindowCounterTest.testCounterWithSimulatedRuns()'><b>testCounterWithSimulatedRuns</b><br>Test class: storm.starter.tools.SlidingWindowCounterTest<br>Parameters: 2, [I@10c2696, [J@b96751</td>
<td></td>
<td>0</td>
<td>storm.starter.tools.SlidingWindowCounterTest@535e27</td></tr>
<tr>
<td title='storm.starter.tools.SlidingWindowCounterTest.testCounterWithSimulatedRuns()'><b>testCounterWithSimulatedRuns</b><br>Test class: storm.starter.tools.SlidingWindowCounterTest<br>Parameters: 3, [I@2e15fc, [J@1a56c1a</td>
<td></td>
<td>0</td>
<td>storm.starter.tools.SlidingWindowCounterTest@535e27</td></tr>
<tr>
<td title='storm.starter.tools.SlidingWindowCounterTest.testCounterWithSimulatedRuns()'><b>testCounterWithSimulatedRuns</b><br>Test class: storm.starter.tools.SlidingWindowCounterTest<br>Parameters: 4, [I@15c3037, [J@161a60c</td>
<td></td>
<td>0</td>
<td>storm.starter.tools.SlidingWindowCounterTest@535e27</td></tr>
<tr>
<td title='storm.starter.tools.SlidingWindowCounterTest.testCounterWithSimulatedRuns()'><b>testCounterWithSimulatedRuns</b><br>Test class: storm.starter.tools.SlidingWindowCounterTest<br>Parameters: 5, [I@1dc730d, [J@5805d</td>
<td></td>
<td>0</td>
<td>storm.starter.tools.SlidingWindowCounterTest@535e27</td></tr>
<tr>
<td title='storm.starter.tools.SlidingWindowCounterTest.testCounterWithSimulatedRuns()'><b>testCounterWithSimulatedRuns</b><br>Test class: storm.starter.tools.SlidingWindowCounterTest<br>Parameters: 5, [I@12e6e32, [J@1449539</td>
<td></td>
<td>0</td>
<td>storm.starter.tools.SlidingWindowCounterTest@535e27</td></tr>
<tr>
<td title='storm.starter.tools.RankableObjectWithFieldsTest.toStringShouldContainStringRepresentationsOfObjectAndCount()'><b>toStringShouldContainStringRepresentationsOfObjectAndCount</b><br>Test class: storm.starter.tools.RankableObjectWithFieldsTest<br>Parameters: foo, 0</td>
<td></td>
<td>0</td>
<td>storm.starter.tools.RankableObjectWithFieldsTest@ea86e3</td></tr>
<tr>
<td title='storm.starter.tools.RankableObjectWithFieldsTest.toStringShouldContainStringRepresentationsOfObjectAndCount()'><b>toStringShouldContainStringRepresentationsOfObjectAndCount</b><br>Test class: storm.starter.tools.RankableObjectWithFieldsTest<br>Parameters: BAR, 8</td>
<td></td>
<td>0</td>
<td>storm.starter.tools.RankableObjectWithFieldsTest@ea86e3</td></tr>
<tr>
<td title='storm.starter.tools.SlidingWindowCounterTest.twoOrMoreSlotsShouldBeValid()'><b>twoOrMoreSlotsShouldBeValid</b><br>Test class: storm.starter.tools.SlidingWindowCounterTest<br>Parameters: 2</td>
<td></td>
<td>0</td>
<td>storm.starter.tools.SlidingWindowCounterTest@535e27</td></tr>
<tr>
<td title='storm.starter.tools.SlidingWindowCounterTest.twoOrMoreSlotsShouldBeValid()'><b>twoOrMoreSlotsShouldBeValid</b><br>Test class: storm.starter.tools.SlidingWindowCounterTest<br>Parameters: 3</td>
<td></td>
<td>0</td>
<td>storm.starter.tools.SlidingWindowCounterTest@535e27</td></tr>
<tr>
<td title='storm.starter.tools.SlidingWindowCounterTest.twoOrMoreSlotsShouldBeValid()'><b>twoOrMoreSlotsShouldBeValid</b><br>Test class: storm.starter.tools.SlidingWindowCounterTest<br>Parameters: 20</td>
<td></td>
<td>0</td>
<td>storm.starter.tools.SlidingWindowCounterTest@535e27</td></tr>
<tr>
<td title='storm.starter.tools.RankingsTest.updatingWithNewRankablesShouldBeThreadSafe()'><b>updatingWithNewRankablesShouldBeThreadSafe</b><br>Test class: storm.starter.tools.RankingsTest</td>
<td></td>
<td>0</td>
<td>storm.starter.tools.RankingsTest@1091f09</td></tr>
<tr>
<td title='storm.starter.tools.RankableObjectWithFieldsTest.verifyCompareTo()'><b>verifyCompareTo</b><br>Test class: storm.starter.tools.RankableObjectWithFieldsTest<br>Parameters: [foo|1000], [foo|0], 1</td>
<td></td>
<td>0</td>
<td>storm.starter.tools.RankableObjectWithFieldsTest@ea86e3</td></tr>
<tr>
<td title='storm.starter.tools.RankableObjectWithFieldsTest.verifyCompareTo()'><b>verifyCompareTo</b><br>Test class: storm.starter.tools.RankableObjectWithFieldsTest<br>Parameters: [foo|1], [foo|0], 1</td>
<td></td>
<td>0</td>
<td>storm.starter.tools.RankableObjectWithFieldsTest@ea86e3</td></tr>
<tr>
<td title='storm.starter.tools.RankableObjectWithFieldsTest.verifyCompareTo()'><b>verifyCompareTo</b><br>Test class: storm.starter.tools.RankableObjectWithFieldsTest<br>Parameters: [foo|1000], [bar|0], 1</td>
<td></td>
<td>0</td>
<td>storm.starter.tools.RankableObjectWithFieldsTest@ea86e3</td></tr>
<tr>
<td title='storm.starter.tools.RankableObjectWithFieldsTest.verifyCompareTo()'><b>verifyCompareTo</b><br>Test class: storm.starter.tools.RankableObjectWithFieldsTest<br>Parameters: [foo|1], [bar|0], 1</td>
<td></td>
<td>0</td>
<td>storm.starter.tools.RankableObjectWithFieldsTest@ea86e3</td></tr>
<tr>
<td title='storm.starter.tools.RankableObjectWithFieldsTest.verifyCompareTo()'><b>verifyCompareTo</b><br>Test class: storm.starter.tools.RankableObjectWithFieldsTest<br>Parameters: [foo|0], [foo|0], 0</td>
<td></td>
<td>0</td>
<td>storm.starter.tools.RankableObjectWithFieldsTest@ea86e3</td></tr>
<tr>
<td title='storm.starter.tools.RankableObjectWithFieldsTest.verifyCompareTo()'><b>verifyCompareTo</b><br>Test class: storm.starter.tools.RankableObjectWithFieldsTest<br>Parameters: [foo|0], [bar|0], 0</td>
<td></td>
<td>0</td>
<td>storm.starter.tools.RankableObjectWithFieldsTest@ea86e3</td></tr>
<tr>
<td title='storm.starter.tools.RankableObjectWithFieldsTest.verifyCompareTo()'><b>verifyCompareTo</b><br>Test class: storm.starter.tools.RankableObjectWithFieldsTest<br>Parameters: [foo|0], [foo|1000], -1</td>
<td></td>
<td>0</td>
<td>storm.starter.tools.RankableObjectWithFieldsTest@ea86e3</td></tr>
<tr>
<td title='storm.starter.tools.RankableObjectWithFieldsTest.verifyCompareTo()'><b>verifyCompareTo</b><br>Test class: storm.starter.tools.RankableObjectWithFieldsTest<br>Parameters: [foo|0], [foo|1], -1</td>
<td></td>
<td>0</td>
<td>storm.starter.tools.RankableObjectWithFieldsTest@ea86e3</td></tr>
<tr>
<td title='storm.starter.tools.RankableObjectWithFieldsTest.verifyCompareTo()'><b>verifyCompareTo</b><br>Test class: storm.starter.tools.RankableObjectWithFieldsTest<br>Parameters: [foo|0], [bar|1], -1</td>
<td></td>
<td>0</td>
<td>storm.starter.tools.RankableObjectWithFieldsTest@ea86e3</td></tr>
<tr>
<td title='storm.starter.tools.RankableObjectWithFieldsTest.verifyCompareTo()'><b>verifyCompareTo</b><br>Test class: storm.starter.tools.RankableObjectWithFieldsTest<br>Parameters: [foo|0], [bar|1000], -1</td>
<td></td>
<td>0</td>
<td>storm.starter.tools.RankableObjectWithFieldsTest@ea86e3</td></tr>
<tr>
<td title='storm.starter.tools.SlotBasedCounterTest.wipeSlotShouldSetAllCountsInSlotToZero()'><b>wipeSlotShouldSetAllCountsInSlotToZero</b><br>Test class: storm.starter.tools.SlotBasedCounterTest</td>
<td></td>
<td>0</td>
<td>storm.starter.tools.SlotBasedCounterTest@13da08</td></tr>
<tr>
<td title='storm.starter.tools.SlotBasedCounterTest.wipeZerosShouldRemoveAnyObjectsWithZeroTotalCount()'><b>wipeZerosShouldRemoveAnyObjectsWithZeroTotalCount</b><br>Test class: storm.starter.tools.SlotBasedCounterTest</td>
<td></td>
<td>0</td>
<td>storm.starter.tools.SlotBasedCounterTest@13da08</td></tr>
</table><p>
</body>
</html>